#
# A fatal error has been detected by the Java Runtime Environment:
#
#  EXCEPTION_ACCESS_VIOLATION (0xc0000005) at pc=0x00007ffef3a5a113, pid=13424, tid=4284
#
# JRE version: OpenJDK Runtime Environment (22.0+36) (build 22+36-2370)
# Java VM: OpenJDK 64-Bit Server VM (22+36-2370, mixed mode, sharing, tiered, compressed oops, compressed class ptrs, g1 gc, windows-amd64)
# Problematic frame:
# C  [nvcuda64.dll+0x5a113]
#
# No core dump will be written. Minidumps are not enabled by default on client versions of Windows
#
# If you would like to submit a bug report, please visit:
#   https://bugreport.java.com/bugreport/crash.jsp
# The crash happened outside the Java Virtual Machine in native code.
# See problematic frame for where to report the bug.
#

---------------  S U M M A R Y ------------

Command Line: -agentlib:jdwp=transport=dt_socket,address=127.0.0.1:3229,suspend=y,server=n -javaagent:C:\Users\drago\AppData\Local\JetBrains\IdeaIC2024.1\captureAgent\debugger-agent.jar -Dfile.encoding=UTF-8 -Dsun.stdout.encoding=UTF-8 -Dsun.stderr.encoding=UTF-8 benchmark.BenchMarkingTest

Host: AMD Ryzen 7 7800X3D 8-Core Processor           , 16 cores, 31G,  Windows 11 , 64 bit Build 22621 (10.0.22621.3672)
Time: Fri Aug  2 07:51:31 2024 Malay Peninsula Standard Time elapsed time: 22.848440 seconds (0d 0h 0m 22s)

---------------  T H R E A D  ---------------

Current thread (0x000001cff73a6c30):  JavaThread "main"             [_thread_in_native, id=4284, stack(0x0000007e14f00000,0x0000007e15000000) (1024K)]

Stack: [0x0000007e14f00000,0x0000007e15000000],  sp=0x0000007e14ffeec0,  free space=1019k
Native frames: (J=compiled Java code, j=interpreted, Vv=VM code, C=native code)
C  [nvcuda64.dll+0x5a113]  (no source info available)
C  [nvcuda64.dll+0x5a4f4]  (no source info available)
C  [nvcuda64.dll+0x208aab]  (no source info available)
C  [lwjgl.dll+0x618d]  (no source info available)
C  0x000001cf87460a72  (no source info available)

The last pc belongs to native method entry point (kind = native) (printed below).
Java frames: (J=compiled Java code, j=interpreted, Vv=VM code)
j  org.lwjgl.system.JNI.callPPPPI(JIIIIIIIJJJJ)I+0
j  org.lwjgl.cuda.CU.ncuLaunchKernel(JIIIIIIIJJJ)I+43
j  org.lwjgl.cuda.CU.cuLaunchKernel(JIIIIIIIJLorg/lwjgl/PointerBuffer;Lorg/lwjgl/PointerBuffer;)I+25
j  benchmark.CudaLWJGLOptionPricer.price(DJ)Ljava/util/List;+201
j  benchmark.BenchMarkingTest.doOneRound(Ljava/util/List;Z)V+118
j  benchmark.BenchMarkingTest.main([Ljava/lang/String;)V+23
v  ~StubRoutines::call_stub 0x000001cf8745100d

siginfo: EXCEPTION_ACCESS_VIOLATION (0xc0000005), reading address 0x000001cfe29e99a0


Registers:
RAX=0x0000000000000000, RBX=0x000001cfe29e99a0, RCX=0x0000000000000020, RDX=0x000001cfe29e99a0
RSP=0x0000007e14ffeec0, RBP=0x0000000000000001, RSI=0x0000000000000000, RDI=0x0000000000000000
R8 =0x0000007e14ffefe0, R9 =0x0000007e14ffefa0, R10=0x0000000000000000, R11=0x0000007e14ffefe0
R12=0x0000007e14ffefe0, R13=0x0000000000000001, R14=0x000001cfdd7dce78, R15=0x0000007e14ffefa0
RIP=0x00007ffef3a5a113, EFLAGS=0x0000000000010206


Register to memory mapping:

RAX=0x0 is null
RBX=0x000001cfe29e99a0 is an unknown value
RCX=0x0000000000000020 is an unknown value
RDX=0x000001cfe29e99a0 is an unknown value
RSP=0x0000007e14ffeec0 is pointing into the stack for thread: 0x000001cff73a6c30
RBP=0x0000000000000001 is an unknown value
RSI=0x0 is null
RDI=0x0 is null
R8 =0x0000007e14ffefe0 is pointing into the stack for thread: 0x000001cff73a6c30
R9 =0x0000007e14ffefa0 is pointing into the stack for thread: 0x000001cff73a6c30
R10=0x0 is null
R11=0x0000007e14ffefe0 is pointing into the stack for thread: 0x000001cff73a6c30
R12=0x0000007e14ffefe0 is pointing into the stack for thread: 0x000001cff73a6c30
R13=0x0000000000000001 is an unknown value
R14=0x000001cfdd7dce78 points into unknown readable memory: 0x000001cfe2921704 | 04 17 92 e2 cf 01 00 00
R15=0x0000007e14ffefa0 is pointing into the stack for thread: 0x000001cff73a6c30

Top of Stack: (sp=0x0000007e14ffeec0)
0x0000007e14ffeec0:   0000000000000000 00007ffef97a4e24
0x0000007e14ffeed0:   000001cff5006c10 000001cff5006c60
0x0000007e14ffeee0:   000001cff73a6c30 00007ffef97a4716
0x0000007e14ffeef0:   0000ccc3e4e1680b 0000007e14fff0c8
0x0000007e14ffef00:   0000000000000020 0000007e14fff100
0x0000007e14ffef10:   000001cfe29e99a0 0000000000000000
0x0000007e14ffef20:   000001cfdd7dce78 00007ffef97a4e24
0x0000007e14ffef30:   0000000000000001 000001cfe29e99a0
0x0000007e14ffef40:   000001cfe29e99a0 0000000000000000
0x0000007e14ffef50:   0000000000000001 00007ffef3a5a4f4
0x0000007e14ffef60:   0000000000000001 000001cfddaff3c0
0x0000007e14ffef70:   000001cff73a6c30 0000000000000000
0x0000007e14ffef80:   000001cf00000003 000001cfdd7dce78
0x0000007e14ffef90:   0000000000000000 00000000000000d8
0x0000007e14ffefa0:   0000000100000001 0000010000000001
0x0000007e14ffefb0:   0000000100000001 0000000000000000
0x0000007e14ffefc0:   0000000000000000 0000000000000000
0x0000007e14ffefd0:   0000000000000000 000001cfdd1e3c70
0x0000007e14ffefe0:   0000000000000000 0000000000000000
0x0000007e14ffeff0:   0000000000000000 0000000000000000
0x0000007e14fff000:   0000000000000000 0000000000000000
0x0000007e14fff010:   0000000000000000 0000000000000000
0x0000007e14fff020:   0000000000000000 0000000000000000
0x0000007e14fff030:   0000000000000000 0000000000000000
0x0000007e14fff040:   0000000000000000 0000000000000000
0x0000007e14fff050:   0000000000000000 0000000000000000
0x0000007e14fff060:   0000000000000000 0000000000000000
0x0000007e14fff070:   0000000000000000 0000000000000000
0x0000007e14fff080:   0000000000000000 0000000000000000
0x0000007e14fff090:   0000000000000000 0000000000000000
0x0000007e14fff0a0:   0000000000000000 0000000000000000
0x0000007e14fff0b0:   0000000000000000 0000000000000000 

Instructions: (pc=0x00007ffef3a5a113)
0x00007ffef3a5a013:   54 49 8b d6 8b 84 24 c8 02 00 00 b1 01 89 44 24
0x00007ffef3a5a023:   58 8b 84 24 d0 02 00 00 89 44 24 5c 8b 84 24 d8
0x00007ffef3a5a033:   02 00 00 89 44 24 60 8b 84 24 e0 02 00 00 89 44
0x00007ffef3a5a043:   24 64 8b 84 24 e8 02 00 00 89 44 24 68 48 8d 44
0x00007ffef3a5a053:   24 50 48 89 74 24 38 48 89 6c 24 30 48 89 44 24
0x00007ffef3a5a063:   28 48 8d 84 24 90 00 00 00 48 89 44 24 20 f3 0f
0x00007ffef3a5a073:   7f 44 24 6c 89 5c 24 50 e8 f0 f7 ff ff 48 8b 8c
0x00007ffef3a5a083:   24 50 02 00 00 48 33 cc e8 10 e6 50 00 48 81 c4
0x00007ffef3a5a093:   60 02 00 00 41 5f 41 5e 41 5c 5f 5e 5d 5b c3 cc
0x00007ffef3a5a0a3:   cc cc cc cc cc cc cc cc cc cc cc cc cc 48 8b c4
0x00007ffef3a5a0b3:   53 57 41 54 41 55 41 57 48 83 ec 70 33 ff 48 89
0x00007ffef3a5a0c3:   50 b8 48 89 78 10 4d 8b f9 48 89 78 20 4d 8b e0
0x00007ffef3a5a0d3:   48 89 78 c0 48 8b da 44 0f b6 e9 4d 85 c9 0f 84
0x00007ffef3a5a0e3:   22 02 00 00 4d 85 c0 0f 84 19 02 00 00 48 8d 48
0x00007ffef3a5a0f3:   10 e8 a7 81 15 00 85 c0 0f 85 39 01 00 00 48 89
0x00007ffef3a5a103:   ac 24 a0 00 00 00 4c 89 74 24 60 48 85 db 74 16
0x00007ffef3a5a113:   8b 2b 8b cd 4c 8b b4 24 a8 00 00 00 83 e9 01 74
0x00007ffef3a5a123:   0f 83 f9 01 74 7c b8 90 01 00 00 e9 fa 00 00 00
0x00007ffef3a5a133:   49 83 fe ff 74 10 41 38 7e 24 74 0a b8 20 03 00
0x00007ffef3a5a143:   00 e9 e4 00 00 00 8b 05 61 60 91 00 3d 00 ba 1c
0x00007ffef3a5a153:   32 75 0a b8 04 00 00 00 e9 cd 00 00 00 3d 23 c1
0x00007ffef3a5a163:   ab 00 74 0a b8 03 00 00 00 e9 bc 00 00 00 48 8b
0x00007ffef3a5a173:   7b 20 48 85 ff 74 af 48 8b 7f 18 48 85 ff 74 a6
0x00007ffef3a5a183:   33 d2 48 8b cf e8 a3 78 10 00 85 c0 0f 85 98 00
0x00007ffef3a5a193:   00 00 48 8b cb e8 e3 a3 13 00 85 c0 0f 85 88 00
0x00007ffef3a5a1a3:   00 00 44 8b 84 24 c0 00 00 00 48 8d 84 24 b8 00
0x00007ffef3a5a1b3:   00 00 49 8b 57 20 4c 8d 4c 24 58 c7 44 24 28 01
0x00007ffef3a5a1c3:   00 00 00 49 8b ce 48 89 44 24 20 e8 7d 58 14 00
0x00007ffef3a5a1d3:   85 c0 75 56 48 89 74 24 68 48 8b b4 24 b8 00 00
0x00007ffef3a5a1e3:   00 83 ed 01 0f 84 b7 00 00 00 83 fd 01 0f 85 c4
0x00007ffef3a5a1f3:   00 00 00 39 2e 75 09 4c 8b 86 b8 00 00 00 eb 03
0x00007ffef3a5a203:   4c 8b c6 48 8b d3 48 8d 4c 24 50 e8 1d 90 11 00 


Stack slot to memory mapping:

stack at sp + 0 slots: 0x0 is null
stack at sp + 1 slots: 0x00007ffef97a4e24 jvm.dll
stack at sp + 2 slots: 0x000001cff5006c10 points into unknown readable memory: 0x000001cff73a6c30 | 30 6c 3a f7 cf 01 00 00
stack at sp + 3 slots: 0x000001cff5006c60 points into unknown readable memory: 0x8000001300000001 | 01 00 00 00 13 00 00 80
stack at sp + 4 slots: 0x000001cff73a6c30 is a thread
stack at sp + 5 slots: 0x00007ffef97a4716 jvm.dll
stack at sp + 6 slots: 0x0000ccc3e4e1680b is an unknown value
stack at sp + 7 slots: 0x0000007e14fff0c8 is pointing into the stack for thread: 0x000001cff73a6c30

native method entry point (kind = native)  [0x000001cf874602c0, 0x000001cf874615f8]  4920 bytes
[MachCode]
  0x000001cf874602c0: 488b 4b08 | 0fb7 492e | 584c 8d74 | ccf8 6800 | 0000 0068 | 0000 0000 | 5055 488b | ec41 5568 
  0x000001cf874602e0: 0000 0000 | 4c8b 6b08 | 4d8d 6d38 | 5348 8b53 | 0848 8b52 | 0848 8b52 | 1848 8b52 | 7048 8b12 
  0x000001cf87460300: 5248 8b53 | 1048 85d2 | 0f84 0700 | 0000 4881 | c210 0100 | 0052 488b | 5308 488b | 5208 488b 
  0x000001cf87460320: 5210 5249 | 8bc6 482b | c548 c1e8 | 0350 6800 | 0000 0068 | f7ff ffff | 41c6 8781 | 0400 0001 
  0x000001cf87460340: 488b 4310 | 4885 c074 | 208b 88cc | 0000 0083 | c102 8988 | cc00 0000 | 2388 e000 | 0000 0f84 
  0x000001cf87460360: 2a11 0000 | e986 0100 | 0048 8b43 | 1848 85c0 | 0f85 6701 | 0000 e805 | 0000 00e9 | 5001 0000 
  0x000001cf87460380: 488b d348 | 8d44 2408 | 4c89 6dc0 | 498b cfc5 | f877 4989 | afb0 0300 | 0049 8987 | a003 0000 
  0x000001cf874603a0: 4883 ec20 | 40f6 c40f | 0f84 1900 | 0000 4883 | ec08 48b8 | f0a2 5df9 | fe7f 0000 | ffd0 4883 
  0x000001cf874603c0: c408 e90c | 0000 0048 | b8f0 a25d | f9fe 7f00 | 00ff d048 | 83c4 2049 | c787 a003 | 0000 0000 
  0x000001cf874603e0: 0000 49c7 | 87b0 0300 | 0000 0000 | 0049 c787 | a803 0000 | 0000 0000 | c5f8 7741 | 8b8f 3405 
  0x000001cf87460400: 0000 f6c1 | 010f 8442 | 0000 00f6 | c102 0f85 | 3900 0000 | 4883 ec20 | 40f6 c40f | 0f84 1900 
  0x000001cf87460420: 0000 4883 | ec08 48b8 | b077 5df9 | fe7f 0000 | ffd0 4883 | c408 e90c | 0000 0048 | b8b0 775d 
  0x000001cf87460440: f9fe 7f00 | 00ff d048 | 83c4 20ff | e049 8b8f | e005 0000 | 4885 c90f | 8455 0000 | 008b 899c 
  0x000001cf87460460: 0000 0083 | f901 0f85 | 4600 0000 | 498b 8fe0 | 0500 008b | 89a0 0000 | 0048 83ec | 2040 f6c4 
  0x000001cf87460480: 0f0f 8419 | 0000 0048 | 83ec 0848 | b8a0 775d | f9fe 7f00 | 00ff d048 | 83c4 08e9 | 0c00 0000 
  0x000001cf874604a0: 48b8 a077 | 5df9 fe7f | 0000 ffd0 | 4883 c420 | ffe0 4983 | 7f08 000f | 8405 0000 | 00e9 3e0a 
  0x000001cf874604c0: ffff 4c8b | 6dc0 4c8b | 75c8 4e8d | 74f5 00c3 | 488b 4318 | 4885 c00f | 8412 0000 | 008b 4808 
  0x000001cf874604e0: 83c1 0289 | 4808 2348 | 1c0f 849f | 0f00 0049 | 3ba7 f004 | 0000 0f87 | 4800 0000 | 8984 2400 
  0x000001cf87460500: f0ff ff89 | 8424 00e0 | ffff 8984 | 2400 d0ff | ff89 8424 | 00c0 ffff | 8984 2400 | b0ff ff89 
  0x000001cf87460520: 8424 00a0 | ffff 8984 | 2400 90ff | ff89 8424 | 0080 ffff | 493b a7e8 | 0400 0076 | 0749 89a7 
  0x000001cf87460540: f004 0000 | 41c6 8781 | 0400 0000 | 418b 97e8 | 0500 0085 | d20f 8457 | 0100 00e8 | 0500 0000 
  0x000001cf87460560: e94d 0100 | 0048 8d44 | 2408 4c89 | 6dc0 498b | cfc5 f877 | 4989 afb0 | 0300 0049 | 8987 a003 
  0x000001cf87460580: 0000 4883 | ec20 40f6 | c40f 0f84 | 1900 0000 | 4883 ec08 | 48b8 00c8 | 5df9 fe7f | 0000 ffd0 
  0x000001cf874605a0: 4883 c408 | e90c 0000 | 0048 b800 | c85d f9fe | 7f00 00ff | d048 83c4 | 2049 c787 | a003 0000 
  0x000001cf874605c0: 0000 0000 | 49c7 87b0 | 0300 0000 | 0000 0049 | c787 a803 | 0000 0000 | 0000 c5f8 | 7741 8b8f 
  0x000001cf874605e0: 3405 0000 | f6c1 010f | 8442 0000 | 00f6 c102 | 0f85 3900 | 0000 4883 | ec20 40f6 | c40f 0f84 
  0x000001cf87460600: 1900 0000 | 4883 ec08 | 48b8 b077 | 5df9 fe7f | 0000 ffd0 | 4883 c408 | e90c 0000 | 0048 b8b0 
  0x000001cf87460620: 775d f9fe | 7f00 00ff | d048 83c4 | 20ff e049 | 8b8f e005 | 0000 4885 | c90f 8455 | 0000 008b 
  0x000001cf87460640: 899c 0000 | 0083 f901 | 0f85 4600 | 0000 498b | 8fe0 0500 | 008b 89a0 | 0000 0048 | 83ec 2040 
  0x000001cf87460660: f6c4 0f0f | 8419 0000 | 0048 83ec | 0848 b8a0 | 775d f9fe | 7f00 00ff | d048 83c4 | 08e9 0c00 
  0x000001cf87460680: 0000 48b8 | a077 5df9 | fe7f 0000 | ffd0 4883 | c420 ffe0 | 4983 7f08 | 000f 8405 | 0000 00e9 
  0x000001cf874606a0: 5c08 ffff | 4c8b 6dc0 | 4c8b 75c8 | 4e8d 74f5 | 00c3 49ba | ac40 e4f9 | fe7f 0000 | 4180 3a00 
  0x000001cf874606c0: 0f84 3e00 | 0000 488b | 55e8 498b | cf48 83ec | 2040 f6c4 | 0f0f 8419 | 0000 0048 | 83ec 0848 
  0x000001cf874606e0: b800 b694 | f9fe 7f00 | 00ff d048 | 83c4 08e9 | 0c00 0000 | 48b8 00b6 | 94f9 fe7f | 0000 ffd0 
  0x000001cf87460700: 4883 c420 | 488b 5de8 | 4c8b 5b08 | 450f b75b | 2e41 c1e3 | 0349 2be3 | 4883 ec20 | 4883 e4f0 
  0x000001cf87460720: 4c8b 5b60 | 4d85 db0f | 8562 0100 | 00e8 0500 | 0000 e950 | 0100 0048 | 8bd3 488d | 4424 084c 
  0x000001cf87460740: 896d c049 | 8bcf c5f8 | 7749 89af | b003 0000 | 4989 87a0 | 0300 0048 | 83ec 2040 | f6c4 0f0f 
  0x000001cf87460760: 8419 0000 | 0048 83ec | 0848 b810 | ca5d f9fe | 7f00 00ff | d048 83c4 | 08e9 0c00 | 0000 48b8 
  0x000001cf87460780: 10ca 5df9 | fe7f 0000 | ffd0 4883 | c420 49c7 | 87a0 0300 | 0000 0000 | 0049 c787 | b003 0000 
  0x000001cf874607a0: 0000 0000 | 49c7 87a8 | 0300 0000 | 0000 00c5 | f877 418b | 8f34 0500 | 00f6 c101 | 0f84 4200 
  0x000001cf874607c0: 0000 f6c1 | 020f 8539 | 0000 0048 | 83ec 2040 | f6c4 0f0f | 8419 0000 | 0048 83ec | 0848 b8b0 
  0x000001cf874607e0: 775d f9fe | 7f00 00ff | d048 83c4 | 08e9 0c00 | 0000 48b8 | b077 5df9 | fe7f 0000 | ffd0 4883 
  0x000001cf87460800: c420 ffe0 | 498b 8fe0 | 0500 0048 | 85c9 0f84 | 5500 0000 | 8b89 9c00 | 0000 83f9 | 010f 8546 
  0x000001cf87460820: 0000 0049 | 8b8f e005 | 0000 8b89 | a000 0000 | 4883 ec20 | 40f6 c40f | 0f84 1900 | 0000 4883 
  0x000001cf87460840: ec08 48b8 | a077 5df9 | fe7f 0000 | ffd0 4883 | c408 e90c | 0000 0048 | b8a0 775d | f9fe 7f00 
  0x000001cf87460860: 00ff d048 | 83c4 20ff | e049 837f | 0800 0f84 | 0500 0000 | e987 06ff | ff4c 8b6d | c04c 8b75 
  0x000001cf87460880: c84e 8d74 | f500 c348 | 8b5d e84c | 8b5b 6041 | ffd3 488b | 5de8 4889 | 4518 448b | 5b28 41f6 
  0x000001cf874608a0: c308 0f84 | 1b00 0000 | 4c8b 5b08 | 4d8b 5b08 | 4d8b 5b18 | 4d8b 5b70 | 4d8b 1b4c | 895d 1048 
  0x000001cf874608c0: 8d55 1048 | 8b43 5849 | ba00 0d95 | f9fe 7f00 | 0049 3bc2 | 0f85 6201 | 0000 e805 | 0000 00e9 
  0x000001cf874608e0: 5001 0000 | 488b d348 | 8d44 2408 | 4c89 6dc0 | 498b cfc5 | f877 4989 | afb0 0300 | 0049 8987 
  0x000001cf87460900: a003 0000 | 4883 ec20 | 40f6 c40f | 0f84 1900 | 0000 4883 | ec08 48b8 | 10ca 5df9 | fe7f 0000 
  0x000001cf87460920: ffd0 4883 | c408 e90c | 0000 0048 | b810 ca5d | f9fe 7f00 | 00ff d048 | 83c4 2049 | c787 a003 
  0x000001cf87460940: 0000 0000 | 0000 49c7 | 87b0 0300 | 0000 0000 | 0049 c787 | a803 0000 | 0000 0000 | c5f8 7741 
  0x000001cf87460960: 8b8f 3405 | 0000 f6c1 | 010f 8442 | 0000 00f6 | c102 0f85 | 3900 0000 | 4883 ec20 | 40f6 c40f 
  0x000001cf87460980: 0f84 1900 | 0000 4883 | ec08 48b8 | b077 5df9 | fe7f 0000 | ffd0 4883 | c408 e90c | 0000 0048 
  0x000001cf874609a0: b8b0 775d | f9fe 7f00 | 00ff d048 | 83c4 20ff | e049 8b8f | e005 0000 | 4885 c90f | 8455 0000 
  0x000001cf874609c0: 008b 899c | 0000 0083 | f901 0f85 | 4600 0000 | 498b 8fe0 | 0500 008b | 89a0 0000 | 0048 83ec 
  0x000001cf874609e0: 2040 f6c4 | 0f0f 8419 | 0000 0048 | 83ec 0848 | b8a0 775d | f9fe 7f00 | 00ff d048 | 83c4 08e9 
  0x000001cf87460a00: 0c00 0000 | 48b8 a077 | 5df9 fe7f | 0000 ffd0 | 4883 c420 | ffe0 4983 | 7f08 000f | 8405 0000 
  0x000001cf87460a20: 00e9 da04 | ffff 4c8b | 6dc0 4c8b | 75c8 4e8d | 74f5 00c3 | 488b 5de8 | 488b 4358 | 498d 8fc0 
  0x000001cf87460a40: 0300 00c5 | f877 4989 | afb0 0300 | 0049 ba43 | 0a46 87cf | 0100 004d | 8997 a803 | 0000 4989 
  0x000001cf87460a60: a7a0 0300 | 0041 c787 | 5404 0000 | 0400 0000 | ffd0 c5f8 | 7748 83ec | 10c5 fb11 | 0424 4883 
  0x000001cf87460a80: ec10 4889 | 0424 48c7 | 4424 0800 | 0000 0041 | c787 5404 | 0000 0500 | 0000 f083 | 4424 c000 
  0x000001cf87460aa0: 493b af58 | 0400 000f | 870e 0000 | 0041 83bf | 5004 0000 | 000f 8420 | 0000 0049 | 8bcf 4c8b 
  0x000001cf87460ac0: e448 83ec | 2048 83e4 | f048 b8c0 | 1f5f f9fe | 7f00 00ff | d049 8be4 | 4d33 e441 | c787 5404 
  0x000001cf87460ae0: 0000 0800 | 0000 49c7 | 87a0 0300 | 0000 0000 | 0049 c787 | b003 0000 | 0000 0000 | 49c7 87a8 
  0x000001cf87460b00: 0300 0000 | 0000 00c5 | f877 4d8b | 9f30 0400 | 0041 c783 | 0001 0000 | 0000 0000 | 49bb 5ac8 
  0x000001cf87460b20: 4587 cf01 | 0000 4c3b | 5d18 0f85 | 2403 0000 | 488b 0424 | 4883 c410 | 4885 c00f | 84fe 0200 
  0x000001cf87460b40: 00a8 030f | 8508 0000 | 0048 8b00 | e9ee 0200 | 00a8 010f | 8509 0000 | 0048 8b40 | fee9 dd02 
  0x000001cf87460b60: 0000 488b | 40ff 4180 | 7f38 000f | 84ce 0200 | 0048 83f8 | 000f 84c4 | 0200 004d | 8b5f 2849 
  0x000001cf87460b80: 83fb 000f | 8414 0000 | 0049 83eb | 084d 895f | 284d 035f | 3049 8903 | e9a2 0200 | 0048 81ec 
  0x000001cf87460ba0: 5001 0000 | 4889 0424 | 4889 4c24 | 0848 8954 | 2410 4889 | 7424 1848 | 897c 2420 | 4c89 4424 
  0x000001cf87460bc0: 284c 894c | 2430 4c89 | 5424 384c | 895c 2440 | c5fb 1144 | 2450 c5fb | 114c 2458 | c5fb 1154 
  0x000001cf87460be0: 2460 c5fb | 115c 2468 | c5fb 1164 | 2470 c5fb | 116c 2478 | c5fb 11b4 | 2480 0000 | 00c5 fb11 
  0x000001cf87460c00: bc24 8800 | 0000 c57b | 1184 2490 | 0000 00c5 | 7b11 8c24 | 9800 0000 | c57b 1194 | 24a0 0000 
  0x000001cf87460c20: 00c5 7b11 | 9c24 a800 | 0000 c57b | 11a4 24b0 | 0000 00c5 | 7b11 ac24 | b800 0000 | c57b 11b4 
  0x000001cf87460c40: 24c0 0000 | 00c5 7b11 | bc24 c800 | 0000 62e1 | ff08 1144 | 241a 62e1 | ff08 114c | 241b 62e1 
  0x000001cf87460c60: ff08 1154 | 241c 62e1 | ff08 115c | 241d 62e1 | ff08 1164 | 241e 62e1 | ff08 116c | 241f 62e1 
  0x000001cf87460c80: ff08 1174 | 2420 62e1 | ff08 117c | 2421 6261 | ff08 1144 | 2422 6261 | ff08 114c | 2423 6261 
  0x000001cf87460ca0: ff08 1154 | 2424 6261 | ff08 115c | 2425 6261 | ff08 1164 | 2426 6261 | ff08 116c | 2427 6261 
  0x000001cf87460cc0: ff08 1174 | 2428 6261 | ff08 117c | 2429 498b | d748 8bc8 | 4883 ec20 | 40f6 c40f | 0f84 1900 
  0x000001cf87460ce0: 0000 4883 | ec08 48b8 | 303e 52f9 | fe7f 0000 | ffd0 4883 | c408 e90c | 0000 0048 | b830 3e52 
  0x000001cf87460d00: f9fe 7f00 | 00ff d048 | 83c4 2062 | 61ff 0810 | 7c24 2962 | 61ff 0810 | 7424 2862 | 61ff 0810 
  0x000001cf87460d20: 6c24 2762 | 61ff 0810 | 6424 2662 | 61ff 0810 | 5c24 2562 | 61ff 0810 | 5424 2462 | 61ff 0810 
  0x000001cf87460d40: 4c24 2362 | 61ff 0810 | 4424 2262 | e1ff 0810 | 7c24 2162 | e1ff 0810 | 7424 2062 | e1ff 0810 
  0x000001cf87460d60: 6c24 1f62 | e1ff 0810 | 6424 1e62 | e1ff 0810 | 5c24 1d62 | e1ff 0810 | 5424 1c62 | e1ff 0810 
  0x000001cf87460d80: 4c24 1b62 | e1ff 0810 | 4424 1ac5 | 7b10 bc24 | c800 0000 | c57b 10b4 | 24c0 0000 | 00c5 7b10 
  0x000001cf87460da0: ac24 b800 | 0000 c57b | 10a4 24b0 | 0000 00c5 | 7b10 9c24 | a800 0000 | c57b 1094 | 24a0 0000 
  0x000001cf87460dc0: 00c5 7b10 | 8c24 9800 | 0000 c57b | 1084 2490 | 0000 00c5 | fb10 bc24 | 8800 0000 | c5fb 10b4 
  0x000001cf87460de0: 2480 0000 | 00c5 fb10 | 6c24 78c5 | fb10 6424 | 70c5 fb10 | 5c24 68c5 | fb10 5424 | 60c5 fb10 
  0x000001cf87460e00: 4c24 58c5 | fb10 4424 | 504c 8b5c | 2440 4c8b | 5424 384c | 8b4c 2430 | 4c8b 4424 | 2848 8b7c 
  0x000001cf87460e20: 2420 488b | 7424 1848 | 8b54 2410 | 488b 4c24 | 0848 8b04 | 2448 81c4 | 5001 0000 | c5f8 7748 
  0x000001cf87460e40: 8945 1048 | 83ec 1048 | 8904 2448 | c744 2408 | 0000 0000 | 4183 bfd0 | 0400 0002 | 0f85 bf00 
  0x000001cf87460e60: 0000 4881 | ec80 0000 | 0048 8944 | 2478 4889 | 4c24 7048 | 8954 2468 | 4889 5c24 | 6048 896c 
  0x000001cf87460e80: 2450 4889 | 7424 4848 | 897c 2440 | 4c89 4424 | 384c 894c | 2430 4c89 | 5424 284c | 895c 2420 
  0x000001cf87460ea0: 4c89 6424 | 184c 896c | 2410 4c89 | 7424 084c | 893c 244c | 8be4 4883 | ec20 4883 | e4f0 48b8 
  0x000001cf87460ec0: 50ee 94f9 | fe7f 0000 | ffd0 498b | e44c 8b3c | 244c 8b74 | 2408 4c8b | 6c24 104c | 8b64 2418 
  0x000001cf87460ee0: 4c8b 5c24 | 204c 8b54 | 2428 4c8b | 4c24 304c | 8b44 2438 | 488b 7c24 | 4048 8b74 | 2448 488b 
  0x000001cf87460f00: 6c24 5048 | 8b5c 2460 | 488b 5424 | 6848 8b4c | 2470 488b | 4424 7848 | 81c4 8000 | 0000 4d33 
  0x000001cf87460f20: e448 8b5d | e84c 8b6b | 084d 8d6d | 3849 837f | 0800 0f84 | 7201 0000 | e805 0000 | 00e9 4d01 
  0x000001cf87460f40: 0000 488d | 4424 084c | 896d c049 | 8bcf c5f8 | 7749 89af | b003 0000 | 4989 87a0 | 0300 0048 
  0x000001cf87460f60: 83ec 2040 | f6c4 0f0f | 8419 0000 | 0048 83ec | 0848 b850 | e85d f9fe | 7f00 00ff | d048 83c4 
  0x000001cf87460f80: 08e9 0c00 | 0000 48b8 | 50e8 5df9 | fe7f 0000 | ffd0 4883 | c420 49c7 | 87a0 0300 | 0000 0000 
  0x000001cf87460fa0: 0049 c787 | b003 0000 | 0000 0000 | 49c7 87a8 | 0300 0000 | 0000 00c5 | f877 418b | 8f34 0500 
  0x000001cf87460fc0: 00f6 c101 | 0f84 4200 | 0000 f6c1 | 020f 8539 | 0000 0048 | 83ec 2040 | f6c4 0f0f | 8419 0000 
  0x000001cf87460fe0: 0048 83ec | 0848 b8b0 | 775d f9fe | 7f00 00ff | d048 83c4 | 08e9 0c00 | 0000 48b8 | b077 5df9 
  0x000001cf87461000: fe7f 0000 | ffd0 4883 | c420 ffe0 | 498b 8fe0 | 0500 0048 | 85c9 0f84 | 5500 0000 | 8b89 9c00 
  0x000001cf87461020: 0000 83f9 | 010f 8546 | 0000 0049 | 8b8f e005 | 0000 8b89 | a000 0000 | 4883 ec20 | 40f6 c40f 
  0x000001cf87461040: 0f84 1900 | 0000 4883 | ec08 48b8 | a077 5df9 | fe7f 0000 | ffd0 4883 | c408 e90c | 0000 0048 
  0x000001cf87461060: b8a0 775d | f9fe 7f00 | 00ff d048 | 83c4 20ff | e049 837f | 0800 0f84 | 0500 0000 | e97f fefe 
  0x000001cf87461080: ff4c 8b6d | c04c 8b75 | c84e 8d74 | f500 c348 | b9d0 28bc | f9fe 7f00 | 0048 83e4 | f048 b890 
  0x000001cf874610a0: 9583 f9fe | 7f00 00ff | d0f4 448b | 5b28 41f6 | c320 0f84 | fb01 0000 | 488d 55a8 | 4c8b 5a08 
  0x000001cf874610c0: 4d85 db0f | 8572 0100 | 00e8 0500 | 0000 e94d | 0100 0048 | 8d44 2408 | 4c89 6dc0 | 498b cfc5 
  0x000001cf874610e0: f877 4989 | afb0 0300 | 0049 8987 | a003 0000 | 4883 ec20 | 40f6 c40f | 0f84 1900 | 0000 4883 
  0x000001cf87461100: ec08 48b8 | 80e7 5df9 | fe7f 0000 | ffd0 4883 | c408 e90c | 0000 0048 | b880 e75d | f9fe 7f00 
  0x000001cf87461120: 00ff d048 | 83c4 2049 | c787 a003 | 0000 0000 | 0000 49c7 | 87b0 0300 | 0000 0000 | 0049 c787 
  0x000001cf87461140: a803 0000 | 0000 0000 | c5f8 7741 | 8b8f 3405 | 0000 f6c1 | 010f 8442 | 0000 00f6 | c102 0f85 
  0x000001cf87461160: 3900 0000 | 4883 ec20 | 40f6 c40f | 0f84 1900 | 0000 4883 | ec08 48b8 | b077 5df9 | fe7f 0000 
  0x000001cf87461180: ffd0 4883 | c408 e90c | 0000 0048 | b8b0 775d | f9fe 7f00 | 00ff d048 | 83c4 20ff | e049 8b8f 
  0x000001cf874611a0: e005 0000 | 4885 c90f | 8455 0000 | 008b 899c | 0000 0083 | f901 0f85 | 4600 0000 | 498b 8fe0 
  0x000001cf874611c0: 0500 008b | 89a0 0000 | 0048 83ec | 2040 f6c4 | 0f0f 8419 | 0000 0048 | 83ec 0848 | b8a0 775d 
  0x000001cf874611e0: f9fe 7f00 | 00ff d048 | 83c4 08e9 | 0c00 0000 | 48b8 a077 | 5df9 fe7f | 0000 ffd0 | 4883 c420 
  0x000001cf87461200: ffe0 4983 | 7f08 000f | 8405 0000 | 00e9 eefc | feff 4c8b | 6dc0 4c8b | 75c8 4e8d | 74f5 00c3 
  0x000001cf87461220: 48b9 d028 | bcf9 fe7f | 0000 4883 | e4f0 48b8 | 9095 83f9 | fe7f 0000 | ffd0 f44c | 896d c048 
  0x000001cf87461240: 8d02 4c8b | 4a08 48c7 | 4208 0000 | 0000 4c8b | 004d 85c0 | 0f84 0b00 | 0000 f04d | 0fb1 010f 
  0x000001cf87461260: 850c 0000 | 0049 ff8f | 5805 0000 | e93e 0000 | 004c 894a | 0848 8bca | 4883 ec20 | 40f6 c40f 
  0x000001cf87461280: 0f84 1900 | 0000 4883 | ec08 48b8 | 10ba 5df9 | fe7f 0000 | ffd0 4883 | c408 e90c | 0000 0048 
  0x000001cf874612a0: b810 ba5d | f9fe 7f00 | 00ff d048 | 83c4 204c | 8b6d c041 | 8b97 e805 | 0000 85d2 | 0f84 5701 
  0x000001cf874612c0: 0000 e805 | 0000 00e9 | 4d01 0000 | 488d 4424 | 084c 896d | c049 8bcf | c5f8 7749 | 89af b003 
  0x000001cf874612e0: 0000 4989 | 87a0 0300 | 0048 83ec | 2040 f6c4 | 0f0f 8419 | 0000 0048 | 83ec 0848 | b840 c95d 
  0x000001cf87461300: f9fe 7f00 | 00ff d048 | 83c4 08e9 | 0c00 0000 | 48b8 40c9 | 5df9 fe7f | 0000 ffd0 | 4883 c420 
  0x000001cf87461320: 49c7 87a0 | 0300 0000 | 0000 0049 | c787 b003 | 0000 0000 | 0000 49c7 | 87a8 0300 | 0000 0000 
  0x000001cf87461340: 00c5 f877 | 418b 8f34 | 0500 00f6 | c101 0f84 | 4200 0000 | f6c1 020f | 8539 0000 | 0048 83ec 
  0x000001cf87461360: 2040 f6c4 | 0f0f 8419 | 0000 0048 | 83ec 0848 | b8b0 775d | f9fe 7f00 | 00ff d048 | 83c4 08e9 
  0x000001cf87461380: 0c00 0000 | 48b8 b077 | 5df9 fe7f | 0000 ffd0 | 4883 c420 | ffe0 498b | 8fe0 0500 | 0048 85c9 
  0x000001cf874613a0: 0f84 5500 | 0000 8b89 | 9c00 0000 | 83f9 010f | 8546 0000 | 0049 8b8f | e005 0000 | 8b89 a000 
  0x000001cf874613c0: 0000 4883 | ec20 40f6 | c40f 0f84 | 1900 0000 | 4883 ec08 | 48b8 a077 | 5df9 fe7f | 0000 ffd0 
  0x000001cf874613e0: 4883 c408 | e90c 0000 | 0048 b8a0 | 775d f9fe | 7f00 00ff | d048 83c4 | 20ff e049 | 837f 0800 
  0x000001cf87461400: 0f84 0500 | 0000 e9f5 | fafe ff4c | 8b6d c04c | 8b75 c84e | 8d74 f500 | c349 baac | 40e4 f9fe 
  0x000001cf87461420: 7f00 0041 | 803a 000f | 843e 0000 | 0048 8b55 | e849 8bcf | 4883 ec20 | 40f6 c40f | 0f84 1900 
  0x000001cf87461440: 0000 4883 | ec08 48b8 | 00b6 94f9 | fe7f 0000 | ffd0 4883 | c408 e90c | 0000 0048 | b800 b694 
  0x000001cf87461460: f9fe 7f00 | 00ff d048 | 83c4 2048 | 8b04 2448 | 83c4 10c5 | fb10 0424 | 4883 c410 | 4c8b 5d18 
  0x000001cf87461480: 41ff d34c | 8b5d f8c9 | 5f49 8be3 | ffe7 ba00 | 0000 00e8 | 0500 0000 | e94d 0100 | 0048 8d44 
  0x000001cf874614a0: 2408 4c89 | 6dc0 498b | cfc5 f877 | 4989 afb0 | 0300 0049 | 8987 a003 | 0000 4883 | ec20 40f6 
  0x000001cf874614c0: c40f 0f84 | 1900 0000 | 4883 ec08 | 48b8 d0ad | 5df9 fe7f | 0000 ffd0 | 4883 c408 | e90c 0000 
  0x000001cf874614e0: 0048 b8d0 | ad5d f9fe | 7f00 00ff | d048 83c4 | 2049 c787 | a003 0000 | 0000 0000 | 49c7 87b0 
  0x000001cf87461500: 0300 0000 | 0000 0049 | c787 a803 | 0000 0000 | 0000 c5f8 | 7741 8b8f | 3405 0000 | f6c1 010f 
  0x000001cf87461520: 8442 0000 | 00f6 c102 | 0f85 3900 | 0000 4883 | ec20 40f6 | c40f 0f84 | 1900 0000 | 4883 ec08 
  0x000001cf87461540: 48b8 b077 | 5df9 fe7f | 0000 ffd0 | 4883 c408 | e90c 0000 | 0048 b8b0 | 775d f9fe | 7f00 00ff 
  0x000001cf87461560: d048 83c4 | 20ff e049 | 8b8f e005 | 0000 4885 | c90f 8455 | 0000 008b | 899c 0000 | 0083 f901 
  0x000001cf87461580: 0f85 4600 | 0000 498b | 8fe0 0500 | 008b 89a0 | 0000 0048 | 83ec 2040 | f6c4 0f0f | 8419 0000 
  0x000001cf874615a0: 0048 83ec | 0848 b8a0 | 775d f9fe | 7f00 00ff | d048 83c4 | 08e9 0c00 | 0000 48b8 | a077 5df9 
  0x000001cf874615c0: fe7f 0000 | ffd0 4883 | c420 ffe0 | 4983 7f08 | 000f 8405 | 0000 00e9 | 24f9 feff | 4c8b 6dc0 
  0x000001cf874615e0: 4c8b 75c8 | 4e8d 74f5 | 00c3 488b | 5de8 e9fc | eeff ff0f | 1f44 0000 
[/MachCode]

---------------  P R O C E S S  ---------------

Threads class SMR info:
_java_thread_list=0x000001cfe2dea720, length=14, elements={
0x000001cff73a6c30, 0x000001cfdd0246b0, 0x000001cfdd0255d0, 0x000001cfdd0289a0,
0x000001cfdd02dd10, 0x000001cfdd02cba0, 0x000001cfdd02f2d0, 0x000001cfdd0385e0,
0x000001cfdd040550, 0x000001cfdd1be720, 0x000001cfdd256d00, 0x000001cfdd2593a0,
0x000001cfdd25c860, 0x000001cfdd2df850
}

Java Threads: ( => current thread )
=>0x000001cff73a6c30 JavaThread "main"                              [_thread_in_native, id=4284, stack(0x0000007e14f00000,0x0000007e15000000) (1024K)]
  0x000001cfdd0246b0 JavaThread "Reference Handler"          daemon [_thread_blocked, id=8360, stack(0x0000007e15700000,0x0000007e15800000) (1024K)]
  0x000001cfdd0255d0 JavaThread "Finalizer"                  daemon [_thread_blocked, id=17236, stack(0x0000007e15800000,0x0000007e15900000) (1024K)]
  0x000001cfdd0289a0 JavaThread "Signal Dispatcher"          daemon [_thread_blocked, id=12024, stack(0x0000007e15900000,0x0000007e15a00000) (1024K)]
  0x000001cfdd02dd10 JavaThread "Attach Listener"            daemon [_thread_blocked, id=12176, stack(0x0000007e15a00000,0x0000007e15b00000) (1024K)]
  0x000001cfdd02cba0 JavaThread "Service Thread"             daemon [_thread_blocked, id=4000, stack(0x0000007e15b00000,0x0000007e15c00000) (1024K)]
  0x000001cfdd02f2d0 JavaThread "Monitor Deflation Thread"   daemon [_thread_blocked, id=2932, stack(0x0000007e15c00000,0x0000007e15d00000) (1024K)]
  0x000001cfdd0385e0 JavaThread "C2 CompilerThread0"         daemon [_thread_blocked, id=2464, stack(0x0000007e15d00000,0x0000007e15e00000) (1024K)]
  0x000001cfdd040550 JavaThread "C1 CompilerThread0"         daemon [_thread_blocked, id=14188, stack(0x0000007e15e00000,0x0000007e15f00000) (1024K)]
  0x000001cfdd1be720 JavaThread "Common-Cleaner"             daemon [_thread_blocked, id=1740, stack(0x0000007e16000000,0x0000007e16100000) (1024K)]
  0x000001cfdd256d00 JavaThread "JDWP Transport Listener: dt_socket" daemon [_thread_blocked, id=9404, stack(0x0000007e16300000,0x0000007e16400000) (1024K)]
  0x000001cfdd2593a0 JavaThread "JDWP Event Helper Thread"   daemon [_thread_blocked, id=20356, stack(0x0000007e16400000,0x0000007e16500000) (1024K)]
  0x000001cfdd25c860 JavaThread "JDWP Command Reader"        daemon [_thread_in_native, id=19076, stack(0x0000007e16500000,0x0000007e16600000) (1024K)]
  0x000001cfdd2df850 JavaThread "Notification Thread"        daemon [_thread_blocked, id=15856, stack(0x0000007e16600000,0x0000007e16700000) (1024K)]
Total: 14

Other Threads:
  0x000001cfdd008e10 VMThread "VM Thread"                           [id=16160, stack(0x0000007e15600000,0x0000007e15700000) (1024K)]
  0x000001cf99050f20 WatcherThread "VM Periodic Task Thread"        [id=5756, stack(0x0000007e15500000,0x0000007e15600000) (1024K)]
  0x000001cff74102a0 WorkerThread "GC Thread#0"                     [id=4148, stack(0x0000007e15000000,0x0000007e15100000) (1024K)]
  0x000001cfe2accd70 WorkerThread "GC Thread#1"                     [id=18200, stack(0x0000007e16d00000,0x0000007e16e00000) (1024K)]
  0x000001cfe2acb3a0 WorkerThread "GC Thread#2"                     [id=11148, stack(0x0000007e16e00000,0x0000007e16f00000) (1024K)]
  0x000001cfe2acbb00 WorkerThread "GC Thread#3"                     [id=8172, stack(0x0000007e16f00000,0x0000007e17000000) (1024K)]
  0x000001cfe2acac40 WorkerThread "GC Thread#4"                     [id=13460, stack(0x0000007e17000000,0x0000007e17100000) (1024K)]
  0x000001cfe2acdfe0 WorkerThread "GC Thread#5"                     [id=2748, stack(0x0000007e17100000,0x0000007e17200000) (1024K)]
  0x000001cfe2acc260 WorkerThread "GC Thread#6"                     [id=18072, stack(0x0000007e17200000,0x0000007e17300000) (1024K)]
  0x000001cfe2aca4e0 WorkerThread "GC Thread#7"                     [id=13292, stack(0x0000007e17300000,0x0000007e17400000) (1024K)]
  0x000001cfe2acb750 WorkerThread "GC Thread#8"                     [id=19224, stack(0x0000007e17400000,0x0000007e17500000) (1024K)]
  0x000001cfe2aca890 WorkerThread "GC Thread#9"                     [id=4708, stack(0x0000007e17500000,0x0000007e17600000) (1024K)]
  0x000001cfe2acc610 WorkerThread "GC Thread#10"                    [id=3568, stack(0x0000007e17600000,0x0000007e17700000) (1024K)]
  0x000001cfe2acaff0 WorkerThread "GC Thread#11"                    [id=5224, stack(0x0000007e17700000,0x0000007e17800000) (1024K)]
  0x000001cff7420f90 ConcurrentGCThread "G1 Main Marker"            [id=11228, stack(0x0000007e15100000,0x0000007e15200000) (1024K)]
  0x000001cff74219b0 WorkerThread "G1 Conc#0"                       [id=4044, stack(0x0000007e15200000,0x0000007e15300000) (1024K)]
  0x000001cff745e580 ConcurrentGCThread "G1 Refine#0"               [id=2656, stack(0x0000007e15300000,0x0000007e15400000) (1024K)]
  0x000001cf98f231c0 ConcurrentGCThread "G1 Service"                [id=5912, stack(0x0000007e15400000,0x0000007e15500000) (1024K)]
Total: 18

Threads with active compile tasks:
Total: 0

VM state: not at safepoint (normal execution)

VM Mutex/Monitor currently owned by a thread: None

Heap address: 0x0000000605800000, size: 8104 MB, Compressed Oops mode: Zero based, Oop shift amount: 3

CDS archive(s) mapped at: [0x000001cf9c000000-0x000001cf9cc50000-0x000001cf9cc50000), size 12910592, SharedBaseAddress: 0x000001cf9c000000, ArchiveRelocationMode: 1.
Compressed class space mapped at: 0x000001cf9d000000-0x000001cfdd000000, reserved size: 1073741824
Narrow klass base: 0x000001cf9c000000, Narrow klass shift: 0, Narrow klass range: 0x41000000

GC Precious Log:
 CardTable entry size: 512
 Card Set container configuration: InlinePtr #cards 4 size 8 Array Of Cards #cards 32 size 80 Howl #buckets 8 coarsen threshold 7372 Howl Bitmap #cards 1024 size 144 coarsen threshold 921 Card regions per heap region 1 cards per card region 8192
 CPUs: 16 total, 16 available
 Memory: 32406M
 Large Page Support: Disabled
 NUMA Support: Disabled
 Compressed Oops: Enabled (Zero based)
 Heap Region Size: 4M
 Heap Min Capacity: 8M
 Heap Initial Capacity: 508M
 Heap Max Capacity: 8104M
 Pre-touch: Disabled
 Parallel Workers: 13
 Concurrent Workers: 3
 Concurrent Refinement Workers: 13
 Periodic GC: Disabled

Heap:
 garbage-first heap   total reserved 8298496K, committed 520192K, used 19250K [0x0000000605800000, 0x0000000800000000)
  region size 4096K, 6 young (24576K), 1 survivors (4096K)
 Metaspace       used 3812K, committed 4032K, reserved 1114112K
  class space    used 266K, committed 384K, reserved 1048576K

Heap Regions: E=young(eden), S=young(survivor), O=old, HS=humongous(starts), HC=humongous(continues), CS=collection set, F=free, TAMS=top-at-mark-start, PB=parsable bottom
|   0|0x0000000605800000, 0x0000000605800000, 0x0000000605c00000|  0%| F|  |TAMS 0x0000000605800000| PB 0x0000000605800000| Untracked |  0
|   1|0x0000000605c00000, 0x0000000605c00000, 0x0000000606000000|  0%| F|  |TAMS 0x0000000605c00000| PB 0x0000000605c00000| Untracked |  0
|   2|0x0000000606000000, 0x0000000606000000, 0x0000000606400000|  0%| F|  |TAMS 0x0000000606000000| PB 0x0000000606000000| Untracked |  0
|   3|0x0000000606400000, 0x0000000606400000, 0x0000000606800000|  0%| F|  |TAMS 0x0000000606400000| PB 0x0000000606400000| Untracked |  0
|   4|0x0000000606800000, 0x0000000606800000, 0x0000000606c00000|  0%| F|  |TAMS 0x0000000606800000| PB 0x0000000606800000| Untracked |  0
|   5|0x0000000606c00000, 0x0000000606c00000, 0x0000000607000000|  0%| F|  |TAMS 0x0000000606c00000| PB 0x0000000606c00000| Untracked |  0
|   6|0x0000000607000000, 0x0000000607000000, 0x0000000607400000|  0%| F|  |TAMS 0x0000000607000000| PB 0x0000000607000000| Untracked |  0
|   7|0x0000000607400000, 0x0000000607400000, 0x0000000607800000|  0%| F|  |TAMS 0x0000000607400000| PB 0x0000000607400000| Untracked |  0
|   8|0x0000000607800000, 0x0000000607800000, 0x0000000607c00000|  0%| F|  |TAMS 0x0000000607800000| PB 0x0000000607800000| Untracked |  0
|   9|0x0000000607c00000, 0x0000000607c00000, 0x0000000608000000|  0%| F|  |TAMS 0x0000000607c00000| PB 0x0000000607c00000| Untracked |  0
|  10|0x0000000608000000, 0x0000000608000000, 0x0000000608400000|  0%| F|  |TAMS 0x0000000608000000| PB 0x0000000608000000| Untracked |  0
|  11|0x0000000608400000, 0x0000000608400000, 0x0000000608800000|  0%| F|  |TAMS 0x0000000608400000| PB 0x0000000608400000| Untracked |  0
|  12|0x0000000608800000, 0x0000000608800000, 0x0000000608c00000|  0%| F|  |TAMS 0x0000000608800000| PB 0x0000000608800000| Untracked |  0
|  13|0x0000000608c00000, 0x0000000608c00000, 0x0000000609000000|  0%| F|  |TAMS 0x0000000608c00000| PB 0x0000000608c00000| Untracked |  0
|  14|0x0000000609000000, 0x0000000609000000, 0x0000000609400000|  0%| F|  |TAMS 0x0000000609000000| PB 0x0000000609000000| Untracked |  0
|  15|0x0000000609400000, 0x0000000609400000, 0x0000000609800000|  0%| F|  |TAMS 0x0000000609400000| PB 0x0000000609400000| Untracked |  0
|  16|0x0000000609800000, 0x0000000609800000, 0x0000000609c00000|  0%| F|  |TAMS 0x0000000609800000| PB 0x0000000609800000| Untracked |  0
|  17|0x0000000609c00000, 0x0000000609c00000, 0x000000060a000000|  0%| F|  |TAMS 0x0000000609c00000| PB 0x0000000609c00000| Untracked |  0
|  18|0x000000060a000000, 0x000000060a000000, 0x000000060a400000|  0%| F|  |TAMS 0x000000060a000000| PB 0x000000060a000000| Untracked |  0
|  19|0x000000060a400000, 0x000000060a400000, 0x000000060a800000|  0%| F|  |TAMS 0x000000060a400000| PB 0x000000060a400000| Untracked |  0
|  20|0x000000060a800000, 0x000000060a800000, 0x000000060ac00000|  0%| F|  |TAMS 0x000000060a800000| PB 0x000000060a800000| Untracked |  0
|  21|0x000000060ac00000, 0x000000060ac00000, 0x000000060b000000|  0%| F|  |TAMS 0x000000060ac00000| PB 0x000000060ac00000| Untracked |  0
|  22|0x000000060b000000, 0x000000060b000000, 0x000000060b400000|  0%| F|  |TAMS 0x000000060b000000| PB 0x000000060b000000| Untracked |  0
|  23|0x000000060b400000, 0x000000060b400000, 0x000000060b800000|  0%| F|  |TAMS 0x000000060b400000| PB 0x000000060b400000| Untracked |  0
|  24|0x000000060b800000, 0x000000060b800000, 0x000000060bc00000|  0%| F|  |TAMS 0x000000060b800000| PB 0x000000060b800000| Untracked |  0
|  25|0x000000060bc00000, 0x000000060bc00000, 0x000000060c000000|  0%| F|  |TAMS 0x000000060bc00000| PB 0x000000060bc00000| Untracked |  0
|  26|0x000000060c000000, 0x000000060c000000, 0x000000060c400000|  0%| F|  |TAMS 0x000000060c000000| PB 0x000000060c000000| Untracked |  0
|  27|0x000000060c400000, 0x000000060c400000, 0x000000060c800000|  0%| F|  |TAMS 0x000000060c400000| PB 0x000000060c400000| Untracked |  0
|  28|0x000000060c800000, 0x000000060c800000, 0x000000060cc00000|  0%| F|  |TAMS 0x000000060c800000| PB 0x000000060c800000| Untracked |  0
|  29|0x000000060cc00000, 0x000000060cc00000, 0x000000060d000000|  0%| F|  |TAMS 0x000000060cc00000| PB 0x000000060cc00000| Untracked |  0
|  30|0x000000060d000000, 0x000000060d000000, 0x000000060d400000|  0%| F|  |TAMS 0x000000060d000000| PB 0x000000060d000000| Untracked |  0
|  31|0x000000060d400000, 0x000000060d400000, 0x000000060d800000|  0%| F|  |TAMS 0x000000060d400000| PB 0x000000060d400000| Untracked |  0
|  32|0x000000060d800000, 0x000000060d800000, 0x000000060dc00000|  0%| F|  |TAMS 0x000000060d800000| PB 0x000000060d800000| Untracked |  0
|  33|0x000000060dc00000, 0x000000060dc00000, 0x000000060e000000|  0%| F|  |TAMS 0x000000060dc00000| PB 0x000000060dc00000| Untracked |  0
|  34|0x000000060e000000, 0x000000060e000000, 0x000000060e400000|  0%| F|  |TAMS 0x000000060e000000| PB 0x000000060e000000| Untracked |  0
|  35|0x000000060e400000, 0x000000060e400000, 0x000000060e800000|  0%| F|  |TAMS 0x000000060e400000| PB 0x000000060e400000| Untracked |  0
|  36|0x000000060e800000, 0x000000060e800000, 0x000000060ec00000|  0%| F|  |TAMS 0x000000060e800000| PB 0x000000060e800000| Untracked |  0
|  37|0x000000060ec00000, 0x000000060ec00000, 0x000000060f000000|  0%| F|  |TAMS 0x000000060ec00000| PB 0x000000060ec00000| Untracked |  0
|  38|0x000000060f000000, 0x000000060f000000, 0x000000060f400000|  0%| F|  |TAMS 0x000000060f000000| PB 0x000000060f000000| Untracked |  0
|  39|0x000000060f400000, 0x000000060f400000, 0x000000060f800000|  0%| F|  |TAMS 0x000000060f400000| PB 0x000000060f400000| Untracked |  0
|  40|0x000000060f800000, 0x000000060f800000, 0x000000060fc00000|  0%| F|  |TAMS 0x000000060f800000| PB 0x000000060f800000| Untracked |  0
|  41|0x000000060fc00000, 0x000000060fc00000, 0x0000000610000000|  0%| F|  |TAMS 0x000000060fc00000| PB 0x000000060fc00000| Untracked |  0
|  42|0x0000000610000000, 0x0000000610000000, 0x0000000610400000|  0%| F|  |TAMS 0x0000000610000000| PB 0x0000000610000000| Untracked |  0
|  43|0x0000000610400000, 0x0000000610400000, 0x0000000610800000|  0%| F|  |TAMS 0x0000000610400000| PB 0x0000000610400000| Untracked |  0
|  44|0x0000000610800000, 0x0000000610800000, 0x0000000610c00000|  0%| F|  |TAMS 0x0000000610800000| PB 0x0000000610800000| Untracked |  0
|  45|0x0000000610c00000, 0x0000000610c00000, 0x0000000611000000|  0%| F|  |TAMS 0x0000000610c00000| PB 0x0000000610c00000| Untracked |  0
|  46|0x0000000611000000, 0x0000000611000000, 0x0000000611400000|  0%| F|  |TAMS 0x0000000611000000| PB 0x0000000611000000| Untracked |  0
|  47|0x0000000611400000, 0x0000000611400000, 0x0000000611800000|  0%| F|  |TAMS 0x0000000611400000| PB 0x0000000611400000| Untracked |  0
|  48|0x0000000611800000, 0x0000000611800000, 0x0000000611c00000|  0%| F|  |TAMS 0x0000000611800000| PB 0x0000000611800000| Untracked |  0
|  49|0x0000000611c00000, 0x0000000611c00000, 0x0000000612000000|  0%| F|  |TAMS 0x0000000611c00000| PB 0x0000000611c00000| Untracked |  0
|  50|0x0000000612000000, 0x0000000612000000, 0x0000000612400000|  0%| F|  |TAMS 0x0000000612000000| PB 0x0000000612000000| Untracked |  0
|  51|0x0000000612400000, 0x0000000612400000, 0x0000000612800000|  0%| F|  |TAMS 0x0000000612400000| PB 0x0000000612400000| Untracked |  0
|  52|0x0000000612800000, 0x0000000612800000, 0x0000000612c00000|  0%| F|  |TAMS 0x0000000612800000| PB 0x0000000612800000| Untracked |  0
|  53|0x0000000612c00000, 0x0000000612c00000, 0x0000000613000000|  0%| F|  |TAMS 0x0000000612c00000| PB 0x0000000612c00000| Untracked |  0
|  54|0x0000000613000000, 0x0000000613000000, 0x0000000613400000|  0%| F|  |TAMS 0x0000000613000000| PB 0x0000000613000000| Untracked |  0
|  55|0x0000000613400000, 0x0000000613400000, 0x0000000613800000|  0%| F|  |TAMS 0x0000000613400000| PB 0x0000000613400000| Untracked |  0
|  56|0x0000000613800000, 0x0000000613800000, 0x0000000613c00000|  0%| F|  |TAMS 0x0000000613800000| PB 0x0000000613800000| Untracked |  0
|  57|0x0000000613c00000, 0x0000000613c00000, 0x0000000614000000|  0%| F|  |TAMS 0x0000000613c00000| PB 0x0000000613c00000| Untracked |  0
|  58|0x0000000614000000, 0x0000000614000000, 0x0000000614400000|  0%| F|  |TAMS 0x0000000614000000| PB 0x0000000614000000| Untracked |  0
|  59|0x0000000614400000, 0x0000000614400000, 0x0000000614800000|  0%| F|  |TAMS 0x0000000614400000| PB 0x0000000614400000| Untracked |  0
|  60|0x0000000614800000, 0x0000000614800000, 0x0000000614c00000|  0%| F|  |TAMS 0x0000000614800000| PB 0x0000000614800000| Untracked |  0
|  61|0x0000000614c00000, 0x0000000614c00000, 0x0000000615000000|  0%| F|  |TAMS 0x0000000614c00000| PB 0x0000000614c00000| Untracked |  0
|  62|0x0000000615000000, 0x0000000615000000, 0x0000000615400000|  0%| F|  |TAMS 0x0000000615000000| PB 0x0000000615000000| Untracked |  0
|  63|0x0000000615400000, 0x0000000615400000, 0x0000000615800000|  0%| F|  |TAMS 0x0000000615400000| PB 0x0000000615400000| Untracked |  0
|  64|0x0000000615800000, 0x0000000615800000, 0x0000000615c00000|  0%| F|  |TAMS 0x0000000615800000| PB 0x0000000615800000| Untracked |  0
|  65|0x0000000615c00000, 0x0000000615c00000, 0x0000000616000000|  0%| F|  |TAMS 0x0000000615c00000| PB 0x0000000615c00000| Untracked |  0
|  66|0x0000000616000000, 0x0000000616000000, 0x0000000616400000|  0%| F|  |TAMS 0x0000000616000000| PB 0x0000000616000000| Untracked |  0
|  67|0x0000000616400000, 0x0000000616400000, 0x0000000616800000|  0%| F|  |TAMS 0x0000000616400000| PB 0x0000000616400000| Untracked |  0
|  68|0x0000000616800000, 0x0000000616800000, 0x0000000616c00000|  0%| F|  |TAMS 0x0000000616800000| PB 0x0000000616800000| Untracked |  0
|  69|0x0000000616c00000, 0x0000000616c00000, 0x0000000617000000|  0%| F|  |TAMS 0x0000000616c00000| PB 0x0000000616c00000| Untracked |  0
|  70|0x0000000617000000, 0x0000000617000000, 0x0000000617400000|  0%| F|  |TAMS 0x0000000617000000| PB 0x0000000617000000| Untracked |  0
|  71|0x0000000617400000, 0x0000000617400000, 0x0000000617800000|  0%| F|  |TAMS 0x0000000617400000| PB 0x0000000617400000| Untracked |  0
|  72|0x0000000617800000, 0x0000000617800000, 0x0000000617c00000|  0%| F|  |TAMS 0x0000000617800000| PB 0x0000000617800000| Untracked |  0
|  73|0x0000000617c00000, 0x0000000617c00000, 0x0000000618000000|  0%| F|  |TAMS 0x0000000617c00000| PB 0x0000000617c00000| Untracked |  0
|  74|0x0000000618000000, 0x0000000618000000, 0x0000000618400000|  0%| F|  |TAMS 0x0000000618000000| PB 0x0000000618000000| Untracked |  0
|  75|0x0000000618400000, 0x0000000618400000, 0x0000000618800000|  0%| F|  |TAMS 0x0000000618400000| PB 0x0000000618400000| Untracked |  0
|  76|0x0000000618800000, 0x0000000618800000, 0x0000000618c00000|  0%| F|  |TAMS 0x0000000618800000| PB 0x0000000618800000| Untracked |  0
|  77|0x0000000618c00000, 0x0000000618c00000, 0x0000000619000000|  0%| F|  |TAMS 0x0000000618c00000| PB 0x0000000618c00000| Untracked |  0
|  78|0x0000000619000000, 0x0000000619000000, 0x0000000619400000|  0%| F|  |TAMS 0x0000000619000000| PB 0x0000000619000000| Untracked |  0
|  79|0x0000000619400000, 0x0000000619400000, 0x0000000619800000|  0%| F|  |TAMS 0x0000000619400000| PB 0x0000000619400000| Untracked |  0
|  80|0x0000000619800000, 0x0000000619800000, 0x0000000619c00000|  0%| F|  |TAMS 0x0000000619800000| PB 0x0000000619800000| Untracked |  0
|  81|0x0000000619c00000, 0x0000000619c00000, 0x000000061a000000|  0%| F|  |TAMS 0x0000000619c00000| PB 0x0000000619c00000| Untracked |  0
|  82|0x000000061a000000, 0x000000061a000000, 0x000000061a400000|  0%| F|  |TAMS 0x000000061a000000| PB 0x000000061a000000| Untracked |  0
|  83|0x000000061a400000, 0x000000061a400000, 0x000000061a800000|  0%| F|  |TAMS 0x000000061a400000| PB 0x000000061a400000| Untracked |  0
|  84|0x000000061a800000, 0x000000061a800000, 0x000000061ac00000|  0%| F|  |TAMS 0x000000061a800000| PB 0x000000061a800000| Untracked |  0
|  85|0x000000061ac00000, 0x000000061ac00000, 0x000000061b000000|  0%| F|  |TAMS 0x000000061ac00000| PB 0x000000061ac00000| Untracked |  0
|  86|0x000000061b000000, 0x000000061b000000, 0x000000061b400000|  0%| F|  |TAMS 0x000000061b000000| PB 0x000000061b000000| Untracked |  0
|  87|0x000000061b400000, 0x000000061b400000, 0x000000061b800000|  0%| F|  |TAMS 0x000000061b400000| PB 0x000000061b400000| Untracked |  0
|  88|0x000000061b800000, 0x000000061b800000, 0x000000061bc00000|  0%| F|  |TAMS 0x000000061b800000| PB 0x000000061b800000| Untracked |  0
|  89|0x000000061bc00000, 0x000000061bc00000, 0x000000061c000000|  0%| F|  |TAMS 0x000000061bc00000| PB 0x000000061bc00000| Untracked |  0
|  90|0x000000061c000000, 0x000000061c000000, 0x000000061c400000|  0%| F|  |TAMS 0x000000061c000000| PB 0x000000061c000000| Untracked |  0
|  91|0x000000061c400000, 0x000000061c400000, 0x000000061c800000|  0%| F|  |TAMS 0x000000061c400000| PB 0x000000061c400000| Untracked |  0
|  92|0x000000061c800000, 0x000000061c800000, 0x000000061cc00000|  0%| F|  |TAMS 0x000000061c800000| PB 0x000000061c800000| Untracked |  0
|  93|0x000000061cc00000, 0x000000061cc00000, 0x000000061d000000|  0%| F|  |TAMS 0x000000061cc00000| PB 0x000000061cc00000| Untracked |  0
|  94|0x000000061d000000, 0x000000061d000000, 0x000000061d400000|  0%| F|  |TAMS 0x000000061d000000| PB 0x000000061d000000| Untracked |  0
|  95|0x000000061d400000, 0x000000061d400000, 0x000000061d800000|  0%| F|  |TAMS 0x000000061d400000| PB 0x000000061d400000| Untracked |  0
|  96|0x000000061d800000, 0x000000061d800000, 0x000000061dc00000|  0%| F|  |TAMS 0x000000061d800000| PB 0x000000061d800000| Untracked |  0
|  97|0x000000061dc00000, 0x000000061dc00000, 0x000000061e000000|  0%| F|  |TAMS 0x000000061dc00000| PB 0x000000061dc00000| Untracked |  0
|  98|0x000000061e000000, 0x000000061e000000, 0x000000061e400000|  0%| F|  |TAMS 0x000000061e000000| PB 0x000000061e000000| Untracked |  0
|  99|0x000000061e400000, 0x000000061e400000, 0x000000061e800000|  0%| F|  |TAMS 0x000000061e400000| PB 0x000000061e400000| Untracked |  0
| 100|0x000000061e800000, 0x000000061e800000, 0x000000061ec00000|  0%| F|  |TAMS 0x000000061e800000| PB 0x000000061e800000| Untracked |  0
| 101|0x000000061ec00000, 0x000000061ec00000, 0x000000061f000000|  0%| F|  |TAMS 0x000000061ec00000| PB 0x000000061ec00000| Untracked |  0
| 102|0x000000061f000000, 0x000000061f000000, 0x000000061f400000|  0%| F|  |TAMS 0x000000061f000000| PB 0x000000061f000000| Untracked |  0
| 103|0x000000061f400000, 0x000000061f400000, 0x000000061f800000|  0%| F|  |TAMS 0x000000061f400000| PB 0x000000061f400000| Untracked |  0
| 104|0x000000061f800000, 0x000000061f800000, 0x000000061fc00000|  0%| F|  |TAMS 0x000000061f800000| PB 0x000000061f800000| Untracked |  0
| 105|0x000000061fc00000, 0x000000061fc00000, 0x0000000620000000|  0%| F|  |TAMS 0x000000061fc00000| PB 0x000000061fc00000| Untracked |  0
| 106|0x0000000620000000, 0x0000000620000000, 0x0000000620400000|  0%| F|  |TAMS 0x0000000620000000| PB 0x0000000620000000| Untracked |  0
| 107|0x0000000620400000, 0x0000000620400000, 0x0000000620800000|  0%| F|  |TAMS 0x0000000620400000| PB 0x0000000620400000| Untracked |  0
| 108|0x0000000620800000, 0x0000000620800000, 0x0000000620c00000|  0%| F|  |TAMS 0x0000000620800000| PB 0x0000000620800000| Untracked |  0
| 109|0x0000000620c00000, 0x0000000620c00000, 0x0000000621000000|  0%| F|  |TAMS 0x0000000620c00000| PB 0x0000000620c00000| Untracked |  0
| 110|0x0000000621000000, 0x0000000621000000, 0x0000000621400000|  0%| F|  |TAMS 0x0000000621000000| PB 0x0000000621000000| Untracked |  0
| 111|0x0000000621400000, 0x0000000621400000, 0x0000000621800000|  0%| F|  |TAMS 0x0000000621400000| PB 0x0000000621400000| Untracked |  0
| 112|0x0000000621800000, 0x0000000621800000, 0x0000000621c00000|  0%| F|  |TAMS 0x0000000621800000| PB 0x0000000621800000| Untracked |  0
| 113|0x0000000621c00000, 0x0000000621c00000, 0x0000000622000000|  0%| F|  |TAMS 0x0000000621c00000| PB 0x0000000621c00000| Untracked |  0
| 114|0x0000000622000000, 0x0000000622000000, 0x0000000622400000|  0%| F|  |TAMS 0x0000000622000000| PB 0x0000000622000000| Untracked |  0
| 115|0x0000000622400000, 0x00000006226cc920, 0x0000000622800000| 69%| S|CS|TAMS 0x0000000622400000| PB 0x0000000622400000| Complete |  0
| 116|0x0000000622800000, 0x0000000622800000, 0x0000000622c00000|  0%| F|  |TAMS 0x0000000622800000| PB 0x0000000622800000| Untracked |  0
| 117|0x0000000622c00000, 0x0000000622c00000, 0x0000000623000000|  0%| F|  |TAMS 0x0000000622c00000| PB 0x0000000622c00000| Untracked |  0
| 118|0x0000000623000000, 0x0000000623000000, 0x0000000623400000|  0%| F|  |TAMS 0x0000000623000000| PB 0x0000000623000000| Untracked |  0
| 119|0x0000000623400000, 0x0000000623400000, 0x0000000623800000|  0%| F|  |TAMS 0x0000000623400000| PB 0x0000000623400000| Untracked |  0
| 120|0x0000000623800000, 0x0000000623800000, 0x0000000623c00000|  0%| F|  |TAMS 0x0000000623800000| PB 0x0000000623800000| Untracked |  0
| 121|0x0000000623c00000, 0x0000000623c00000, 0x0000000624000000|  0%| F|  |TAMS 0x0000000623c00000| PB 0x0000000623c00000| Untracked |  0
| 122|0x0000000624000000, 0x00000006240c3538, 0x0000000624400000| 19%| E|  |TAMS 0x0000000624000000| PB 0x0000000624000000| Complete |  0
| 123|0x0000000624400000, 0x0000000624800000, 0x0000000624800000|100%| E|CS|TAMS 0x0000000624400000| PB 0x0000000624400000| Complete |  0
| 124|0x0000000624800000, 0x0000000624c00000, 0x0000000624c00000|100%| E|CS|TAMS 0x0000000624800000| PB 0x0000000624800000| Complete |  0
| 125|0x0000000624c00000, 0x0000000625000000, 0x0000000625000000|100%| E|CS|TAMS 0x0000000624c00000| PB 0x0000000624c00000| Complete |  0
| 126|0x0000000625000000, 0x0000000625400000, 0x0000000625400000|100%| E|CS|TAMS 0x0000000625000000| PB 0x0000000625000000| Complete |  0

Card table byte_map: [0x000001cf8ffe0000,0x000001cf90fc0000] _byte_map_base: 0x000001cf8cfb4000

Marking Bits: (CMBitMap*) 0x000001cff74107c0
 Bits: [0x000001cf90fc0000, 0x000001cf98e60000)

Polling page: 0x000001cff52e0000

Metaspace:

Usage:
  Non-class:      3.46 MB used.
      Class:    266.15 KB used.
       Both:      3.72 MB used.

Virtual space:
  Non-class space:       64.00 MB reserved,       3.56 MB (  6%) committed,  1 nodes.
      Class space:        1.00 GB reserved,     384.00 KB ( <1%) committed,  1 nodes.
             Both:        1.06 GB reserved,       3.94 MB ( <1%) committed. 

Chunk freelists:
   Non-Class:  10.31 MB
       Class:  15.61 MB
        Both:  25.92 MB

MaxMetaspaceSize: unlimited
CompressedClassSpaceSize: 1.00 GB
Initial GC threshold: 21.00 MB
Current GC threshold: 21.00 MB
CDS: on
 - commit_granule_bytes: 65536.
 - commit_granule_words: 8192.
 - virtual_space_node_default_size: 8388608.
 - enlarge_chunks_in_place: 1.
 - use_allocation_guard: 0.


Internal statistics:

num_allocs_failed_limit: 0.
num_arena_births: 106.
num_arena_deaths: 0.
num_vsnodes_births: 2.
num_vsnodes_deaths: 0.
num_space_committed: 62.
num_space_uncommitted: 0.
num_chunks_returned_to_freelist: 0.
num_chunks_taken_from_freelist: 183.
num_chunk_merges: 0.
num_chunk_splits: 126.
num_chunks_enlarged: 84.
num_inconsistent_stats: 0.

CodeHeap 'non-profiled nmethods': size=119168Kb used=365Kb max_used=365Kb free=118803Kb
 bounds [0x000001cf87ba0000, 0x000001cf87e10000, 0x000001cf8f000000]
CodeHeap 'profiled nmethods': size=119104Kb used=1429Kb max_used=1429Kb free=117674Kb
 bounds [0x000001cf80000000, 0x000001cf80270000, 0x000001cf87450000]
CodeHeap 'non-nmethods': size=7488Kb used=2497Kb max_used=3642Kb free=4990Kb
 bounds [0x000001cf87450000, 0x000001cf877f0000, 0x000001cf87ba0000]
 total_blobs=2025 nmethods=947 adapters=983
 compilation: enabled
              stopped_count=0, restarted_count=0
 full_count=0

Compilation events (20 events):
Event: 0.410 Thread 0x000001cfdd040c20 nmethod 925 0x000001cf87bf4010 code [0x000001cf87bf43a0, 0x000001cf87bf5328]
Event: 0.411 Thread 0x000001cfdd0385e0 nmethod 926 0x000001cf87bf6490 code [0x000001cf87bf6660, 0x000001cf87bf6f78]
Event: 0.419 Thread 0x000001cfdd03f7b0  939 %     4       benchmark.JavaOptionPricer::price @ 20 (193 bytes)
Event: 0.426 Thread 0x000001cfdd03f7b0 nmethod 939% 0x000001cf87bf7290 code [0x000001cf87bf7520, 0x000001cf87bf8540]
Event: 0.427 Thread 0x000001cfdd03f7b0  940       4       benchmark.JavaOptionPricer::price (193 bytes)
Event: 0.435 Thread 0x000001cfdd040550  941       3       java.util.concurrent.locks.AbstractQueuedSynchronizer::compareAndSetState (13 bytes)
Event: 0.435 Thread 0x000001cfdd03ea10  942       3       java.util.concurrent.locks.ReentrantLock$NonfairSync::initialTryLock (58 bytes)
Event: 0.435 Thread 0x000001cfdd042090  944       3       java.util.concurrent.locks.AbstractQueuedSynchronizer::release (19 bytes)
Event: 0.435 Thread 0x000001cfdd040550 nmethod 941 0x000001cf80162b90 code [0x000001cf80162d20, 0x000001cf80162e48]
Event: 0.435 Thread 0x000001cfdd040550  945       3       java.util.concurrent.locks.ReentrantLock$Sync::tryRelease (51 bytes)
Event: 0.435 Thread 0x000001cfdd03ea10 nmethod 942 0x000001cf80162f10 code [0x000001cf80163100, 0x000001cf801634f8]
Event: 0.435 Thread 0x000001cfdd03ea10  946       3       java.util.concurrent.locks.ReentrantLock::lock (8 bytes)
Event: 0.435 Thread 0x000001cfdd040550 nmethod 945 0x000001cf80163610 code [0x000001cf801637e0, 0x000001cf80163b18]
Event: 0.435 Thread 0x000001cfdd040550  947       3       java.util.concurrent.locks.ReentrantLock$Sync::lock (13 bytes)
Event: 0.435 Thread 0x000001cfdd042090 nmethod 944 0x000001cf80163c10 code [0x000001cf80163e20, 0x000001cf80164438]
Event: 0.435 Thread 0x000001cfdd03ea10 nmethod 946 0x000001cf80164690 code [0x000001cf80164860, 0x000001cf80164b18]
Event: 0.435 Thread 0x000001cfdd040550 nmethod 947 0x000001cf80164c10 code [0x000001cf80164dc0, 0x000001cf80165010]
Event: 0.435 Thread 0x000001cfdd042090  943       3       java.util.concurrent.locks.ReentrantLock::unlock (10 bytes)
Event: 0.435 Thread 0x000001cfdd042090 nmethod 943 0x000001cf80165110 code [0x000001cf801652e0, 0x000001cf801655c8]
Event: 0.435 Thread 0x000001cfdd03f7b0 nmethod 940 0x000001cf87bf8f90 code [0x000001cf87bf9220, 0x000001cf87bfa498]

GC Heap History (4 events):
Event: 0.433 GC heap before
{Heap before GC invocations=0 (full 0):
 garbage-first heap   total reserved 8298496K, committed 520192K, used 20480K [0x0000000605800000, 0x0000000800000000)
  region size 4096K, 6 young (24576K), 0 survivors (0K)
 Metaspace       used 3805K, committed 4032K, reserved 1114112K
  class space    used 266K, committed 384K, reserved 1048576K
}
Event: 0.434 GC heap after
{Heap after GC invocations=1 (full 0):
 garbage-first heap   total reserved 8298496K, committed 520192K, used 3002K [0x0000000605800000, 0x0000000800000000)
  region size 4096K, 1 young (4096K), 1 survivors (4096K)
 Metaspace       used 3805K, committed 4032K, reserved 1114112K
  class space    used 266K, committed 384K, reserved 1048576K
}
Event: 0.569 GC heap before
{Heap before GC invocations=1 (full 0):
 garbage-first heap   total reserved 8298496K, committed 520192K, used 43962K [0x0000000605800000, 0x0000000800000000)
  region size 4096K, 11 young (45056K), 1 survivors (4096K)
 Metaspace       used 3810K, committed 4032K, reserved 1114112K
  class space    used 266K, committed 384K, reserved 1048576K
}
Event: 0.570 GC heap after
{Heap after GC invocations=2 (full 0):
 garbage-first heap   total reserved 8298496K, committed 520192K, used 2866K [0x0000000605800000, 0x0000000800000000)
  region size 4096K, 1 young (4096K), 1 survivors (4096K)
 Metaspace       used 3810K, committed 4032K, reserved 1114112K
  class space    used 266K, committed 384K, reserved 1048576K
}

Dll operation events (10 events):
Event: 0.014 Loaded shared library C:\Users\drago\.jdks\openjdk-22\bin\java.dll
Event: 0.015 Loaded shared library C:\Users\drago\.jdks\openjdk-22\bin\zip.dll
Event: 0.028 Loaded shared library C:\Users\drago\.jdks\openjdk-22\bin\jsvml.dll
Event: 0.065 Loaded shared library C:\Users\drago\.jdks\openjdk-22\bin\instrument.dll
Event: 0.079 Loaded shared library C:\Users\drago\.jdks\openjdk-22\bin\net.dll
Event: 0.080 Loaded shared library C:\Users\drago\.jdks\openjdk-22\bin\nio.dll
Event: 0.083 Loaded shared library C:\Users\drago\.jdks\openjdk-22\bin\zip.dll
Event: 0.086 Loaded shared library C:\Users\drago\.jdks\openjdk-22\bin\verify.dll
Event: 0.122 Loaded shared library C:\Users\drago\.jdks\openjdk-22\bin\jimage.dll
Event: 0.134 Loaded shared library C:\Users\drago\AppData\Local\Temp\lwjgl_drago\3.3.4+7\x64\lwjgl.dll

Deoptimization events (20 events):
Event: 0.101 Thread 0x000001cff73a6c30 DEOPT PACKING pc=0x000001cf8000a0c8 sp=0x0000007e14ffdb00
Event: 0.101 Thread 0x000001cff73a6c30 DEOPT UNPACKING pc=0x000001cf874a88e2 sp=0x0000007e14ffcf68 mode 0
Event: 0.131 Thread 0x000001cff73a6c30 Uncommon trap: trap_request=0xffffff45 fr.pc=0x000001cf87bbba74 relative=0x0000000000000074
Event: 0.131 Thread 0x000001cff73a6c30 Uncommon trap: reason=unstable_if action=reinterpret pc=0x000001cf87bbba74 method=java.io.WinNTFileSystem.isSlash(C)Z @ 9 c2
Event: 0.131 Thread 0x000001cff73a6c30 DEOPT PACKING pc=0x000001cf87bbba74 sp=0x0000007e14ffc9d0
Event: 0.131 Thread 0x000001cff73a6c30 DEOPT UNPACKING pc=0x000001cf874a7da2 sp=0x0000007e14ffc968 mode 2
Event: 0.137 Thread 0x000001cff73a6c30 Uncommon trap: trap_request=0xffffff45 fr.pc=0x000001cf87bc5350 relative=0x0000000000000050
Event: 0.137 Thread 0x000001cff73a6c30 Uncommon trap: reason=unstable_if action=reinterpret pc=0x000001cf87bc5350 method=sun.nio.fs.WindowsPathParser.isSlash(C)Z @ 9 c2
Event: 0.137 Thread 0x000001cff73a6c30 DEOPT PACKING pc=0x000001cf87bc5350 sp=0x0000007e14ffcc70
Event: 0.137 Thread 0x000001cff73a6c30 DEOPT UNPACKING pc=0x000001cf874a7da2 sp=0x0000007e14ffcc08 mode 2
Event: 0.156 Thread 0x000001cff73a6c30 Uncommon trap: trap_request=0xffffff45 fr.pc=0x000001cf87bb0508 relative=0x0000000000000b48
Event: 0.156 Thread 0x000001cff73a6c30 Uncommon trap: reason=unstable_if action=reinterpret pc=0x000001cf87bb0508 method=java.util.HashMap.putVal(ILjava/lang/Object;Ljava/lang/Object;ZZ)Ljava/lang/Object; @ 181 c2
Event: 0.156 Thread 0x000001cff73a6c30 DEOPT PACKING pc=0x000001cf87bb0508 sp=0x0000007e14ffcb00
Event: 0.156 Thread 0x000001cff73a6c30 DEOPT UNPACKING pc=0x000001cf874a7da2 sp=0x0000007e14ffcac0 mode 2
Event: 0.427 Thread 0x000001cff73a6c30 DEOPT PACKING pc=0x000001cf80162026 sp=0x0000007e14fff5f0
Event: 0.427 Thread 0x000001cff73a6c30 DEOPT UNPACKING pc=0x000001cf874a88e2 sp=0x0000007e14ffeb60 mode 0
Event: 0.430 Thread 0x000001cff73a6c30 DEOPT PACKING pc=0x000001cf80162026 sp=0x0000007e14fff5f0
Event: 0.430 Thread 0x000001cff73a6c30 DEOPT UNPACKING pc=0x000001cf874a88e2 sp=0x0000007e14ffeb60 mode 0
Event: 0.432 Thread 0x000001cff73a6c30 DEOPT PACKING pc=0x000001cf80162026 sp=0x0000007e14fff5f0
Event: 0.432 Thread 0x000001cff73a6c30 DEOPT UNPACKING pc=0x000001cf874a88e2 sp=0x0000007e14ffeb60 mode 0

Classes loaded (20 events):
Event: 0.384 Loading class org/apache/commons/math3/util/FastMath$ExpIntTable
Event: 0.384 Loading class org/apache/commons/math3/util/FastMath$ExpIntTable done
Event: 0.384 Loading class org/apache/commons/math3/util/FastMath$ExpFracTable
Event: 0.384 Loading class org/apache/commons/math3/util/FastMath$ExpFracTable done
Event: 0.384 Loading class org/apache/commons/math3/special/Erf
Event: 0.384 Loading class org/apache/commons/math3/special/Erf done
Event: 0.385 Loading class org/apache/commons/math3/special/Gamma
Event: 0.385 Loading class org/apache/commons/math3/special/Gamma done
Event: 0.385 Loading class org/apache/commons/math3/exception/MaxCountExceededException
Event: 0.385 Loading class org/apache/commons/math3/exception/MaxCountExceededException done
Event: 0.385 Loading class org/apache/commons/math3/util/ContinuedFraction
Event: 0.385 Loading class org/apache/commons/math3/util/ContinuedFraction done
Event: 0.385 Loading class org/apache/commons/math3/special/Gamma$1
Event: 0.385 Loading class org/apache/commons/math3/special/Gamma$1 done
Event: 0.386 Loading class org/apache/commons/math3/exception/ConvergenceException
Event: 0.386 Loading class org/apache/commons/math3/exception/ConvergenceException done
Event: 0.386 Loading class org/apache/commons/math3/util/Precision
Event: 0.386 Loading class org/apache/commons/math3/util/Precision done
Event: 0.386 Loading class java/lang/NumberFormatException
Event: 0.386 Loading class java/lang/NumberFormatException done

Classes unloaded (0 events):
No events

Classes redefined (0 events):
No events

Internal exceptions (20 events):
Event: 0.184 Thread 0x000001cff73a6c30 Exception <a 'sun/nio/fs/WindowsException'{0x0000000624b33f60}> (0x0000000624b33f60) 
thrown [s\open\src\hotspot\share\prims\jni.cpp, line 520]
Event: 0.184 Thread 0x000001cff73a6c30 Exception <a 'sun/nio/fs/WindowsException'{0x0000000624b341a0}> (0x0000000624b341a0) 
thrown [s\open\src\hotspot\share\prims\jni.cpp, line 520]
Event: 0.184 Thread 0x000001cff73a6c30 Exception <a 'sun/nio/fs/WindowsException'{0x0000000624b34b38}> (0x0000000624b34b38) 
thrown [s\open\src\hotspot\share\prims\jni.cpp, line 520]
Event: 0.184 Thread 0x000001cff73a6c30 Exception <a 'sun/nio/fs/WindowsException'{0x0000000624b34e08}> (0x0000000624b34e08) 
thrown [s\open\src\hotspot\share\prims\jni.cpp, line 520]
Event: 0.185 Thread 0x000001cff73a6c30 Exception <a 'sun/nio/fs/WindowsException'{0x0000000624b35720}> (0x0000000624b35720) 
thrown [s\open\src\hotspot\share\prims\jni.cpp, line 520]
Event: 0.185 Thread 0x000001cff73a6c30 Exception <a 'sun/nio/fs/WindowsException'{0x0000000624b35990}> (0x0000000624b35990) 
thrown [s\open\src\hotspot\share\prims\jni.cpp, line 520]
Event: 0.185 Thread 0x000001cff73a6c30 Exception <a 'sun/nio/fs/WindowsException'{0x0000000624b36368}> (0x0000000624b36368) 
thrown [s\open\src\hotspot\share\prims\jni.cpp, line 520]
Event: 0.185 Thread 0x000001cff73a6c30 Exception <a 'sun/nio/fs/WindowsException'{0x0000000624b36668}> (0x0000000624b36668) 
thrown [s\open\src\hotspot\share\prims\jni.cpp, line 520]
Event: 0.185 Thread 0x000001cff73a6c30 Exception <a 'sun/nio/fs/WindowsException'{0x0000000624b36f58}> (0x0000000624b36f58) 
thrown [s\open\src\hotspot\share\prims\jni.cpp, line 520]
Event: 0.185 Thread 0x000001cff73a6c30 Exception <a 'sun/nio/fs/WindowsException'{0x0000000624b371b0}> (0x0000000624b371b0) 
thrown [s\open\src\hotspot\share\prims\jni.cpp, line 520]
Event: 0.185 Thread 0x000001cff73a6c30 Exception <a 'sun/nio/fs/WindowsException'{0x0000000624b37cc0}> (0x0000000624b37cc0) 
thrown [s\open\src\hotspot\share\prims\jni.cpp, line 520]
Event: 0.185 Thread 0x000001cff73a6c30 Exception <a 'sun/nio/fs/WindowsException'{0x0000000624b380b0}> (0x0000000624b380b0) 
thrown [s\open\src\hotspot\share\prims\jni.cpp, line 520]
Event: 0.185 Thread 0x000001cff73a6c30 Exception <a 'sun/nio/fs/WindowsException'{0x0000000624b38980}> (0x0000000624b38980) 
thrown [s\open\src\hotspot\share\prims\jni.cpp, line 520]
Event: 0.185 Thread 0x000001cff73a6c30 Exception <a 'sun/nio/fs/WindowsException'{0x0000000624b38ba0}> (0x0000000624b38ba0) 
thrown [s\open\src\hotspot\share\prims\jni.cpp, line 520]
Event: 0.185 Thread 0x000001cff73a6c30 Exception <a 'sun/nio/fs/WindowsException'{0x0000000624b39488}> (0x0000000624b39488) 
thrown [s\open\src\hotspot\share\prims\jni.cpp, line 520]
Event: 0.185 Thread 0x000001cff73a6c30 Exception <a 'sun/nio/fs/WindowsException'{0x0000000624b396b8}> (0x0000000624b396b8) 
thrown [s\open\src\hotspot\share\prims\jni.cpp, line 520]
Event: 0.278 Thread 0x000001cff73a6c30 Exception <a 'sun/nio/fs/WindowsException'{0x0000000624bf5e38}> (0x0000000624bf5e38) 
thrown [s\open\src\hotspot\share\prims\jni.cpp, line 520]
Event: 0.278 Thread 0x000001cff73a6c30 Exception <a 'sun/nio/fs/WindowsException'{0x0000000624bf6108}> (0x0000000624bf6108) 
thrown [s\open\src\hotspot\share\prims\jni.cpp, line 520]
Event: 0.281 Thread 0x000001cff73a6c30 Exception <a 'sun/nio/fs/WindowsException'{0x00000006244b30e0}> (0x00000006244b30e0) 
thrown [s\open\src\hotspot\share\prims\jni.cpp, line 520]
Event: 0.281 Thread 0x000001cff73a6c30 Exception <a 'sun/nio/fs/WindowsException'{0x00000006244b33b0}> (0x00000006244b33b0) 
thrown [s\open\src\hotspot\share\prims\jni.cpp, line 520]

ZGC Phase Switch (0 events):
No events

VM Operations (20 events):
Event: 22.527 Executing VM operation: get/set locals
Event: 22.527 Executing VM operation: get/set locals done
Event: 22.527 Executing VM operation: get/set locals
Event: 22.527 Executing VM operation: get/set locals done
Event: 22.527 Executing VM operation: get/set locals
Event: 22.527 Executing VM operation: get/set locals done
Event: 22.527 Executing VM operation: get/set locals
Event: 22.527 Executing VM operation: get/set locals done
Event: 22.527 Executing VM operation: get/set locals
Event: 22.527 Executing VM operation: get/set locals done
Event: 22.527 Executing VM operation: get/set locals
Event: 22.527 Executing VM operation: get/set locals done
Event: 22.527 Executing VM operation: get/set locals
Event: 22.527 Executing VM operation: get/set locals done
Event: 22.527 Executing VM operation: get/set locals
Event: 22.527 Executing VM operation: get/set locals done
Event: 22.842 Executing VM operation: ChangeSingleStep
Event: 22.842 Executing VM operation: ChangeSingleStep done
Event: 22.842 Executing VM operation: ChangeSingleStep
Event: 22.842 Executing VM operation: ChangeSingleStep done

Events (20 events):
Event: 0.028 Thread 0x000001cfdd02f2d0 Thread added: 0x000001cfdd02f2d0
Event: 0.028 Thread 0x000001cfdd0385e0 Thread added: 0x000001cfdd0385e0
Event: 0.028 Thread 0x000001cfdd040550 Thread added: 0x000001cfdd040550
Event: 0.030 Thread 0x000001cfdd042090 Thread added: 0x000001cfdd042090
Event: 0.049 Thread 0x000001cfdd1be720 Thread added: 0x000001cfdd1be720
Event: 0.053 Thread 0x000001cfdd03ea10 Thread added: 0x000001cfdd03ea10
Event: 0.055 Thread 0x000001cfdd03f0e0 Thread added: 0x000001cfdd03f0e0
Event: 0.059 Thread 0x000001cfdd256d00 Thread added: 0x000001cfdd256d00
Event: 0.059 Thread 0x000001cfdd2593a0 Thread added: 0x000001cfdd2593a0
Event: 0.059 Thread 0x000001cfdd25c860 Thread added: 0x000001cfdd25c860
Event: 0.072 Thread 0x000001cfdd2df850 Thread added: 0x000001cfdd2df850
Event: 0.393 Thread 0x000001cfdd040c20 Thread added: 0x000001cfdd040c20
Event: 0.395 Thread 0x000001cfdd03f7b0 Thread added: 0x000001cfdd03f7b0
Event: 0.395 Thread 0x000001cfdd03fe80 Thread added: 0x000001cfdd03fe80
Event: 5.441 Thread 0x000001cfdd03f0e0 Thread exited: 0x000001cfdd03f0e0
Event: 5.441 Thread 0x000001cfdd03fe80 Thread exited: 0x000001cfdd03fe80
Event: 5.441 Thread 0x000001cfdd03f7b0 Thread exited: 0x000001cfdd03f7b0
Event: 5.441 Thread 0x000001cfdd03ea10 Thread exited: 0x000001cfdd03ea10
Event: 5.441 Thread 0x000001cfdd040c20 Thread exited: 0x000001cfdd040c20
Event: 5.441 Thread 0x000001cfdd042090 Thread exited: 0x000001cfdd042090


Dynamic libraries:
0x00007ff7c32c0000 - 0x00007ff7c32ce000 	C:\Users\drago\.jdks\openjdk-22\bin\java.exe
0x00007fff94ad0000 - 0x00007fff94ce7000 	C:\Windows\SYSTEM32\ntdll.dll
0x00007fff93bc0000 - 0x00007fff93c84000 	C:\Windows\System32\KERNEL32.DLL
0x00007fff921d0000 - 0x00007fff9257d000 	C:\Windows\System32\KERNELBASE.dll
0x00007fff926f0000 - 0x00007fff92801000 	C:\Windows\System32\ucrtbase.dll
0x00007fff86e70000 - 0x00007fff86e87000 	C:\Users\drago\.jdks\openjdk-22\bin\jli.dll
0x00007fff86e50000 - 0x00007fff86e6b000 	C:\Users\drago\.jdks\openjdk-22\bin\VCRUNTIME140.dll
0x00007fff93ea0000 - 0x00007fff9404e000 	C:\Windows\System32\USER32.dll
0x00007fff92580000 - 0x00007fff925a6000 	C:\Windows\System32\win32u.dll
0x00007fff87130000 - 0x00007fff873c3000 	C:\Windows\WinSxS\amd64_microsoft.windows.common-controls_6595b64144ccf1df_6.0.22621.3672_none_2713b9d173822955\COMCTL32.dll
0x00007fff94720000 - 0x00007fff94749000 	C:\Windows\System32\GDI32.dll
0x00007fff93ab0000 - 0x00007fff93b57000 	C:\Windows\System32\msvcrt.dll
0x00007fff91e00000 - 0x00007fff91f19000 	C:\Windows\System32\gdi32full.dll
0x00007fff92130000 - 0x00007fff921ca000 	C:\Windows\System32\msvcp_win.dll
0x00007fff92940000 - 0x00007fff92971000 	C:\Windows\System32\IMM32.DLL
0x00007fff8f010000 - 0x00007fff8f01c000 	C:\Users\drago\.jdks\openjdk-22\bin\vcruntime140_1.dll
0x00007fff86dc0000 - 0x00007fff86e4e000 	C:\Users\drago\.jdks\openjdk-22\bin\msvcp140.dll
0x00007ffef9200000 - 0x00007ffef9f48000 	C:\Users\drago\.jdks\openjdk-22\bin\server\jvm.dll
0x00007fff94750000 - 0x00007fff94802000 	C:\Windows\System32\ADVAPI32.dll
0x00007fff94870000 - 0x00007fff94919000 	C:\Windows\System32\sechost.dll
0x00007fff91f90000 - 0x00007fff91fb8000 	C:\Windows\System32\bcrypt.dll
0x00007fff93990000 - 0x00007fff93aa4000 	C:\Windows\System32\RPCRT4.dll
0x00007fff93d20000 - 0x00007fff93d91000 	C:\Windows\System32\WS2_32.dll
0x00007fff90fe0000 - 0x00007fff9102d000 	C:\Windows\SYSTEM32\POWRPROF.dll
0x00007fff8a900000 - 0x00007fff8a90a000 	C:\Windows\SYSTEM32\VERSION.dll
0x00007fff84700000 - 0x00007fff84734000 	C:\Windows\SYSTEM32\WINMM.dll
0x00007fff90fc0000 - 0x00007fff90fd3000 	C:\Windows\SYSTEM32\UMPDC.dll
0x00007fff90e60000 - 0x00007fff90e78000 	C:\Windows\SYSTEM32\kernel.appcore.dll
0x00007fff8ed60000 - 0x00007fff8ed6a000 	C:\Users\drago\.jdks\openjdk-22\bin\jimage.dll
0x00007fff88e30000 - 0x00007fff89062000 	C:\Windows\SYSTEM32\DBGHELP.DLL
0x00007fff92a00000 - 0x00007fff92d88000 	C:\Windows\System32\combase.dll
0x00007fff92860000 - 0x00007fff92937000 	C:\Windows\System32\OLEAUT32.dll
0x00007fff80000000 - 0x00007fff80032000 	C:\Windows\SYSTEM32\dbgcore.DLL
0x00007fff92670000 - 0x00007fff926eb000 	C:\Windows\System32\bcryptPrimitives.dll
0x00007fff6c430000 - 0x00007fff6c46c000 	C:\Users\drago\.jdks\openjdk-22\bin\jdwp.dll
0x00007fff85f00000 - 0x00007fff85f0f000 	C:\Users\drago\.jdks\openjdk-22\bin\instrument.dll
0x00007fff86da0000 - 0x00007fff86dbe000 	C:\Users\drago\.jdks\openjdk-22\bin\java.dll
0x00007fff92ed0000 - 0x00007fff9372f000 	C:\Windows\System32\SHELL32.dll
0x00007fff937e0000 - 0x00007fff93985000 	C:\Windows\System32\ole32.dll
0x00007fff86d60000 - 0x00007fff86d77000 	C:\Users\drago\.jdks\openjdk-22\bin\zip.dll
0x00007fff8fd00000 - 0x00007fff905fc000 	C:\Windows\SYSTEM32\windows.storage.dll
0x00007fff8fbc0000 - 0x00007fff8fcff000 	C:\Windows\SYSTEM32\wintypes.dll
0x00007fff92dd0000 - 0x00007fff92ec4000 	C:\Windows\System32\SHCORE.dll
0x00007fff93cc0000 - 0x00007fff93d1e000 	C:\Windows\System32\shlwapi.dll
0x00007fff91d30000 - 0x00007fff91d51000 	C:\Windows\SYSTEM32\profapi.dll
0x00007fff72f20000 - 0x00007fff72ff7000 	C:\Users\drago\.jdks\openjdk-22\bin\jsvml.dll
0x00007fff73dd0000 - 0x00007fff73ddc000 	C:\Users\drago\.jdks\openjdk-22\bin\dt_socket.dll
0x00007fff908a0000 - 0x00007fff908cd000 	C:\Windows\SYSTEM32\IPHLPAPI.DLL
0x00007fff91350000 - 0x00007fff913b9000 	C:\Windows\system32\mswsock.dll
0x00007fff8dbb0000 - 0x00007fff8dbc0000 	C:\Users\drago\.jdks\openjdk-22\bin\net.dll
0x00007fff86d80000 - 0x00007fff86d96000 	C:\Users\drago\.jdks\openjdk-22\bin\nio.dll
0x00007fff77560000 - 0x00007fff77570000 	C:\Users\drago\.jdks\openjdk-22\bin\verify.dll
0x00007fff5f880000 - 0x00007fff5f8fb000 	C:\Users\drago\AppData\Local\Temp\lwjgl_drago\3.3.4+7\x64\lwjgl.dll
0x00007ffef4410000 - 0x00007ffef6c2f000 	C:\Program Files\NVIDIA GPU Computing Toolkit\CUDA\v12.0\bin\nvrtc64_120_0.dll
0x00007ffef8370000 - 0x00007ffef8a1e000 	C:\Program Files\NVIDIA GPU Computing Toolkit\CUDA\v12.0\bin\nvrtc-builtins64_120.dll
0x00007ffefb2a0000 - 0x00007ffefb62e000 	C:\Windows\SYSTEM32\nvcuda.dll
0x00007fff8f3f0000 - 0x00007fff8f429000 	C:\Windows\SYSTEM32\dxcore.dll
0x00007ffef3a00000 - 0x00007ffef440f000 	C:\Windows\system32\DriverStore\FileRepository\nv_dispig.inf_amd64_3ebbea8954b2ad86\nvcuda64.dll
0x00007fff91a90000 - 0x00007fff91aa2000 	C:\Windows\SYSTEM32\msasn1.dll
0x00007fff8a8c0000 - 0x00007fff8a8f2000 	C:\Windows\SYSTEM32\cryptnet.dll
0x00007fff91fc0000 - 0x00007fff92127000 	C:\Windows\System32\CRYPT32.dll
0x00007fff89160000 - 0x00007fff892b8000 	C:\Windows\SYSTEM32\drvstore.dll
0x00007fff91ab0000 - 0x00007fff91adc000 	C:\Windows\SYSTEM32\devobj.dll
0x00007fff91ae0000 - 0x00007fff91b2e000 	C:\Windows\SYSTEM32\cfgmgr32.dll
0x00007fff916a0000 - 0x00007fff916e9000 	C:\Windows\SYSTEM32\wldp.dll
0x00007fff915d0000 - 0x00007fff915dc000 	C:\Windows\SYSTEM32\cryptbase.dll
0x00007fff83e50000 - 0x00007fff84514000 	C:\Windows\SYSTEM32\nvapi64.dll
0x00007fff940e0000 - 0x00007fff94554000 	C:\Windows\System32\SETUPAPI.dll

dbghelp: loaded successfully - version: 4.0.5 - missing functions: none
symbol engine: initialized successfully - sym options: 0x614 - pdb path: .;C:\Users\drago\.jdks\openjdk-22\bin;C:\Windows\SYSTEM32;C:\Windows\WinSxS\amd64_microsoft.windows.common-controls_6595b64144ccf1df_6.0.22621.3672_none_2713b9d173822955;C:\Users\drago\.jdks\openjdk-22\bin\server;C:\Users\drago\AppData\Local\Temp\lwjgl_drago\3.3.4+7\x64;C:\Program Files\NVIDIA GPU Computing Toolkit\CUDA\v12.0\bin;C:\Windows\system32\DriverStore\FileRepository\nv_dispig.inf_amd64_3ebbea8954b2ad86

VM Arguments:
jvm_args: -agentlib:jdwp=transport=dt_socket,address=127.0.0.1:3229,suspend=y,server=n -javaagent:C:\Users\drago\AppData\Local\JetBrains\IdeaIC2024.1\captureAgent\debugger-agent.jar -Dfile.encoding=UTF-8 -Dsun.stdout.encoding=UTF-8 -Dsun.stderr.encoding=UTF-8 
java_command: benchmark.BenchMarkingTest
java_class_path (initial): D:\Dev\jcuda-samples\target\classes;C:\Users\drago\.m2\repository\org\apache\commons\commons-math3\3.6.1\commons-math3-3.6.1.jar;C:\Users\drago\.m2\repository\org\jcuda\jcuda\12.0.0\jcuda-12.0.0.jar;C:\Users\drago\.m2\repository\org\jcuda\jcuda-natives\12.0.0\jcuda-natives-12.0.0-windows-x86_64.jar;C:\Users\drago\.m2\repository\org\jcuda\jcublas\12.0.0\jcublas-12.0.0.jar;C:\Users\drago\.m2\repository\org\jcuda\jcublas-natives\12.0.0\jcublas-natives-12.0.0-windows-x86_64.jar;C:\Users\drago\.m2\repository\org\jcuda\jcufft\12.0.0\jcufft-12.0.0.jar;C:\Users\drago\.m2\repository\org\jcuda\jcufft-natives\12.0.0\jcufft-natives-12.0.0-windows-x86_64.jar;C:\Users\drago\.m2\repository\org\jcuda\jcurand\12.0.0\jcurand-12.0.0.jar;C:\Users\drago\.m2\repository\org\jcuda\jcurand-natives\12.0.0\jcurand-natives-12.0.0-windows-x86_64.jar;C:\Users\drago\.m2\repository\org\jcuda\jcusparse\12.0.0\jcusparse-12.0.0.jar;C:\Users\drago\.m2\repository\org\jcuda\jcusparse-natives\12.0.0\jcusparse-natives-12.0.0-windows-x86_64.jar;C:\Users\drago\.m2\repository\org\jcuda\jcusolver\12.0.0\jcusolver-12.0.0.jar;C:\Users\drago\.m2\repository\org\jcuda\jcusolver-natives\12.0.0\jcusolver-natives-12.0.0-windows-x86_64.jar;C:\Users\drago\.m2\repository\org\jcuda\jcudnn\12.0.0\jcudnn-12.0.0.jar;C:\Users\drago\.m2\repository\org\jcuda\jcudnn-natives\12.0.0\jcudnn-natives-12.0.0-windows-x86_64.jar;C:\Users\drago\.m2\repository\org\jcuda\jcuda-vec\0.0.2\jcuda-vec-0.0.2.jar;C:\Users\drago\.m2\repository\de\javagl\matrixmarketreader\0.0.1-SNAPSHOT\matrixmarketreader-0.0.1-SNAPSHOT.jar;C:\Users\drago\.m2\repository\org\jcuda\jcuda-matrix-utils\0.0.1-SNAPSHOT\jcuda-matrix-utils-0.0.1-SNAPSHOT.jar;C:\Users\drago\.m2\repository\com\github\wendykierp\JTransforms\3.1\JTransforms-3.1-with-dependencies.jar;C:\Users\drago\.m2\repository\pl\edu\icm\JLargeArrays\1.5\JLargeArrays-1.5.jar;C:\Users\drago\.m2\repository\org\jogamp\gluegen\gluegen-rt-main\2.3.2\gluegen-rt-main-2.3.2.jar;C:\Users\drago\.m2\repository\org\jogamp\gluegen\gluegen-rt\2.3.2\gluegen-rt-2.3.2.jar;C:\Users\drago\.m2\repository\org\jogamp\gluegen\gluegen-rt\2.3.2\gluegen-rt-2.3.2-natives-android-aarch64.jar;C:\Users\drago\.m2\repository\org\jogamp\gluegen\gluegen-rt\2.3.2\gluegen-rt-2.3.2-natives-android-armv6.jar;C:\Users\drago\.m2\repository\org\jogamp\gluegen\gluegen-rt\2.3.2\gluegen-rt-2.3.2-natives-linux-amd64.jar;C:\Users\drago\.m2\repository\org\jogamp\gluegen\gluegen-rt\2.3.2\gluegen-rt-2.3.2-natives-linux-armv6.jar;C:\Users\drago\.m2\repository\org\jogamp\gluegen\gluegen-rt\2.3.2\gluegen-rt-2.3.2-natives-linux-armv6hf.jar;C:\Users\drago\.m2\repository\org\jogamp\gluegen\gluegen-rt\2.3.2\gluegen-rt-2.3.2-natives-linux-i586.jar;C:\Users\drago\.m2\repository\org\jogamp\gluegen\gluegen-rt\2.3.2\gluegen-rt-2.3.2-natives-macosx-universal.jar;C:\Users\drago\.m2\repository\org\jogamp\gluegen\gluegen-rt\2.3.2\gluegen-rt-2.3.2-natives-solaris-amd64.jar;C:\Users\drago\.m2\repository\org\jogamp\gluegen\gluegen-rt\2.3.2\gluegen-rt-2.3.2-natives-solaris-i586.jar;C:\Users\drago\.m2\repository\org\jogamp\gluegen\gluegen-rt\2.3.2\gluegen-rt-2.3.2-natives-windows-amd64.jar;C:\Users\drago\.m2\repository\org\jogamp\gluegen\gluegen-rt\2.3.2\gluegen-rt-2.3.2-natives-windows-i586.jar;C:\Users\drago\.m2\repository\org\jogamp\jogl\jogl-all-main\2.3.2\jogl-all-main-2.3.2.jar;C:\Users\drago\.m2\repository\org\jogamp\jogl\jogl-all\2.3.2\jogl-all-2.3.2.jar;C:\Users\drago\.m2\repository\org\jogamp\jogl\jogl-all\2.3.2\jogl-all-2.3.2-natives-android-aarch64.jar;C:\Users\drago\.m2\repository\org\jogamp\jogl\jogl-all\2.3.2\jogl-all-2.3.2-natives-android-armv6.jar;C:\Users\drago\.m2\repository\org\jogamp\jogl\jogl-all\2.3.2\jogl-all-2.3.2-natives-linux-amd64.jar;C:\Users\drago\.m2\repository\org\jogamp\jogl\jogl-all\2.3.2\jogl-all-2.3.2-natives-linux-armv6.jar;C:\Users\drago\.m2\repository\org\jogamp\jogl\jogl-all\2.3.2\jogl-all-2.3.2-natives-linux-armv6hf.jar;C:\Users\drago\.m2\repository\org\jogamp\jogl\jogl-all\2.3.2\jogl-all-2.3.2-natives-linux-i586.jar;C:\Users\drago\.m2\repository\org\jogamp\jogl\jogl-all\2.3.2\jogl-all-2.3.2-natives-macosx-universal.jar;C:\Users\drago\.m2\repository\org\jogamp\jogl\jogl-all\2.3.2\jogl-all-2.3.2-natives-solaris-amd64.jar;C:\Users\drago\.m2\repository\org\jogamp\jogl\jogl-all\2.3.2\jogl-all-2.3.2-natives-solaris-i586.jar;C:\Users\drago\.m2\repository\org\jogamp\jogl\jogl-all\2.3.2\jogl-all-2.3.2-natives-windows-amd64.jar;C:\Users\drago\.m2\repository\org\jogamp\jogl\jogl-all\2.3.2\jogl-all-2.3.2-natives-windows-i586.jar;C:\Users\drago\.m2\repository\org\lwjgl\lwjgl\3.3.4\lwjgl-3.3.4.jar;C:\Users\drago\.m2\repository\org\lwjgl\lwjgl-cuda\3.3.4\lwjgl-cuda-3.3.4.jar;C:\Users\drago\.m2\repository\org\lwjgl\lwjgl-opengl\3.3.4\lwjgl-opengl-3.3.4.jar;C:\Users\drago\.m2\repository\org\lwjgl\lwjgl\3.3.4\lwjgl-3.3.4-natives-windows.jar;C:\Users\drago\.m2\repository\org\lwjgl\lwjgl-opengl\3.3.4\lwjgl-opengl-3.3.4-natives-windows.jar;C:\Program Files\JetBrains\IntelliJ IDEA Community Edition 2024.1\lib\idea_rt.jar
Launcher Type: SUN_STANDARD

[Global flags]
     intx CICompilerCount                          = 12                                        {product} {ergonomic}
     uint ConcGCThreads                            = 3                                         {product} {ergonomic}
     uint G1ConcRefinementThreads                  = 13                                        {product} {ergonomic}
   size_t G1HeapRegionSize                         = 4194304                                   {product} {ergonomic}
   size_t InitialHeapSize                          = 532676608                                 {product} {ergonomic}
   size_t MarkStackSize                            = 4194304                                   {product} {ergonomic}
   size_t MaxHeapSize                              = 8497659904                                {product} {ergonomic}
   size_t MaxNewSize                               = 5096079360                                {product} {ergonomic}
   size_t MinHeapDeltaBytes                        = 4194304                                   {product} {ergonomic}
   size_t MinHeapSize                              = 8388608                                   {product} {ergonomic}
    uintx NonNMethodCodeHeapSize                   = 7602480                                {pd product} {ergonomic}
    uintx NonProfiledCodeHeapSize                  = 122027880                              {pd product} {ergonomic}
    uintx ProfiledCodeHeapSize                     = 122027880                              {pd product} {ergonomic}
    uintx ReservedCodeCacheSize                    = 251658240                              {pd product} {ergonomic}
     bool SegmentedCodeCache                       = true                                      {product} {ergonomic}
   size_t SoftMaxHeapSize                          = 8497659904                             {manageable} {ergonomic}
     bool UseCompressedOops                        = true                           {product lp64_product} {ergonomic}
     bool UseG1GC                                  = true                                      {product} {ergonomic}
     bool UseLargePagesIndividualAllocation        = false                                  {pd product} {ergonomic}

Logging:
Log output configuration:
 #0: stdout all=warning uptime,level,tags foldmultilines=false
 #1: stderr all=off uptime,level,tags foldmultilines=false

Environment Variables:
PATH=C:\Program Files\NVIDIA GPU Computing Toolkit\CUDA\v12.0\bin;C:\Program Files\NVIDIA GPU Computing Toolkit\CUDA\v12.0\libnvvp;C:\Program Files\Zulu\zulu-21\bin\;C:\Windows\system32;C:\Windows;C:\Windows\System32\Wbem;C:\Windows\System32\WindowsPowerShell\v1.0\;C:\Windows\System32\OpenSSH\;C:\Program Files (x86)\NVIDIA Corporation\PhysX\Common;C:\Program Files\NVIDIA Corporation\NVIDIA NvDLISR;C:\Program Files\Git\cmd;C:\Program Files\nodejs\;C:\Program Files\dotnet\;C:\Users\Temp Admin\AppData\Roaming\npm;C:\Program Files\NVIDIA Corporation\Nsight Compute 2022.4.0\;C:\Users\drago\.cargo\bin;C:\Users\drago\AppData\Local\Microsoft\WindowsApps;C:\Users\drago\AppData\Roaming\npm;C:\Users\drago\AppData\Local\Programs\Microsoft VS Code\bin;C:\Program Files\Graphviz\bin;C:\Program Files\Microsoft Visual Studio\2022\Community\VC\Tools\MSVC\14.39.33519\bin\Hostx64\x64;
USERNAME=drago
OS=Windows_NT
PROCESSOR_IDENTIFIER=AMD64 Family 25 Model 97 Stepping 2, AuthenticAMD
TMP=C:\Users\drago\AppData\Local\Temp
TEMP=C:\Users\drago\AppData\Local\Temp




Periodic native trim disabled

---------------  S Y S T E M  ---------------

OS:
 Windows 11 , 64 bit Build 22621 (10.0.22621.3672)
OS uptime: 0 days 9:53 hours
Hyper-V role detected

CPU: total 16 (initial active 16) (16 cores per cpu, 2 threads per core) family 25 model 97 stepping 2 microcode 0x0, cx8, cmov, fxsr, ht, mmx, 3dnowpref, sse, sse2, sse3, ssse3, sse4a, sse4.1, sse4.2, popcnt, lzcnt, tsc, tscinvbit, avx, avx2, aes, erms, clmul, bmi1, bmi2, adx, avx512f, avx512dq, avx512cd, avx512bw, avx512vl, sha, fma, vzeroupper, avx512_vpopcntdq, avx512_vpclmulqdq, avx512_vaes, avx512_vnni, clflush, clflushopt, avx512_vbmi2, avx512_vbmi, hv, rdtscp, rdpid, fsrm, gfni, avx512_bitalg, f16c, cet_ss, avx512_ifma
Processor Information for all 16 processors :
  Max Mhz: 4201, Current Mhz: 4201, Mhz Limit: 4201

Memory: 4k page, system-wide physical 32406M (19702M free)
TotalPageFile size 34454M (AvailPageFile size 19990M)
current process WorkingSet (physical memory assigned to process): 132M, peak: 217M
current process commit charge ("private bytes"): 883M, peak: 973M

vm_info: OpenJDK 64-Bit Server VM (22+36-2370) for windows-amd64 JRE (22+36-2370), built on 2024-02-15T22:15:19Z by "mach5one" with MS VC++ 17.6 (VS2022)

END.
