#
# A fatal error has been detected by the Java Runtime Environment:
#
#  EXCEPTION_ACCESS_VIOLATION (0xc0000005) at pc=0x00007ffef884a113, pid=5032, tid=8608
#
# JRE version: OpenJDK Runtime Environment (22.0+36) (build 22+36-2370)
# Java VM: OpenJDK 64-Bit Server VM (22+36-2370, mixed mode, sharing, tiered, compressed oops, compressed class ptrs, g1 gc, windows-amd64)
# Problematic frame:
# C  [nvcuda64.dll+0x5a113]
#
# No core dump will be written. Minidumps are not enabled by default on client versions of Windows
#
# If you would like to submit a bug report, please visit:
#   https://bugreport.java.com/bugreport/crash.jsp
# The crash happened outside the Java Virtual Machine in native code.
# See problematic frame for where to report the bug.
#

---------------  S U M M A R Y ------------

Command Line: -agentlib:jdwp=transport=dt_socket,address=127.0.0.1:3317,suspend=y,server=n -javaagent:C:\Users\drago\AppData\Local\JetBrains\IdeaIC2024.1\captureAgent\debugger-agent.jar -Dfile.encoding=UTF-8 -Dsun.stdout.encoding=UTF-8 -Dsun.stderr.encoding=UTF-8 benchmark.BenchMarkingTest

Host: AMD Ryzen 7 7800X3D 8-Core Processor           , 16 cores, 31G,  Windows 11 , 64 bit Build 22621 (10.0.22621.3672)
Time: Fri Aug  2 08:34:32 2024 Malay Peninsula Standard Time elapsed time: 11.073389 seconds (0d 0h 0m 11s)

---------------  T H R E A D  ---------------

Current thread (0x00000249604ea470):  JavaThread "main"             [_thread_in_native, id=8608, stack(0x0000009ff5e00000,0x0000009ff5f00000) (1024K)]

Stack: [0x0000009ff5e00000,0x0000009ff5f00000],  sp=0x0000009ff5efeed0,  free space=1019k
Native frames: (J=compiled Java code, j=interpreted, Vv=VM code, C=native code)
C  [nvcuda64.dll+0x5a113]  (no source info available)
C  [nvcuda64.dll+0x5a4f4]  (no source info available)
C  [nvcuda64.dll+0x208aab]  (no source info available)
C  [lwjgl.dll+0x618d]  (no source info available)
C  0x0000024971f30a72  (no source info available)

The last pc belongs to native method entry point (kind = native) (printed below).
Java frames: (J=compiled Java code, j=interpreted, Vv=VM code)
j  org.lwjgl.system.JNI.callPPPPI(JIIIIIIIJJJJ)I+0
j  org.lwjgl.cuda.CU.ncuLaunchKernel(JIIIIIIIJJJ)I+43
j  org.lwjgl.cuda.CU.cuLaunchKernel(JIIIIIIIJLorg/lwjgl/PointerBuffer;Lorg/lwjgl/PointerBuffer;)I+25
j  benchmark.CudaLWJGLOptionPricer.price(DJ)Ljava/util/List;+201
j  benchmark.BenchMarkingTest.doOneRound(Ljava/util/List;Z)V+118
j  benchmark.BenchMarkingTest.main([Ljava/lang/String;)V+23
v  ~StubRoutines::call_stub 0x0000024971f2100d

siginfo: EXCEPTION_ACCESS_VIOLATION (0xc0000005), reading address 0x000002494e5c12e0


Registers:
RAX=0x0000000000000000, RBX=0x000002494e5c12e0, RCX=0x0000000000000020, RDX=0x000002494e5c12e0
RSP=0x0000009ff5efeed0, RBP=0x0000000000000001, RSI=0x0000000000000000, RDI=0x0000000000000000
R8 =0x0000009ff5efeff0, R9 =0x0000009ff5efefb0, R10=0x0000000000000000, R11=0x0000009ff5efeff0
R12=0x0000009ff5efeff0, R13=0x0000000000000001, R14=0x000002494d7e5108, R15=0x0000009ff5efefb0
RIP=0x00007ffef884a113, EFLAGS=0x0000000000010202


Register to memory mapping:

RAX=0x0 is null
RBX=0x000002494e5c12e0 is an unknown value
RCX=0x0000000000000020 is an unknown value
RDX=0x000002494e5c12e0 is an unknown value
RSP=0x0000009ff5efeed0 is pointing into the stack for thread: 0x00000249604ea470
RBP=0x0000000000000001 is an unknown value
RSI=0x0 is null
RDI=0x0 is null
R8 =0x0000009ff5efeff0 is pointing into the stack for thread: 0x00000249604ea470
R9 =0x0000009ff5efefb0 is pointing into the stack for thread: 0x00000249604ea470
R10=0x0 is null
R11=0x0000009ff5efeff0 is pointing into the stack for thread: 0x00000249604ea470
R12=0x0000009ff5efeff0 is pointing into the stack for thread: 0x00000249604ea470
R13=0x0000000000000001 is an unknown value
R14=0x000002494d7e5108 points into unknown readable memory: 0x000002494e527814 | 14 78 52 4e 49 02 00 00
R15=0x0000009ff5efefb0 is pointing into the stack for thread: 0x00000249604ea470

Top of Stack: (sp=0x0000009ff5efeed0)
0x0000009ff5efeed0:   00000249604ea470 0000024960556330
0x0000009ff5efeee0:   00000249627927b0 00000249627927c0
0x0000009ff5efeef0:   0000024962792898 00000000000000d8
0x0000009ff5efef00:   0000009ff5eff410 0000024960556bb0
0x0000009ff5efef10:   00007ffef9e6b948 00007ffef978ec7d
0x0000009ff5efef20:   000002494e5c12e0 0000000000000000
0x0000009ff5efef30:   000002494d7e5108 0000000000000000
0x0000009ff5efef40:   0000000000000001 000002494e5c12e0
0x0000009ff5efef50:   000002494e5c12e0 0000000000000000
0x0000009ff5efef60:   0000000000000001 00007ffef884a4f4
0x0000009ff5efef70:   0000000000000001 000002494dbdced0
0x0000009ff5efef80:   0000000000000000 0000000000000000
0x0000009ff5efef90:   0000024900000003 000002494d7e5108
0x0000009ff5efefa0:   0000000000000000 00007ffef97af2de
0x0000009ff5efefb0:   0000000100000001 0000010000000001
0x0000009ff5efefc0:   0000000100000001 0000000000000000
0x0000009ff5efefd0:   0000000000000000 0000000000000000
0x0000009ff5efefe0:   0000000000000000 00000249627927c0
0x0000009ff5efeff0:   0000000000000000 0000000000000000
0x0000009ff5eff000:   0000000000000000 0000000000000000
0x0000009ff5eff010:   0000000000000000 0000000000000000
0x0000009ff5eff020:   0000000000000000 0000000000000000
0x0000009ff5eff030:   0000000000000000 0000000000000000
0x0000009ff5eff040:   0000000000000000 0000000000000000
0x0000009ff5eff050:   0000000000000000 0000000000000000
0x0000009ff5eff060:   0000000000000000 0000000000000000
0x0000009ff5eff070:   0000000000000000 0000000000000000
0x0000009ff5eff080:   0000000000000000 0000000000000000
0x0000009ff5eff090:   0000000000000000 0000000000000000
0x0000009ff5eff0a0:   0000000000000000 0000000000000000
0x0000009ff5eff0b0:   0000000000000000 0000000000000000
0x0000009ff5eff0c0:   0000000000000000 0000000000000000 

Instructions: (pc=0x00007ffef884a113)
0x00007ffef884a013:   54 49 8b d6 8b 84 24 c8 02 00 00 b1 01 89 44 24
0x00007ffef884a023:   58 8b 84 24 d0 02 00 00 89 44 24 5c 8b 84 24 d8
0x00007ffef884a033:   02 00 00 89 44 24 60 8b 84 24 e0 02 00 00 89 44
0x00007ffef884a043:   24 64 8b 84 24 e8 02 00 00 89 44 24 68 48 8d 44
0x00007ffef884a053:   24 50 48 89 74 24 38 48 89 6c 24 30 48 89 44 24
0x00007ffef884a063:   28 48 8d 84 24 90 00 00 00 48 89 44 24 20 f3 0f
0x00007ffef884a073:   7f 44 24 6c 89 5c 24 50 e8 f0 f7 ff ff 48 8b 8c
0x00007ffef884a083:   24 50 02 00 00 48 33 cc e8 10 e6 50 00 48 81 c4
0x00007ffef884a093:   60 02 00 00 41 5f 41 5e 41 5c 5f 5e 5d 5b c3 cc
0x00007ffef884a0a3:   cc cc cc cc cc cc cc cc cc cc cc cc cc 48 8b c4
0x00007ffef884a0b3:   53 57 41 54 41 55 41 57 48 83 ec 70 33 ff 48 89
0x00007ffef884a0c3:   50 b8 48 89 78 10 4d 8b f9 48 89 78 20 4d 8b e0
0x00007ffef884a0d3:   48 89 78 c0 48 8b da 44 0f b6 e9 4d 85 c9 0f 84
0x00007ffef884a0e3:   22 02 00 00 4d 85 c0 0f 84 19 02 00 00 48 8d 48
0x00007ffef884a0f3:   10 e8 a7 81 15 00 85 c0 0f 85 39 01 00 00 48 89
0x00007ffef884a103:   ac 24 a0 00 00 00 4c 89 74 24 60 48 85 db 74 16
0x00007ffef884a113:   8b 2b 8b cd 4c 8b b4 24 a8 00 00 00 83 e9 01 74
0x00007ffef884a123:   0f 83 f9 01 74 7c b8 90 01 00 00 e9 fa 00 00 00
0x00007ffef884a133:   49 83 fe ff 74 10 41 38 7e 24 74 0a b8 20 03 00
0x00007ffef884a143:   00 e9 e4 00 00 00 8b 05 61 60 91 00 3d 00 ba 1c
0x00007ffef884a153:   32 75 0a b8 04 00 00 00 e9 cd 00 00 00 3d 23 c1
0x00007ffef884a163:   ab 00 74 0a b8 03 00 00 00 e9 bc 00 00 00 48 8b
0x00007ffef884a173:   7b 20 48 85 ff 74 af 48 8b 7f 18 48 85 ff 74 a6
0x00007ffef884a183:   33 d2 48 8b cf e8 a3 78 10 00 85 c0 0f 85 98 00
0x00007ffef884a193:   00 00 48 8b cb e8 e3 a3 13 00 85 c0 0f 85 88 00
0x00007ffef884a1a3:   00 00 44 8b 84 24 c0 00 00 00 48 8d 84 24 b8 00
0x00007ffef884a1b3:   00 00 49 8b 57 20 4c 8d 4c 24 58 c7 44 24 28 01
0x00007ffef884a1c3:   00 00 00 49 8b ce 48 89 44 24 20 e8 7d 58 14 00
0x00007ffef884a1d3:   85 c0 75 56 48 89 74 24 68 48 8b b4 24 b8 00 00
0x00007ffef884a1e3:   00 83 ed 01 0f 84 b7 00 00 00 83 fd 01 0f 85 c4
0x00007ffef884a1f3:   00 00 00 39 2e 75 09 4c 8b 86 b8 00 00 00 eb 03
0x00007ffef884a203:   4c 8b c6 48 8b d3 48 8d 4c 24 50 e8 1d 90 11 00 


Stack slot to memory mapping:

stack at sp + 0 slots: 0x00000249604ea470 is a thread
stack at sp + 1 slots: 0x0000024960556330 points into unknown readable memory: 0x0000000200000002 | 02 00 00 00 02 00 00 00
stack at sp + 2 slots: 0x00000249627927b0 points into unknown readable memory: 0x0000000000000000 | 00 00 00 00 00 00 00 00
stack at sp + 3 slots: 0x00000249627927c0 points into unknown readable memory: 0x000000062202c470 | 70 c4 02 22 06 00 00 00
stack at sp + 4 slots: 0x0000024962792898 points into unknown readable memory: 0x880007000146e28c | 8c e2 46 01 00 07 00 88
stack at sp + 5 slots: 0x00000000000000d8 is an unknown value
stack at sp + 6 slots: 0x0000009ff5eff410 is pointing into the stack for thread: 0x00000249604ea470
stack at sp + 7 slots: 0x0000024960556bb0 points into unknown readable memory: 0x0000000170747402 | 02 74 74 70 01 00 00 00

native method entry point (kind = native)  [0x0000024971f302c0, 0x0000024971f315f8]  4920 bytes
[MachCode]
  0x0000024971f302c0: 488b 4b08 | 0fb7 492e | 584c 8d74 | ccf8 6800 | 0000 0068 | 0000 0000 | 5055 488b | ec41 5568 
  0x0000024971f302e0: 0000 0000 | 4c8b 6b08 | 4d8d 6d38 | 5348 8b53 | 0848 8b52 | 0848 8b52 | 1848 8b52 | 7048 8b12 
  0x0000024971f30300: 5248 8b53 | 1048 85d2 | 0f84 0700 | 0000 4881 | c210 0100 | 0052 488b | 5308 488b | 5208 488b 
  0x0000024971f30320: 5210 5249 | 8bc6 482b | c548 c1e8 | 0350 6800 | 0000 0068 | f7ff ffff | 41c6 8781 | 0400 0001 
  0x0000024971f30340: 488b 4310 | 4885 c074 | 208b 88cc | 0000 0083 | c102 8988 | cc00 0000 | 2388 e000 | 0000 0f84 
  0x0000024971f30360: 2a11 0000 | e986 0100 | 0048 8b43 | 1848 85c0 | 0f85 6701 | 0000 e805 | 0000 00e9 | 5001 0000 
  0x0000024971f30380: 488b d348 | 8d44 2408 | 4c89 6dc0 | 498b cfc5 | f877 4989 | afb0 0300 | 0049 8987 | a003 0000 
  0x0000024971f303a0: 4883 ec20 | 40f6 c40f | 0f84 1900 | 0000 4883 | ec08 48b8 | f0a2 5df9 | fe7f 0000 | ffd0 4883 
  0x0000024971f303c0: c408 e90c | 0000 0048 | b8f0 a25d | f9fe 7f00 | 00ff d048 | 83c4 2049 | c787 a003 | 0000 0000 
  0x0000024971f303e0: 0000 49c7 | 87b0 0300 | 0000 0000 | 0049 c787 | a803 0000 | 0000 0000 | c5f8 7741 | 8b8f 3405 
  0x0000024971f30400: 0000 f6c1 | 010f 8442 | 0000 00f6 | c102 0f85 | 3900 0000 | 4883 ec20 | 40f6 c40f | 0f84 1900 
  0x0000024971f30420: 0000 4883 | ec08 48b8 | b077 5df9 | fe7f 0000 | ffd0 4883 | c408 e90c | 0000 0048 | b8b0 775d 
  0x0000024971f30440: f9fe 7f00 | 00ff d048 | 83c4 20ff | e049 8b8f | e005 0000 | 4885 c90f | 8455 0000 | 008b 899c 
  0x0000024971f30460: 0000 0083 | f901 0f85 | 4600 0000 | 498b 8fe0 | 0500 008b | 89a0 0000 | 0048 83ec | 2040 f6c4 
  0x0000024971f30480: 0f0f 8419 | 0000 0048 | 83ec 0848 | b8a0 775d | f9fe 7f00 | 00ff d048 | 83c4 08e9 | 0c00 0000 
  0x0000024971f304a0: 48b8 a077 | 5df9 fe7f | 0000 ffd0 | 4883 c420 | ffe0 4983 | 7f08 000f | 8405 0000 | 00e9 3e0a 
  0x0000024971f304c0: ffff 4c8b | 6dc0 4c8b | 75c8 4e8d | 74f5 00c3 | 488b 4318 | 4885 c00f | 8412 0000 | 008b 4808 
  0x0000024971f304e0: 83c1 0289 | 4808 2348 | 1c0f 849f | 0f00 0049 | 3ba7 f004 | 0000 0f87 | 4800 0000 | 8984 2400 
  0x0000024971f30500: f0ff ff89 | 8424 00e0 | ffff 8984 | 2400 d0ff | ff89 8424 | 00c0 ffff | 8984 2400 | b0ff ff89 
  0x0000024971f30520: 8424 00a0 | ffff 8984 | 2400 90ff | ff89 8424 | 0080 ffff | 493b a7e8 | 0400 0076 | 0749 89a7 
  0x0000024971f30540: f004 0000 | 41c6 8781 | 0400 0000 | 418b 97e8 | 0500 0085 | d20f 8457 | 0100 00e8 | 0500 0000 
  0x0000024971f30560: e94d 0100 | 0048 8d44 | 2408 4c89 | 6dc0 498b | cfc5 f877 | 4989 afb0 | 0300 0049 | 8987 a003 
  0x0000024971f30580: 0000 4883 | ec20 40f6 | c40f 0f84 | 1900 0000 | 4883 ec08 | 48b8 00c8 | 5df9 fe7f | 0000 ffd0 
  0x0000024971f305a0: 4883 c408 | e90c 0000 | 0048 b800 | c85d f9fe | 7f00 00ff | d048 83c4 | 2049 c787 | a003 0000 
  0x0000024971f305c0: 0000 0000 | 49c7 87b0 | 0300 0000 | 0000 0049 | c787 a803 | 0000 0000 | 0000 c5f8 | 7741 8b8f 
  0x0000024971f305e0: 3405 0000 | f6c1 010f | 8442 0000 | 00f6 c102 | 0f85 3900 | 0000 4883 | ec20 40f6 | c40f 0f84 
  0x0000024971f30600: 1900 0000 | 4883 ec08 | 48b8 b077 | 5df9 fe7f | 0000 ffd0 | 4883 c408 | e90c 0000 | 0048 b8b0 
  0x0000024971f30620: 775d f9fe | 7f00 00ff | d048 83c4 | 20ff e049 | 8b8f e005 | 0000 4885 | c90f 8455 | 0000 008b 
  0x0000024971f30640: 899c 0000 | 0083 f901 | 0f85 4600 | 0000 498b | 8fe0 0500 | 008b 89a0 | 0000 0048 | 83ec 2040 
  0x0000024971f30660: f6c4 0f0f | 8419 0000 | 0048 83ec | 0848 b8a0 | 775d f9fe | 7f00 00ff | d048 83c4 | 08e9 0c00 
  0x0000024971f30680: 0000 48b8 | a077 5df9 | fe7f 0000 | ffd0 4883 | c420 ffe0 | 4983 7f08 | 000f 8405 | 0000 00e9 
  0x0000024971f306a0: 5c08 ffff | 4c8b 6dc0 | 4c8b 75c8 | 4e8d 74f5 | 00c3 49ba | ac40 e4f9 | fe7f 0000 | 4180 3a00 
  0x0000024971f306c0: 0f84 3e00 | 0000 488b | 55e8 498b | cf48 83ec | 2040 f6c4 | 0f0f 8419 | 0000 0048 | 83ec 0848 
  0x0000024971f306e0: b800 b694 | f9fe 7f00 | 00ff d048 | 83c4 08e9 | 0c00 0000 | 48b8 00b6 | 94f9 fe7f | 0000 ffd0 
  0x0000024971f30700: 4883 c420 | 488b 5de8 | 4c8b 5b08 | 450f b75b | 2e41 c1e3 | 0349 2be3 | 4883 ec20 | 4883 e4f0 
  0x0000024971f30720: 4c8b 5b60 | 4d85 db0f | 8562 0100 | 00e8 0500 | 0000 e950 | 0100 0048 | 8bd3 488d | 4424 084c 
  0x0000024971f30740: 896d c049 | 8bcf c5f8 | 7749 89af | b003 0000 | 4989 87a0 | 0300 0048 | 83ec 2040 | f6c4 0f0f 
  0x0000024971f30760: 8419 0000 | 0048 83ec | 0848 b810 | ca5d f9fe | 7f00 00ff | d048 83c4 | 08e9 0c00 | 0000 48b8 
  0x0000024971f30780: 10ca 5df9 | fe7f 0000 | ffd0 4883 | c420 49c7 | 87a0 0300 | 0000 0000 | 0049 c787 | b003 0000 
  0x0000024971f307a0: 0000 0000 | 49c7 87a8 | 0300 0000 | 0000 00c5 | f877 418b | 8f34 0500 | 00f6 c101 | 0f84 4200 
  0x0000024971f307c0: 0000 f6c1 | 020f 8539 | 0000 0048 | 83ec 2040 | f6c4 0f0f | 8419 0000 | 0048 83ec | 0848 b8b0 
  0x0000024971f307e0: 775d f9fe | 7f00 00ff | d048 83c4 | 08e9 0c00 | 0000 48b8 | b077 5df9 | fe7f 0000 | ffd0 4883 
  0x0000024971f30800: c420 ffe0 | 498b 8fe0 | 0500 0048 | 85c9 0f84 | 5500 0000 | 8b89 9c00 | 0000 83f9 | 010f 8546 
  0x0000024971f30820: 0000 0049 | 8b8f e005 | 0000 8b89 | a000 0000 | 4883 ec20 | 40f6 c40f | 0f84 1900 | 0000 4883 
  0x0000024971f30840: ec08 48b8 | a077 5df9 | fe7f 0000 | ffd0 4883 | c408 e90c | 0000 0048 | b8a0 775d | f9fe 7f00 
  0x0000024971f30860: 00ff d048 | 83c4 20ff | e049 837f | 0800 0f84 | 0500 0000 | e987 06ff | ff4c 8b6d | c04c 8b75 
  0x0000024971f30880: c84e 8d74 | f500 c348 | 8b5d e84c | 8b5b 6041 | ffd3 488b | 5de8 4889 | 4518 448b | 5b28 41f6 
  0x0000024971f308a0: c308 0f84 | 1b00 0000 | 4c8b 5b08 | 4d8b 5b08 | 4d8b 5b18 | 4d8b 5b70 | 4d8b 1b4c | 895d 1048 
  0x0000024971f308c0: 8d55 1048 | 8b43 5849 | ba00 0d95 | f9fe 7f00 | 0049 3bc2 | 0f85 6201 | 0000 e805 | 0000 00e9 
  0x0000024971f308e0: 5001 0000 | 488b d348 | 8d44 2408 | 4c89 6dc0 | 498b cfc5 | f877 4989 | afb0 0300 | 0049 8987 
  0x0000024971f30900: a003 0000 | 4883 ec20 | 40f6 c40f | 0f84 1900 | 0000 4883 | ec08 48b8 | 10ca 5df9 | fe7f 0000 
  0x0000024971f30920: ffd0 4883 | c408 e90c | 0000 0048 | b810 ca5d | f9fe 7f00 | 00ff d048 | 83c4 2049 | c787 a003 
  0x0000024971f30940: 0000 0000 | 0000 49c7 | 87b0 0300 | 0000 0000 | 0049 c787 | a803 0000 | 0000 0000 | c5f8 7741 
  0x0000024971f30960: 8b8f 3405 | 0000 f6c1 | 010f 8442 | 0000 00f6 | c102 0f85 | 3900 0000 | 4883 ec20 | 40f6 c40f 
  0x0000024971f30980: 0f84 1900 | 0000 4883 | ec08 48b8 | b077 5df9 | fe7f 0000 | ffd0 4883 | c408 e90c | 0000 0048 
  0x0000024971f309a0: b8b0 775d | f9fe 7f00 | 00ff d048 | 83c4 20ff | e049 8b8f | e005 0000 | 4885 c90f | 8455 0000 
  0x0000024971f309c0: 008b 899c | 0000 0083 | f901 0f85 | 4600 0000 | 498b 8fe0 | 0500 008b | 89a0 0000 | 0048 83ec 
  0x0000024971f309e0: 2040 f6c4 | 0f0f 8419 | 0000 0048 | 83ec 0848 | b8a0 775d | f9fe 7f00 | 00ff d048 | 83c4 08e9 
  0x0000024971f30a00: 0c00 0000 | 48b8 a077 | 5df9 fe7f | 0000 ffd0 | 4883 c420 | ffe0 4983 | 7f08 000f | 8405 0000 
  0x0000024971f30a20: 00e9 da04 | ffff 4c8b | 6dc0 4c8b | 75c8 4e8d | 74f5 00c3 | 488b 5de8 | 488b 4358 | 498d 8fc0 
  0x0000024971f30a40: 0300 00c5 | f877 4989 | afb0 0300 | 0049 ba43 | 0af3 7149 | 0200 004d | 8997 a803 | 0000 4989 
  0x0000024971f30a60: a7a0 0300 | 0041 c787 | 5404 0000 | 0400 0000 | ffd0 c5f8 | 7748 83ec | 10c5 fb11 | 0424 4883 
  0x0000024971f30a80: ec10 4889 | 0424 48c7 | 4424 0800 | 0000 0041 | c787 5404 | 0000 0500 | 0000 f083 | 4424 c000 
  0x0000024971f30aa0: 493b af58 | 0400 000f | 870e 0000 | 0041 83bf | 5004 0000 | 000f 8420 | 0000 0049 | 8bcf 4c8b 
  0x0000024971f30ac0: e448 83ec | 2048 83e4 | f048 b8c0 | 1f5f f9fe | 7f00 00ff | d049 8be4 | 4d33 e441 | c787 5404 
  0x0000024971f30ae0: 0000 0800 | 0000 49c7 | 87a0 0300 | 0000 0000 | 0049 c787 | b003 0000 | 0000 0000 | 49c7 87a8 
  0x0000024971f30b00: 0300 0000 | 0000 00c5 | f877 4d8b | 9f30 0400 | 0041 c783 | 0001 0000 | 0000 0000 | 49bb 5ac8 
  0x0000024971f30b20: f271 4902 | 0000 4c3b | 5d18 0f85 | 2403 0000 | 488b 0424 | 4883 c410 | 4885 c00f | 84fe 0200 
  0x0000024971f30b40: 00a8 030f | 8508 0000 | 0048 8b00 | e9ee 0200 | 00a8 010f | 8509 0000 | 0048 8b40 | fee9 dd02 
  0x0000024971f30b60: 0000 488b | 40ff 4180 | 7f38 000f | 84ce 0200 | 0048 83f8 | 000f 84c4 | 0200 004d | 8b5f 2849 
  0x0000024971f30b80: 83fb 000f | 8414 0000 | 0049 83eb | 084d 895f | 284d 035f | 3049 8903 | e9a2 0200 | 0048 81ec 
  0x0000024971f30ba0: 5001 0000 | 4889 0424 | 4889 4c24 | 0848 8954 | 2410 4889 | 7424 1848 | 897c 2420 | 4c89 4424 
  0x0000024971f30bc0: 284c 894c | 2430 4c89 | 5424 384c | 895c 2440 | c5fb 1144 | 2450 c5fb | 114c 2458 | c5fb 1154 
  0x0000024971f30be0: 2460 c5fb | 115c 2468 | c5fb 1164 | 2470 c5fb | 116c 2478 | c5fb 11b4 | 2480 0000 | 00c5 fb11 
  0x0000024971f30c00: bc24 8800 | 0000 c57b | 1184 2490 | 0000 00c5 | 7b11 8c24 | 9800 0000 | c57b 1194 | 24a0 0000 
  0x0000024971f30c20: 00c5 7b11 | 9c24 a800 | 0000 c57b | 11a4 24b0 | 0000 00c5 | 7b11 ac24 | b800 0000 | c57b 11b4 
  0x0000024971f30c40: 24c0 0000 | 00c5 7b11 | bc24 c800 | 0000 62e1 | ff08 1144 | 241a 62e1 | ff08 114c | 241b 62e1 
  0x0000024971f30c60: ff08 1154 | 241c 62e1 | ff08 115c | 241d 62e1 | ff08 1164 | 241e 62e1 | ff08 116c | 241f 62e1 
  0x0000024971f30c80: ff08 1174 | 2420 62e1 | ff08 117c | 2421 6261 | ff08 1144 | 2422 6261 | ff08 114c | 2423 6261 
  0x0000024971f30ca0: ff08 1154 | 2424 6261 | ff08 115c | 2425 6261 | ff08 1164 | 2426 6261 | ff08 116c | 2427 6261 
  0x0000024971f30cc0: ff08 1174 | 2428 6261 | ff08 117c | 2429 498b | d748 8bc8 | 4883 ec20 | 40f6 c40f | 0f84 1900 
  0x0000024971f30ce0: 0000 4883 | ec08 48b8 | 303e 52f9 | fe7f 0000 | ffd0 4883 | c408 e90c | 0000 0048 | b830 3e52 
  0x0000024971f30d00: f9fe 7f00 | 00ff d048 | 83c4 2062 | 61ff 0810 | 7c24 2962 | 61ff 0810 | 7424 2862 | 61ff 0810 
  0x0000024971f30d20: 6c24 2762 | 61ff 0810 | 6424 2662 | 61ff 0810 | 5c24 2562 | 61ff 0810 | 5424 2462 | 61ff 0810 
  0x0000024971f30d40: 4c24 2362 | 61ff 0810 | 4424 2262 | e1ff 0810 | 7c24 2162 | e1ff 0810 | 7424 2062 | e1ff 0810 
  0x0000024971f30d60: 6c24 1f62 | e1ff 0810 | 6424 1e62 | e1ff 0810 | 5c24 1d62 | e1ff 0810 | 5424 1c62 | e1ff 0810 
  0x0000024971f30d80: 4c24 1b62 | e1ff 0810 | 4424 1ac5 | 7b10 bc24 | c800 0000 | c57b 10b4 | 24c0 0000 | 00c5 7b10 
  0x0000024971f30da0: ac24 b800 | 0000 c57b | 10a4 24b0 | 0000 00c5 | 7b10 9c24 | a800 0000 | c57b 1094 | 24a0 0000 
  0x0000024971f30dc0: 00c5 7b10 | 8c24 9800 | 0000 c57b | 1084 2490 | 0000 00c5 | fb10 bc24 | 8800 0000 | c5fb 10b4 
  0x0000024971f30de0: 2480 0000 | 00c5 fb10 | 6c24 78c5 | fb10 6424 | 70c5 fb10 | 5c24 68c5 | fb10 5424 | 60c5 fb10 
  0x0000024971f30e00: 4c24 58c5 | fb10 4424 | 504c 8b5c | 2440 4c8b | 5424 384c | 8b4c 2430 | 4c8b 4424 | 2848 8b7c 
  0x0000024971f30e20: 2420 488b | 7424 1848 | 8b54 2410 | 488b 4c24 | 0848 8b04 | 2448 81c4 | 5001 0000 | c5f8 7748 
  0x0000024971f30e40: 8945 1048 | 83ec 1048 | 8904 2448 | c744 2408 | 0000 0000 | 4183 bfd0 | 0400 0002 | 0f85 bf00 
  0x0000024971f30e60: 0000 4881 | ec80 0000 | 0048 8944 | 2478 4889 | 4c24 7048 | 8954 2468 | 4889 5c24 | 6048 896c 
  0x0000024971f30e80: 2450 4889 | 7424 4848 | 897c 2440 | 4c89 4424 | 384c 894c | 2430 4c89 | 5424 284c | 895c 2420 
  0x0000024971f30ea0: 4c89 6424 | 184c 896c | 2410 4c89 | 7424 084c | 893c 244c | 8be4 4883 | ec20 4883 | e4f0 48b8 
  0x0000024971f30ec0: 50ee 94f9 | fe7f 0000 | ffd0 498b | e44c 8b3c | 244c 8b74 | 2408 4c8b | 6c24 104c | 8b64 2418 
  0x0000024971f30ee0: 4c8b 5c24 | 204c 8b54 | 2428 4c8b | 4c24 304c | 8b44 2438 | 488b 7c24 | 4048 8b74 | 2448 488b 
  0x0000024971f30f00: 6c24 5048 | 8b5c 2460 | 488b 5424 | 6848 8b4c | 2470 488b | 4424 7848 | 81c4 8000 | 0000 4d33 
  0x0000024971f30f20: e448 8b5d | e84c 8b6b | 084d 8d6d | 3849 837f | 0800 0f84 | 7201 0000 | e805 0000 | 00e9 4d01 
  0x0000024971f30f40: 0000 488d | 4424 084c | 896d c049 | 8bcf c5f8 | 7749 89af | b003 0000 | 4989 87a0 | 0300 0048 
  0x0000024971f30f60: 83ec 2040 | f6c4 0f0f | 8419 0000 | 0048 83ec | 0848 b850 | e85d f9fe | 7f00 00ff | d048 83c4 
  0x0000024971f30f80: 08e9 0c00 | 0000 48b8 | 50e8 5df9 | fe7f 0000 | ffd0 4883 | c420 49c7 | 87a0 0300 | 0000 0000 
  0x0000024971f30fa0: 0049 c787 | b003 0000 | 0000 0000 | 49c7 87a8 | 0300 0000 | 0000 00c5 | f877 418b | 8f34 0500 
  0x0000024971f30fc0: 00f6 c101 | 0f84 4200 | 0000 f6c1 | 020f 8539 | 0000 0048 | 83ec 2040 | f6c4 0f0f | 8419 0000 
  0x0000024971f30fe0: 0048 83ec | 0848 b8b0 | 775d f9fe | 7f00 00ff | d048 83c4 | 08e9 0c00 | 0000 48b8 | b077 5df9 
  0x0000024971f31000: fe7f 0000 | ffd0 4883 | c420 ffe0 | 498b 8fe0 | 0500 0048 | 85c9 0f84 | 5500 0000 | 8b89 9c00 
  0x0000024971f31020: 0000 83f9 | 010f 8546 | 0000 0049 | 8b8f e005 | 0000 8b89 | a000 0000 | 4883 ec20 | 40f6 c40f 
  0x0000024971f31040: 0f84 1900 | 0000 4883 | ec08 48b8 | a077 5df9 | fe7f 0000 | ffd0 4883 | c408 e90c | 0000 0048 
  0x0000024971f31060: b8a0 775d | f9fe 7f00 | 00ff d048 | 83c4 20ff | e049 837f | 0800 0f84 | 0500 0000 | e97f fefe 
  0x0000024971f31080: ff4c 8b6d | c04c 8b75 | c84e 8d74 | f500 c348 | b9d0 28bc | f9fe 7f00 | 0048 83e4 | f048 b890 
  0x0000024971f310a0: 9583 f9fe | 7f00 00ff | d0f4 448b | 5b28 41f6 | c320 0f84 | fb01 0000 | 488d 55a8 | 4c8b 5a08 
  0x0000024971f310c0: 4d85 db0f | 8572 0100 | 00e8 0500 | 0000 e94d | 0100 0048 | 8d44 2408 | 4c89 6dc0 | 498b cfc5 
  0x0000024971f310e0: f877 4989 | afb0 0300 | 0049 8987 | a003 0000 | 4883 ec20 | 40f6 c40f | 0f84 1900 | 0000 4883 
  0x0000024971f31100: ec08 48b8 | 80e7 5df9 | fe7f 0000 | ffd0 4883 | c408 e90c | 0000 0048 | b880 e75d | f9fe 7f00 
  0x0000024971f31120: 00ff d048 | 83c4 2049 | c787 a003 | 0000 0000 | 0000 49c7 | 87b0 0300 | 0000 0000 | 0049 c787 
  0x0000024971f31140: a803 0000 | 0000 0000 | c5f8 7741 | 8b8f 3405 | 0000 f6c1 | 010f 8442 | 0000 00f6 | c102 0f85 
  0x0000024971f31160: 3900 0000 | 4883 ec20 | 40f6 c40f | 0f84 1900 | 0000 4883 | ec08 48b8 | b077 5df9 | fe7f 0000 
  0x0000024971f31180: ffd0 4883 | c408 e90c | 0000 0048 | b8b0 775d | f9fe 7f00 | 00ff d048 | 83c4 20ff | e049 8b8f 
  0x0000024971f311a0: e005 0000 | 4885 c90f | 8455 0000 | 008b 899c | 0000 0083 | f901 0f85 | 4600 0000 | 498b 8fe0 
  0x0000024971f311c0: 0500 008b | 89a0 0000 | 0048 83ec | 2040 f6c4 | 0f0f 8419 | 0000 0048 | 83ec 0848 | b8a0 775d 
  0x0000024971f311e0: f9fe 7f00 | 00ff d048 | 83c4 08e9 | 0c00 0000 | 48b8 a077 | 5df9 fe7f | 0000 ffd0 | 4883 c420 
  0x0000024971f31200: ffe0 4983 | 7f08 000f | 8405 0000 | 00e9 eefc | feff 4c8b | 6dc0 4c8b | 75c8 4e8d | 74f5 00c3 
  0x0000024971f31220: 48b9 d028 | bcf9 fe7f | 0000 4883 | e4f0 48b8 | 9095 83f9 | fe7f 0000 | ffd0 f44c | 896d c048 
  0x0000024971f31240: 8d02 4c8b | 4a08 48c7 | 4208 0000 | 0000 4c8b | 004d 85c0 | 0f84 0b00 | 0000 f04d | 0fb1 010f 
  0x0000024971f31260: 850c 0000 | 0049 ff8f | 5805 0000 | e93e 0000 | 004c 894a | 0848 8bca | 4883 ec20 | 40f6 c40f 
  0x0000024971f31280: 0f84 1900 | 0000 4883 | ec08 48b8 | 10ba 5df9 | fe7f 0000 | ffd0 4883 | c408 e90c | 0000 0048 
  0x0000024971f312a0: b810 ba5d | f9fe 7f00 | 00ff d048 | 83c4 204c | 8b6d c041 | 8b97 e805 | 0000 85d2 | 0f84 5701 
  0x0000024971f312c0: 0000 e805 | 0000 00e9 | 4d01 0000 | 488d 4424 | 084c 896d | c049 8bcf | c5f8 7749 | 89af b003 
  0x0000024971f312e0: 0000 4989 | 87a0 0300 | 0048 83ec | 2040 f6c4 | 0f0f 8419 | 0000 0048 | 83ec 0848 | b840 c95d 
  0x0000024971f31300: f9fe 7f00 | 00ff d048 | 83c4 08e9 | 0c00 0000 | 48b8 40c9 | 5df9 fe7f | 0000 ffd0 | 4883 c420 
  0x0000024971f31320: 49c7 87a0 | 0300 0000 | 0000 0049 | c787 b003 | 0000 0000 | 0000 49c7 | 87a8 0300 | 0000 0000 
  0x0000024971f31340: 00c5 f877 | 418b 8f34 | 0500 00f6 | c101 0f84 | 4200 0000 | f6c1 020f | 8539 0000 | 0048 83ec 
  0x0000024971f31360: 2040 f6c4 | 0f0f 8419 | 0000 0048 | 83ec 0848 | b8b0 775d | f9fe 7f00 | 00ff d048 | 83c4 08e9 
  0x0000024971f31380: 0c00 0000 | 48b8 b077 | 5df9 fe7f | 0000 ffd0 | 4883 c420 | ffe0 498b | 8fe0 0500 | 0048 85c9 
  0x0000024971f313a0: 0f84 5500 | 0000 8b89 | 9c00 0000 | 83f9 010f | 8546 0000 | 0049 8b8f | e005 0000 | 8b89 a000 
  0x0000024971f313c0: 0000 4883 | ec20 40f6 | c40f 0f84 | 1900 0000 | 4883 ec08 | 48b8 a077 | 5df9 fe7f | 0000 ffd0 
  0x0000024971f313e0: 4883 c408 | e90c 0000 | 0048 b8a0 | 775d f9fe | 7f00 00ff | d048 83c4 | 20ff e049 | 837f 0800 
  0x0000024971f31400: 0f84 0500 | 0000 e9f5 | fafe ff4c | 8b6d c04c | 8b75 c84e | 8d74 f500 | c349 baac | 40e4 f9fe 
  0x0000024971f31420: 7f00 0041 | 803a 000f | 843e 0000 | 0048 8b55 | e849 8bcf | 4883 ec20 | 40f6 c40f | 0f84 1900 
  0x0000024971f31440: 0000 4883 | ec08 48b8 | 00b6 94f9 | fe7f 0000 | ffd0 4883 | c408 e90c | 0000 0048 | b800 b694 
  0x0000024971f31460: f9fe 7f00 | 00ff d048 | 83c4 2048 | 8b04 2448 | 83c4 10c5 | fb10 0424 | 4883 c410 | 4c8b 5d18 
  0x0000024971f31480: 41ff d34c | 8b5d f8c9 | 5f49 8be3 | ffe7 ba00 | 0000 00e8 | 0500 0000 | e94d 0100 | 0048 8d44 
  0x0000024971f314a0: 2408 4c89 | 6dc0 498b | cfc5 f877 | 4989 afb0 | 0300 0049 | 8987 a003 | 0000 4883 | ec20 40f6 
  0x0000024971f314c0: c40f 0f84 | 1900 0000 | 4883 ec08 | 48b8 d0ad | 5df9 fe7f | 0000 ffd0 | 4883 c408 | e90c 0000 
  0x0000024971f314e0: 0048 b8d0 | ad5d f9fe | 7f00 00ff | d048 83c4 | 2049 c787 | a003 0000 | 0000 0000 | 49c7 87b0 
  0x0000024971f31500: 0300 0000 | 0000 0049 | c787 a803 | 0000 0000 | 0000 c5f8 | 7741 8b8f | 3405 0000 | f6c1 010f 
  0x0000024971f31520: 8442 0000 | 00f6 c102 | 0f85 3900 | 0000 4883 | ec20 40f6 | c40f 0f84 | 1900 0000 | 4883 ec08 
  0x0000024971f31540: 48b8 b077 | 5df9 fe7f | 0000 ffd0 | 4883 c408 | e90c 0000 | 0048 b8b0 | 775d f9fe | 7f00 00ff 
  0x0000024971f31560: d048 83c4 | 20ff e049 | 8b8f e005 | 0000 4885 | c90f 8455 | 0000 008b | 899c 0000 | 0083 f901 
  0x0000024971f31580: 0f85 4600 | 0000 498b | 8fe0 0500 | 008b 89a0 | 0000 0048 | 83ec 2040 | f6c4 0f0f | 8419 0000 
  0x0000024971f315a0: 0048 83ec | 0848 b8a0 | 775d f9fe | 7f00 00ff | d048 83c4 | 08e9 0c00 | 0000 48b8 | a077 5df9 
  0x0000024971f315c0: fe7f 0000 | ffd0 4883 | c420 ffe0 | 4983 7f08 | 000f 8405 | 0000 00e9 | 24f9 feff | 4c8b 6dc0 
  0x0000024971f315e0: 4c8b 75c8 | 4e8d 74f5 | 00c3 488b | 5de8 e9fc | eeff ff0f | 1f44 0000 
[/MachCode]

---------------  P R O C E S S  ---------------

Threads class SMR info:
_java_thread_list=0x000002494dde9ec0, length=14, elements={
0x00000249604ea470, 0x000002494d012110, 0x000002494d0131e0, 0x000002494d0192a0,
0x000002494d01d4a0, 0x000002494d01e0b0, 0x000002494d01ef40, 0x000002494d01fe80,
0x000002494d032e00, 0x000002494d1ae600, 0x000002494d234300, 0x000002494d238320,
0x000002494d238b50, 0x000002494d2af070
}

Java Threads: ( => current thread )
=>0x00000249604ea470 JavaThread "main"                              [_thread_in_native, id=8608, stack(0x0000009ff5e00000,0x0000009ff5f00000) (1024K)]
  0x000002494d012110 JavaThread "Reference Handler"          daemon [_thread_blocked, id=19236, stack(0x0000009ff6600000,0x0000009ff6700000) (1024K)]
  0x000002494d0131e0 JavaThread "Finalizer"                  daemon [_thread_blocked, id=12752, stack(0x0000009ff6700000,0x0000009ff6800000) (1024K)]
  0x000002494d0192a0 JavaThread "Signal Dispatcher"          daemon [_thread_blocked, id=6904, stack(0x0000009ff6800000,0x0000009ff6900000) (1024K)]
  0x000002494d01d4a0 JavaThread "Attach Listener"            daemon [_thread_blocked, id=19124, stack(0x0000009ff6900000,0x0000009ff6a00000) (1024K)]
  0x000002494d01e0b0 JavaThread "Service Thread"             daemon [_thread_blocked, id=13488, stack(0x0000009ff6a00000,0x0000009ff6b00000) (1024K)]
  0x000002494d01ef40 JavaThread "Monitor Deflation Thread"   daemon [_thread_blocked, id=3408, stack(0x0000009ff6b00000,0x0000009ff6c00000) (1024K)]
  0x000002494d01fe80 JavaThread "C2 CompilerThread0"         daemon [_thread_blocked, id=9744, stack(0x0000009ff6c00000,0x0000009ff6d00000) (1024K)]
  0x000002494d032e00 JavaThread "C1 CompilerThread0"         daemon [_thread_blocked, id=13848, stack(0x0000009ff6d00000,0x0000009ff6e00000) (1024K)]
  0x000002494d1ae600 JavaThread "Common-Cleaner"             daemon [_thread_blocked, id=19784, stack(0x0000009ff6f00000,0x0000009ff7000000) (1024K)]
  0x000002494d234300 JavaThread "JDWP Transport Listener: dt_socket" daemon [_thread_blocked, id=20928, stack(0x0000009ff7300000,0x0000009ff7400000) (1024K)]
  0x000002494d238320 JavaThread "JDWP Event Helper Thread"   daemon [_thread_blocked, id=7304, stack(0x0000009ff7400000,0x0000009ff7500000) (1024K)]
  0x000002494d238b50 JavaThread "JDWP Command Reader"        daemon [_thread_in_native, id=10876, stack(0x0000009ff7500000,0x0000009ff7600000) (1024K)]
  0x000002494d2af070 JavaThread "Notification Thread"        daemon [_thread_blocked, id=14724, stack(0x0000009ff7600000,0x0000009ff7700000) (1024K)]
Total: 14

Other Threads:
  0x000002497c5f9800 VMThread "VM Thread"                           [id=5636, stack(0x0000009ff6500000,0x0000009ff6600000) (1024K)]
  0x000002497c5e0d70 WatcherThread "VM Periodic Task Thread"        [id=1584, stack(0x0000009ff6400000,0x0000009ff6500000) (1024K)]
  0x00000249627fba80 WorkerThread "GC Thread#0"                     [id=14968, stack(0x0000009ff5f00000,0x0000009ff6000000) (1024K)]
  0x000002494e82d960 WorkerThread "GC Thread#1"                     [id=9840, stack(0x0000009ff7d00000,0x0000009ff7e00000) (1024K)]
  0x000002494e82bbe0 WorkerThread "GC Thread#2"                     [id=5004, stack(0x0000009ff7e00000,0x0000009ff7f00000) (1024K)]
  0x000002494e82e0c0 WorkerThread "GC Thread#3"                     [id=2940, stack(0x0000009ff7f00000,0x0000009ff8000000) (1024K)]
  0x000002494e82c340 WorkerThread "GC Thread#4"                     [id=6424, stack(0x0000009ff8000000,0x0000009ff8100000) (1024K)]
  0x000002494e82a970 WorkerThread "GC Thread#5"                     [id=18284, stack(0x0000009ff8100000,0x0000009ff8200000) (1024K)]
  0x000002494e82c6f0 WorkerThread "GC Thread#6"                     [id=21432, stack(0x0000009ff8200000,0x0000009ff8300000) (1024K)]
  0x000002494e82e470 WorkerThread "GC Thread#7"                     [id=12092, stack(0x0000009ff8300000,0x0000009ff8400000) (1024K)]
  0x000002494e82b480 WorkerThread "GC Thread#8"                     [id=19556, stack(0x0000009ff8400000,0x0000009ff8500000) (1024K)]
  0x000002494e82ad20 WorkerThread "GC Thread#9"                     [id=8136, stack(0x0000009ff8500000,0x0000009ff8600000) (1024K)]
  0x000002494e82b0d0 WorkerThread "GC Thread#10"                    [id=21760, stack(0x0000009ff8600000,0x0000009ff8700000) (1024K)]
  0x000002494e82dd10 WorkerThread "GC Thread#11"                    [id=16980, stack(0x0000009ff8700000,0x0000009ff8800000) (1024K)]
  0x000002496280c770 ConcurrentGCThread "G1 Main Marker"            [id=18040, stack(0x0000009ff6000000,0x0000009ff6100000) (1024K)]
  0x000002496280d930 WorkerThread "G1 Conc#0"                       [id=18428, stack(0x0000009ff6100000,0x0000009ff6200000) (1024K)]
  0x000002497c4ad7b0 ConcurrentGCThread "G1 Refine#0"               [id=2476, stack(0x0000009ff6200000,0x0000009ff6300000) (1024K)]
  0x000002497c4afff0 ConcurrentGCThread "G1 Service"                [id=11816, stack(0x0000009ff6300000,0x0000009ff6400000) (1024K)]
Total: 18

Threads with active compile tasks:
Total: 0

VM state: not at safepoint (normal execution)

VM Mutex/Monitor currently owned by a thread: None

Heap address: 0x0000000605800000, size: 8104 MB, Compressed Oops mode: Zero based, Oop shift amount: 3

CDS archive(s) mapped at: [0x0000024908000000-0x0000024908c50000-0x0000024908c50000), size 12910592, SharedBaseAddress: 0x0000024908000000, ArchiveRelocationMode: 1.
Compressed class space mapped at: 0x0000024909000000-0x0000024949000000, reserved size: 1073741824
Narrow klass base: 0x0000024908000000, Narrow klass shift: 0, Narrow klass range: 0x41000000

GC Precious Log:
 CardTable entry size: 512
 Card Set container configuration: InlinePtr #cards 4 size 8 Array Of Cards #cards 32 size 80 Howl #buckets 8 coarsen threshold 7372 Howl Bitmap #cards 1024 size 144 coarsen threshold 921 Card regions per heap region 1 cards per card region 8192
 CPUs: 16 total, 16 available
 Memory: 32406M
 Large Page Support: Disabled
 NUMA Support: Disabled
 Compressed Oops: Enabled (Zero based)
 Heap Region Size: 4M
 Heap Min Capacity: 8M
 Heap Initial Capacity: 508M
 Heap Max Capacity: 8104M
 Pre-touch: Disabled
 Parallel Workers: 13
 Concurrent Workers: 3
 Concurrent Refinement Workers: 13
 Periodic GC: Disabled

Heap:
 garbage-first heap   total reserved 8298496K, committed 520192K, used 15198K [0x0000000605800000, 0x0000000800000000)
  region size 4096K, 5 young (20480K), 1 survivors (4096K)
 Metaspace       used 3815K, committed 4032K, reserved 1114112K
  class space    used 266K, committed 384K, reserved 1048576K

Heap Regions: E=young(eden), S=young(survivor), O=old, HS=humongous(starts), HC=humongous(continues), CS=collection set, F=free, TAMS=top-at-mark-start, PB=parsable bottom
|   0|0x0000000605800000, 0x0000000605800000, 0x0000000605c00000|  0%| F|  |TAMS 0x0000000605800000| PB 0x0000000605800000| Untracked |  0
|   1|0x0000000605c00000, 0x0000000605c00000, 0x0000000606000000|  0%| F|  |TAMS 0x0000000605c00000| PB 0x0000000605c00000| Untracked |  0
|   2|0x0000000606000000, 0x0000000606000000, 0x0000000606400000|  0%| F|  |TAMS 0x0000000606000000| PB 0x0000000606000000| Untracked |  0
|   3|0x0000000606400000, 0x0000000606400000, 0x0000000606800000|  0%| F|  |TAMS 0x0000000606400000| PB 0x0000000606400000| Untracked |  0
|   4|0x0000000606800000, 0x0000000606800000, 0x0000000606c00000|  0%| F|  |TAMS 0x0000000606800000| PB 0x0000000606800000| Untracked |  0
|   5|0x0000000606c00000, 0x0000000606c00000, 0x0000000607000000|  0%| F|  |TAMS 0x0000000606c00000| PB 0x0000000606c00000| Untracked |  0
|   6|0x0000000607000000, 0x0000000607000000, 0x0000000607400000|  0%| F|  |TAMS 0x0000000607000000| PB 0x0000000607000000| Untracked |  0
|   7|0x0000000607400000, 0x0000000607400000, 0x0000000607800000|  0%| F|  |TAMS 0x0000000607400000| PB 0x0000000607400000| Untracked |  0
|   8|0x0000000607800000, 0x0000000607800000, 0x0000000607c00000|  0%| F|  |TAMS 0x0000000607800000| PB 0x0000000607800000| Untracked |  0
|   9|0x0000000607c00000, 0x0000000607c00000, 0x0000000608000000|  0%| F|  |TAMS 0x0000000607c00000| PB 0x0000000607c00000| Untracked |  0
|  10|0x0000000608000000, 0x0000000608000000, 0x0000000608400000|  0%| F|  |TAMS 0x0000000608000000| PB 0x0000000608000000| Untracked |  0
|  11|0x0000000608400000, 0x0000000608400000, 0x0000000608800000|  0%| F|  |TAMS 0x0000000608400000| PB 0x0000000608400000| Untracked |  0
|  12|0x0000000608800000, 0x0000000608800000, 0x0000000608c00000|  0%| F|  |TAMS 0x0000000608800000| PB 0x0000000608800000| Untracked |  0
|  13|0x0000000608c00000, 0x0000000608c00000, 0x0000000609000000|  0%| F|  |TAMS 0x0000000608c00000| PB 0x0000000608c00000| Untracked |  0
|  14|0x0000000609000000, 0x0000000609000000, 0x0000000609400000|  0%| F|  |TAMS 0x0000000609000000| PB 0x0000000609000000| Untracked |  0
|  15|0x0000000609400000, 0x0000000609400000, 0x0000000609800000|  0%| F|  |TAMS 0x0000000609400000| PB 0x0000000609400000| Untracked |  0
|  16|0x0000000609800000, 0x0000000609800000, 0x0000000609c00000|  0%| F|  |TAMS 0x0000000609800000| PB 0x0000000609800000| Untracked |  0
|  17|0x0000000609c00000, 0x0000000609c00000, 0x000000060a000000|  0%| F|  |TAMS 0x0000000609c00000| PB 0x0000000609c00000| Untracked |  0
|  18|0x000000060a000000, 0x000000060a000000, 0x000000060a400000|  0%| F|  |TAMS 0x000000060a000000| PB 0x000000060a000000| Untracked |  0
|  19|0x000000060a400000, 0x000000060a400000, 0x000000060a800000|  0%| F|  |TAMS 0x000000060a400000| PB 0x000000060a400000| Untracked |  0
|  20|0x000000060a800000, 0x000000060a800000, 0x000000060ac00000|  0%| F|  |TAMS 0x000000060a800000| PB 0x000000060a800000| Untracked |  0
|  21|0x000000060ac00000, 0x000000060ac00000, 0x000000060b000000|  0%| F|  |TAMS 0x000000060ac00000| PB 0x000000060ac00000| Untracked |  0
|  22|0x000000060b000000, 0x000000060b000000, 0x000000060b400000|  0%| F|  |TAMS 0x000000060b000000| PB 0x000000060b000000| Untracked |  0
|  23|0x000000060b400000, 0x000000060b400000, 0x000000060b800000|  0%| F|  |TAMS 0x000000060b400000| PB 0x000000060b400000| Untracked |  0
|  24|0x000000060b800000, 0x000000060b800000, 0x000000060bc00000|  0%| F|  |TAMS 0x000000060b800000| PB 0x000000060b800000| Untracked |  0
|  25|0x000000060bc00000, 0x000000060bc00000, 0x000000060c000000|  0%| F|  |TAMS 0x000000060bc00000| PB 0x000000060bc00000| Untracked |  0
|  26|0x000000060c000000, 0x000000060c000000, 0x000000060c400000|  0%| F|  |TAMS 0x000000060c000000| PB 0x000000060c000000| Untracked |  0
|  27|0x000000060c400000, 0x000000060c400000, 0x000000060c800000|  0%| F|  |TAMS 0x000000060c400000| PB 0x000000060c400000| Untracked |  0
|  28|0x000000060c800000, 0x000000060c800000, 0x000000060cc00000|  0%| F|  |TAMS 0x000000060c800000| PB 0x000000060c800000| Untracked |  0
|  29|0x000000060cc00000, 0x000000060cc00000, 0x000000060d000000|  0%| F|  |TAMS 0x000000060cc00000| PB 0x000000060cc00000| Untracked |  0
|  30|0x000000060d000000, 0x000000060d000000, 0x000000060d400000|  0%| F|  |TAMS 0x000000060d000000| PB 0x000000060d000000| Untracked |  0
|  31|0x000000060d400000, 0x000000060d400000, 0x000000060d800000|  0%| F|  |TAMS 0x000000060d400000| PB 0x000000060d400000| Untracked |  0
|  32|0x000000060d800000, 0x000000060d800000, 0x000000060dc00000|  0%| F|  |TAMS 0x000000060d800000| PB 0x000000060d800000| Untracked |  0
|  33|0x000000060dc00000, 0x000000060dc00000, 0x000000060e000000|  0%| F|  |TAMS 0x000000060dc00000| PB 0x000000060dc00000| Untracked |  0
|  34|0x000000060e000000, 0x000000060e000000, 0x000000060e400000|  0%| F|  |TAMS 0x000000060e000000| PB 0x000000060e000000| Untracked |  0
|  35|0x000000060e400000, 0x000000060e400000, 0x000000060e800000|  0%| F|  |TAMS 0x000000060e400000| PB 0x000000060e400000| Untracked |  0
|  36|0x000000060e800000, 0x000000060e800000, 0x000000060ec00000|  0%| F|  |TAMS 0x000000060e800000| PB 0x000000060e800000| Untracked |  0
|  37|0x000000060ec00000, 0x000000060ec00000, 0x000000060f000000|  0%| F|  |TAMS 0x000000060ec00000| PB 0x000000060ec00000| Untracked |  0
|  38|0x000000060f000000, 0x000000060f000000, 0x000000060f400000|  0%| F|  |TAMS 0x000000060f000000| PB 0x000000060f000000| Untracked |  0
|  39|0x000000060f400000, 0x000000060f400000, 0x000000060f800000|  0%| F|  |TAMS 0x000000060f400000| PB 0x000000060f400000| Untracked |  0
|  40|0x000000060f800000, 0x000000060f800000, 0x000000060fc00000|  0%| F|  |TAMS 0x000000060f800000| PB 0x000000060f800000| Untracked |  0
|  41|0x000000060fc00000, 0x000000060fc00000, 0x0000000610000000|  0%| F|  |TAMS 0x000000060fc00000| PB 0x000000060fc00000| Untracked |  0
|  42|0x0000000610000000, 0x0000000610000000, 0x0000000610400000|  0%| F|  |TAMS 0x0000000610000000| PB 0x0000000610000000| Untracked |  0
|  43|0x0000000610400000, 0x0000000610400000, 0x0000000610800000|  0%| F|  |TAMS 0x0000000610400000| PB 0x0000000610400000| Untracked |  0
|  44|0x0000000610800000, 0x0000000610800000, 0x0000000610c00000|  0%| F|  |TAMS 0x0000000610800000| PB 0x0000000610800000| Untracked |  0
|  45|0x0000000610c00000, 0x0000000610c00000, 0x0000000611000000|  0%| F|  |TAMS 0x0000000610c00000| PB 0x0000000610c00000| Untracked |  0
|  46|0x0000000611000000, 0x0000000611000000, 0x0000000611400000|  0%| F|  |TAMS 0x0000000611000000| PB 0x0000000611000000| Untracked |  0
|  47|0x0000000611400000, 0x0000000611400000, 0x0000000611800000|  0%| F|  |TAMS 0x0000000611400000| PB 0x0000000611400000| Untracked |  0
|  48|0x0000000611800000, 0x0000000611800000, 0x0000000611c00000|  0%| F|  |TAMS 0x0000000611800000| PB 0x0000000611800000| Untracked |  0
|  49|0x0000000611c00000, 0x0000000611c00000, 0x0000000612000000|  0%| F|  |TAMS 0x0000000611c00000| PB 0x0000000611c00000| Untracked |  0
|  50|0x0000000612000000, 0x0000000612000000, 0x0000000612400000|  0%| F|  |TAMS 0x0000000612000000| PB 0x0000000612000000| Untracked |  0
|  51|0x0000000612400000, 0x0000000612400000, 0x0000000612800000|  0%| F|  |TAMS 0x0000000612400000| PB 0x0000000612400000| Untracked |  0
|  52|0x0000000612800000, 0x0000000612800000, 0x0000000612c00000|  0%| F|  |TAMS 0x0000000612800000| PB 0x0000000612800000| Untracked |  0
|  53|0x0000000612c00000, 0x0000000612c00000, 0x0000000613000000|  0%| F|  |TAMS 0x0000000612c00000| PB 0x0000000612c00000| Untracked |  0
|  54|0x0000000613000000, 0x0000000613000000, 0x0000000613400000|  0%| F|  |TAMS 0x0000000613000000| PB 0x0000000613000000| Untracked |  0
|  55|0x0000000613400000, 0x0000000613400000, 0x0000000613800000|  0%| F|  |TAMS 0x0000000613400000| PB 0x0000000613400000| Untracked |  0
|  56|0x0000000613800000, 0x0000000613800000, 0x0000000613c00000|  0%| F|  |TAMS 0x0000000613800000| PB 0x0000000613800000| Untracked |  0
|  57|0x0000000613c00000, 0x0000000613c00000, 0x0000000614000000|  0%| F|  |TAMS 0x0000000613c00000| PB 0x0000000613c00000| Untracked |  0
|  58|0x0000000614000000, 0x0000000614000000, 0x0000000614400000|  0%| F|  |TAMS 0x0000000614000000| PB 0x0000000614000000| Untracked |  0
|  59|0x0000000614400000, 0x0000000614400000, 0x0000000614800000|  0%| F|  |TAMS 0x0000000614400000| PB 0x0000000614400000| Untracked |  0
|  60|0x0000000614800000, 0x0000000614800000, 0x0000000614c00000|  0%| F|  |TAMS 0x0000000614800000| PB 0x0000000614800000| Untracked |  0
|  61|0x0000000614c00000, 0x0000000614c00000, 0x0000000615000000|  0%| F|  |TAMS 0x0000000614c00000| PB 0x0000000614c00000| Untracked |  0
|  62|0x0000000615000000, 0x0000000615000000, 0x0000000615400000|  0%| F|  |TAMS 0x0000000615000000| PB 0x0000000615000000| Untracked |  0
|  63|0x0000000615400000, 0x0000000615400000, 0x0000000615800000|  0%| F|  |TAMS 0x0000000615400000| PB 0x0000000615400000| Untracked |  0
|  64|0x0000000615800000, 0x0000000615800000, 0x0000000615c00000|  0%| F|  |TAMS 0x0000000615800000| PB 0x0000000615800000| Untracked |  0
|  65|0x0000000615c00000, 0x0000000615c00000, 0x0000000616000000|  0%| F|  |TAMS 0x0000000615c00000| PB 0x0000000615c00000| Untracked |  0
|  66|0x0000000616000000, 0x0000000616000000, 0x0000000616400000|  0%| F|  |TAMS 0x0000000616000000| PB 0x0000000616000000| Untracked |  0
|  67|0x0000000616400000, 0x0000000616400000, 0x0000000616800000|  0%| F|  |TAMS 0x0000000616400000| PB 0x0000000616400000| Untracked |  0
|  68|0x0000000616800000, 0x0000000616800000, 0x0000000616c00000|  0%| F|  |TAMS 0x0000000616800000| PB 0x0000000616800000| Untracked |  0
|  69|0x0000000616c00000, 0x0000000616c00000, 0x0000000617000000|  0%| F|  |TAMS 0x0000000616c00000| PB 0x0000000616c00000| Untracked |  0
|  70|0x0000000617000000, 0x0000000617000000, 0x0000000617400000|  0%| F|  |TAMS 0x0000000617000000| PB 0x0000000617000000| Untracked |  0
|  71|0x0000000617400000, 0x0000000617400000, 0x0000000617800000|  0%| F|  |TAMS 0x0000000617400000| PB 0x0000000617400000| Untracked |  0
|  72|0x0000000617800000, 0x0000000617800000, 0x0000000617c00000|  0%| F|  |TAMS 0x0000000617800000| PB 0x0000000617800000| Untracked |  0
|  73|0x0000000617c00000, 0x0000000617c00000, 0x0000000618000000|  0%| F|  |TAMS 0x0000000617c00000| PB 0x0000000617c00000| Untracked |  0
|  74|0x0000000618000000, 0x0000000618000000, 0x0000000618400000|  0%| F|  |TAMS 0x0000000618000000| PB 0x0000000618000000| Untracked |  0
|  75|0x0000000618400000, 0x0000000618400000, 0x0000000618800000|  0%| F|  |TAMS 0x0000000618400000| PB 0x0000000618400000| Untracked |  0
|  76|0x0000000618800000, 0x0000000618800000, 0x0000000618c00000|  0%| F|  |TAMS 0x0000000618800000| PB 0x0000000618800000| Untracked |  0
|  77|0x0000000618c00000, 0x0000000618c00000, 0x0000000619000000|  0%| F|  |TAMS 0x0000000618c00000| PB 0x0000000618c00000| Untracked |  0
|  78|0x0000000619000000, 0x0000000619000000, 0x0000000619400000|  0%| F|  |TAMS 0x0000000619000000| PB 0x0000000619000000| Untracked |  0
|  79|0x0000000619400000, 0x0000000619400000, 0x0000000619800000|  0%| F|  |TAMS 0x0000000619400000| PB 0x0000000619400000| Untracked |  0
|  80|0x0000000619800000, 0x0000000619800000, 0x0000000619c00000|  0%| F|  |TAMS 0x0000000619800000| PB 0x0000000619800000| Untracked |  0
|  81|0x0000000619c00000, 0x0000000619c00000, 0x000000061a000000|  0%| F|  |TAMS 0x0000000619c00000| PB 0x0000000619c00000| Untracked |  0
|  82|0x000000061a000000, 0x000000061a000000, 0x000000061a400000|  0%| F|  |TAMS 0x000000061a000000| PB 0x000000061a000000| Untracked |  0
|  83|0x000000061a400000, 0x000000061a400000, 0x000000061a800000|  0%| F|  |TAMS 0x000000061a400000| PB 0x000000061a400000| Untracked |  0
|  84|0x000000061a800000, 0x000000061a800000, 0x000000061ac00000|  0%| F|  |TAMS 0x000000061a800000| PB 0x000000061a800000| Untracked |  0
|  85|0x000000061ac00000, 0x000000061ac00000, 0x000000061b000000|  0%| F|  |TAMS 0x000000061ac00000| PB 0x000000061ac00000| Untracked |  0
|  86|0x000000061b000000, 0x000000061b000000, 0x000000061b400000|  0%| F|  |TAMS 0x000000061b000000| PB 0x000000061b000000| Untracked |  0
|  87|0x000000061b400000, 0x000000061b400000, 0x000000061b800000|  0%| F|  |TAMS 0x000000061b400000| PB 0x000000061b400000| Untracked |  0
|  88|0x000000061b800000, 0x000000061b800000, 0x000000061bc00000|  0%| F|  |TAMS 0x000000061b800000| PB 0x000000061b800000| Untracked |  0
|  89|0x000000061bc00000, 0x000000061bc00000, 0x000000061c000000|  0%| F|  |TAMS 0x000000061bc00000| PB 0x000000061bc00000| Untracked |  0
|  90|0x000000061c000000, 0x000000061c000000, 0x000000061c400000|  0%| F|  |TAMS 0x000000061c000000| PB 0x000000061c000000| Untracked |  0
|  91|0x000000061c400000, 0x000000061c400000, 0x000000061c800000|  0%| F|  |TAMS 0x000000061c400000| PB 0x000000061c400000| Untracked |  0
|  92|0x000000061c800000, 0x000000061c800000, 0x000000061cc00000|  0%| F|  |TAMS 0x000000061c800000| PB 0x000000061c800000| Untracked |  0
|  93|0x000000061cc00000, 0x000000061cc00000, 0x000000061d000000|  0%| F|  |TAMS 0x000000061cc00000| PB 0x000000061cc00000| Untracked |  0
|  94|0x000000061d000000, 0x000000061d000000, 0x000000061d400000|  0%| F|  |TAMS 0x000000061d000000| PB 0x000000061d000000| Untracked |  0
|  95|0x000000061d400000, 0x000000061d400000, 0x000000061d800000|  0%| F|  |TAMS 0x000000061d400000| PB 0x000000061d400000| Untracked |  0
|  96|0x000000061d800000, 0x000000061d800000, 0x000000061dc00000|  0%| F|  |TAMS 0x000000061d800000| PB 0x000000061d800000| Untracked |  0
|  97|0x000000061dc00000, 0x000000061dc00000, 0x000000061e000000|  0%| F|  |TAMS 0x000000061dc00000| PB 0x000000061dc00000| Untracked |  0
|  98|0x000000061e000000, 0x000000061e000000, 0x000000061e400000|  0%| F|  |TAMS 0x000000061e000000| PB 0x000000061e000000| Untracked |  0
|  99|0x000000061e400000, 0x000000061e400000, 0x000000061e800000|  0%| F|  |TAMS 0x000000061e400000| PB 0x000000061e400000| Untracked |  0
| 100|0x000000061e800000, 0x000000061e800000, 0x000000061ec00000|  0%| F|  |TAMS 0x000000061e800000| PB 0x000000061e800000| Untracked |  0
| 101|0x000000061ec00000, 0x000000061ec00000, 0x000000061f000000|  0%| F|  |TAMS 0x000000061ec00000| PB 0x000000061ec00000| Untracked |  0
| 102|0x000000061f000000, 0x000000061f000000, 0x000000061f400000|  0%| F|  |TAMS 0x000000061f000000| PB 0x000000061f000000| Untracked |  0
| 103|0x000000061f400000, 0x000000061f400000, 0x000000061f800000|  0%| F|  |TAMS 0x000000061f400000| PB 0x000000061f400000| Untracked |  0
| 104|0x000000061f800000, 0x000000061f800000, 0x000000061fc00000|  0%| F|  |TAMS 0x000000061f800000| PB 0x000000061f800000| Untracked |  0
| 105|0x000000061fc00000, 0x000000061fc00000, 0x0000000620000000|  0%| F|  |TAMS 0x000000061fc00000| PB 0x000000061fc00000| Untracked |  0
| 106|0x0000000620000000, 0x0000000620000000, 0x0000000620400000|  0%| F|  |TAMS 0x0000000620000000| PB 0x0000000620000000| Untracked |  0
| 107|0x0000000620400000, 0x0000000620400000, 0x0000000620800000|  0%| F|  |TAMS 0x0000000620400000| PB 0x0000000620400000| Untracked |  0
| 108|0x0000000620800000, 0x0000000620800000, 0x0000000620c00000|  0%| F|  |TAMS 0x0000000620800000| PB 0x0000000620800000| Untracked |  0
| 109|0x0000000620c00000, 0x0000000620c00000, 0x0000000621000000|  0%| F|  |TAMS 0x0000000620c00000| PB 0x0000000620c00000| Untracked |  0
| 110|0x0000000621000000, 0x0000000621000000, 0x0000000621400000|  0%| F|  |TAMS 0x0000000621000000| PB 0x0000000621000000| Untracked |  0
| 111|0x0000000621400000, 0x0000000621400000, 0x0000000621800000|  0%| F|  |TAMS 0x0000000621400000| PB 0x0000000621400000| Untracked |  0
| 112|0x0000000621800000, 0x0000000621800000, 0x0000000621c00000|  0%| F|  |TAMS 0x0000000621800000| PB 0x0000000621800000| Untracked |  0
| 113|0x0000000621c00000, 0x0000000621c00000, 0x0000000622000000|  0%| F|  |TAMS 0x0000000621c00000| PB 0x0000000621c00000| Untracked |  0
| 114|0x0000000622000000, 0x00000006222d7868, 0x0000000622400000| 71%| S|CS|TAMS 0x0000000622000000| PB 0x0000000622000000| Complete |  0
| 115|0x0000000622400000, 0x0000000622400000, 0x0000000622800000|  0%| F|  |TAMS 0x0000000622400000| PB 0x0000000622400000| Untracked |  0
| 116|0x0000000622800000, 0x0000000622800000, 0x0000000622c00000|  0%| F|  |TAMS 0x0000000622800000| PB 0x0000000622800000| Untracked |  0
| 117|0x0000000622c00000, 0x0000000622c00000, 0x0000000623000000|  0%| F|  |TAMS 0x0000000622c00000| PB 0x0000000622c00000| Untracked |  0
| 118|0x0000000623000000, 0x0000000623000000, 0x0000000623400000|  0%| F|  |TAMS 0x0000000623000000| PB 0x0000000623000000| Untracked |  0
| 119|0x0000000623400000, 0x0000000623400000, 0x0000000623800000|  0%| F|  |TAMS 0x0000000623400000| PB 0x0000000623400000| Untracked |  0
| 120|0x0000000623800000, 0x0000000623800000, 0x0000000623c00000|  0%| F|  |TAMS 0x0000000623800000| PB 0x0000000623800000| Untracked |  0
| 121|0x0000000623c00000, 0x0000000623c00000, 0x0000000624000000|  0%| F|  |TAMS 0x0000000623c00000| PB 0x0000000623c00000| Untracked |  0
| 122|0x0000000624000000, 0x0000000624000000, 0x0000000624400000|  0%| F|  |TAMS 0x0000000624000000| PB 0x0000000624000000| Untracked |  0
| 123|0x0000000624400000, 0x00000006244d5438, 0x0000000624800000| 20%| E|  |TAMS 0x0000000624400000| PB 0x0000000624400000| Complete |  0
| 124|0x0000000624800000, 0x0000000624c00000, 0x0000000624c00000|100%| E|CS|TAMS 0x0000000624800000| PB 0x0000000624800000| Complete |  0
| 125|0x0000000624c00000, 0x0000000625000000, 0x0000000625000000|100%| E|CS|TAMS 0x0000000624c00000| PB 0x0000000624c00000| Complete |  0
| 126|0x0000000625000000, 0x0000000625400000, 0x0000000625400000|100%| E|CS|TAMS 0x0000000625000000| PB 0x0000000625000000| Complete |  0

Card table byte_map: [0x000002497b350000,0x000002497c330000] _byte_map_base: 0x0000024978324000

Marking Bits: (CMBitMap*) 0x00000249627fbfa0
 Bits: [0x0000024900000000, 0x0000024907ea0000)

Polling page: 0x0000024960790000

Metaspace:

Usage:
  Non-class:      3.47 MB used.
      Class:    266.15 KB used.
       Both:      3.73 MB used.

Virtual space:
  Non-class space:       64.00 MB reserved,       3.56 MB (  6%) committed,  1 nodes.
      Class space:        1.00 GB reserved,     384.00 KB ( <1%) committed,  1 nodes.
             Both:        1.06 GB reserved,       3.94 MB ( <1%) committed. 

Chunk freelists:
   Non-Class:  10.31 MB
       Class:  15.61 MB
        Both:  25.92 MB

MaxMetaspaceSize: unlimited
CompressedClassSpaceSize: 1.00 GB
Initial GC threshold: 21.00 MB
Current GC threshold: 21.00 MB
CDS: on
 - commit_granule_bytes: 65536.
 - commit_granule_words: 8192.
 - virtual_space_node_default_size: 8388608.
 - enlarge_chunks_in_place: 1.
 - use_allocation_guard: 0.


Internal statistics:

num_allocs_failed_limit: 0.
num_arena_births: 106.
num_arena_deaths: 0.
num_vsnodes_births: 2.
num_vsnodes_deaths: 0.
num_space_committed: 62.
num_space_uncommitted: 0.
num_chunks_returned_to_freelist: 0.
num_chunks_taken_from_freelist: 183.
num_chunk_merges: 0.
num_chunk_splits: 126.
num_chunks_enlarged: 84.
num_inconsistent_stats: 0.

CodeHeap 'non-profiled nmethods': size=119168Kb used=366Kb max_used=366Kb free=118801Kb
 bounds [0x0000024972670000, 0x00000249728e0000, 0x0000024979ad0000]
CodeHeap 'profiled nmethods': size=119104Kb used=1446Kb max_used=1446Kb free=117657Kb
 bounds [0x000002496aad0000, 0x000002496ad40000, 0x0000024971f20000]
CodeHeap 'non-nmethods': size=7488Kb used=2496Kb max_used=4201Kb free=4991Kb
 bounds [0x0000024971f20000, 0x0000024972340000, 0x0000024972670000]
 total_blobs=2034 nmethods=956 adapters=983
 compilation: enabled
              stopped_count=0, restarted_count=0
 full_count=0

Compilation events (20 events):
Event: 0.468 Thread 0x000002494d1b1e80  949       3       java.util.concurrent.locks.ReentrantLock$Sync::tryRelease (51 bytes)
Event: 0.468 Thread 0x000002494d032e00 nmethod 945 0x000002496ac34490 code [0x000002496ac34620, 0x000002496ac34748]
Event: 0.468 Thread 0x000002494d032e00  950       3       java.util.concurrent.locks.ReentrantLock::lock (8 bytes)
Event: 0.468 Thread 0x000002494d032e00 nmethod 950 0x000002496ac34810 code [0x000002496ac349e0, 0x000002496ac34c98]
Event: 0.468 Thread 0x000002494d08ecc0 nmethod 946 0x000002496ac34d90 code [0x000002496ac34f80, 0x000002496ac35378]
Event: 0.468 Thread 0x000002494d032e00  951       3       java.util.concurrent.locks.ReentrantLock$Sync::lock (13 bytes)
Event: 0.468 Thread 0x000002494d08ecc0  947       3       java.util.concurrent.locks.ReentrantLock::unlock (10 bytes)
Event: 0.468 Thread 0x000002494d1b1e80 nmethod 949 0x000002496ac35490 code [0x000002496ac35660, 0x000002496ac35998]
Event: 0.468 Thread 0x000002494d1b15a0 nmethod 948 0x000002496ac35a90 code [0x000002496ac35ca0, 0x000002496ac362b8]
Event: 0.468 Thread 0x000002494d032e00 nmethod 951 0x000002496ac36510 code [0x000002496ac366c0, 0x000002496ac36910]
Event: 0.468 Thread 0x000002494d08ecc0 nmethod 947 0x000002496ac36a10 code [0x000002496ac36be0, 0x000002496ac36ec8]
Event: 0.470 Thread 0x000002494e794360 nmethod 944 0x00000249726c9210 code [0x00000249726c94a0, 0x00000249726ca718]
Event: 2.663 Thread 0x000002494d1b1e80  952   !   3       java.nio.DirectDoubleBufferU::get (33 bytes)
Event: 2.663 Thread 0x000002494d08ecc0  953       3       java.nio.Buffer::nextGetIndex (30 bytes)
Event: 2.663 Thread 0x000002494d1b15a0  954   !   3       jdk.internal.misc.ScopedMemoryAccess::getDouble (16 bytes)
Event: 2.663 Thread 0x000002494d032e00  955   !   3       jdk.internal.misc.ScopedMemoryAccess::getDoubleInternal (34 bytes)
Event: 2.663 Thread 0x000002494d08ecc0 nmethod 953 0x000002496ac37010 code [0x000002496ac371c0, 0x000002496ac37400]
Event: 2.663 Thread 0x000002494d032e00 nmethod 955 0x000002496ac37510 code [0x000002496ac376e0, 0x000002496ac37a28]
Event: 2.663 Thread 0x000002494d1b15a0 nmethod 954 0x000002496ac37c10 code [0x000002496ac37e00, 0x000002496ac38280]
Event: 2.664 Thread 0x000002494d1b1e80 nmethod 952 0x000002496ac38590 code [0x000002496ac38800, 0x000002496ac39288]

GC Heap History (4 events):
Event: 0.466 GC heap before
{Heap before GC invocations=0 (full 0):
 garbage-first heap   total reserved 8298496K, committed 520192K, used 24576K [0x0000000605800000, 0x0000000800000000)
  region size 4096K, 6 young (24576K), 0 survivors (0K)
 Metaspace       used 3805K, committed 4032K, reserved 1114112K
  class space    used 266K, committed 384K, reserved 1048576K
}
Event: 0.468 GC heap after
{Heap after GC invocations=1 (full 0):
 garbage-first heap   total reserved 8298496K, committed 520192K, used 2881K [0x0000000605800000, 0x0000000800000000)
  region size 4096K, 1 young (4096K), 1 survivors (4096K)
 Metaspace       used 3805K, committed 4032K, reserved 1114112K
  class space    used 266K, committed 384K, reserved 1048576K
}
Event: 0.613 GC heap before
{Heap before GC invocations=1 (full 0):
 garbage-first heap   total reserved 8298496K, committed 520192K, used 47937K [0x0000000605800000, 0x0000000800000000)
  region size 4096K, 12 young (49152K), 1 survivors (4096K)
 Metaspace       used 3810K, committed 4032K, reserved 1114112K
  class space    used 266K, committed 384K, reserved 1048576K
}
Event: 0.615 GC heap after
{Heap after GC invocations=2 (full 0):
 garbage-first heap   total reserved 8298496K, committed 520192K, used 2910K [0x0000000605800000, 0x0000000800000000)
  region size 4096K, 1 young (4096K), 1 survivors (4096K)
 Metaspace       used 3810K, committed 4032K, reserved 1114112K
  class space    used 266K, committed 384K, reserved 1048576K
}

Dll operation events (10 events):
Event: 0.015 Loaded shared library C:\Users\drago\.jdks\openjdk-22\bin\java.dll
Event: 0.015 Loaded shared library C:\Users\drago\.jdks\openjdk-22\bin\zip.dll
Event: 0.028 Loaded shared library C:\Users\drago\.jdks\openjdk-22\bin\jsvml.dll
Event: 0.067 Loaded shared library C:\Users\drago\.jdks\openjdk-22\bin\instrument.dll
Event: 0.080 Loaded shared library C:\Users\drago\.jdks\openjdk-22\bin\net.dll
Event: 0.081 Loaded shared library C:\Users\drago\.jdks\openjdk-22\bin\nio.dll
Event: 0.085 Loaded shared library C:\Users\drago\.jdks\openjdk-22\bin\zip.dll
Event: 0.087 Loaded shared library C:\Users\drago\.jdks\openjdk-22\bin\verify.dll
Event: 0.125 Loaded shared library C:\Users\drago\.jdks\openjdk-22\bin\jimage.dll
Event: 0.138 Loaded shared library C:\Users\drago\AppData\Local\Temp\lwjgl_drago\3.3.4+7\x64\lwjgl.dll

Deoptimization events (20 events):
Event: 0.103 Thread 0x00000249604ea470 DEOPT PACKING pc=0x000002496aada0c8 sp=0x0000009ff5efdb10
Event: 0.103 Thread 0x00000249604ea470 DEOPT UNPACKING pc=0x0000024971f788e2 sp=0x0000009ff5efcf78 mode 0
Event: 0.134 Thread 0x00000249604ea470 Uncommon trap: trap_request=0xffffff45 fr.pc=0x000002497268b374 relative=0x0000000000000074
Event: 0.134 Thread 0x00000249604ea470 Uncommon trap: reason=unstable_if action=reinterpret pc=0x000002497268b374 method=java.io.WinNTFileSystem.isSlash(C)Z @ 9 c2
Event: 0.134 Thread 0x00000249604ea470 DEOPT PACKING pc=0x000002497268b374 sp=0x0000009ff5efc9e0
Event: 0.134 Thread 0x00000249604ea470 DEOPT UNPACKING pc=0x0000024971f77da2 sp=0x0000009ff5efc978 mode 2
Event: 0.140 Thread 0x00000249604ea470 Uncommon trap: trap_request=0xffffff45 fr.pc=0x0000024972695450 relative=0x0000000000000050
Event: 0.140 Thread 0x00000249604ea470 Uncommon trap: reason=unstable_if action=reinterpret pc=0x0000024972695450 method=sun.nio.fs.WindowsPathParser.isSlash(C)Z @ 9 c2
Event: 0.140 Thread 0x00000249604ea470 DEOPT PACKING pc=0x0000024972695450 sp=0x0000009ff5efcc80
Event: 0.140 Thread 0x00000249604ea470 DEOPT UNPACKING pc=0x0000024971f77da2 sp=0x0000009ff5efcc18 mode 2
Event: 0.159 Thread 0x00000249604ea470 Uncommon trap: trap_request=0xffffff45 fr.pc=0x0000024972680508 relative=0x0000000000000b48
Event: 0.159 Thread 0x00000249604ea470 Uncommon trap: reason=unstable_if action=reinterpret pc=0x0000024972680508 method=java.util.HashMap.putVal(ILjava/lang/Object;Ljava/lang/Object;ZZ)Ljava/lang/Object; @ 181 c2
Event: 0.159 Thread 0x00000249604ea470 DEOPT PACKING pc=0x0000024972680508 sp=0x0000009ff5efcb10
Event: 0.159 Thread 0x00000249604ea470 DEOPT UNPACKING pc=0x0000024971f77da2 sp=0x0000009ff5efcad0 mode 2
Event: 0.462 Thread 0x00000249604ea470 DEOPT PACKING pc=0x000002496ac33926 sp=0x0000009ff5eff600
Event: 0.462 Thread 0x00000249604ea470 DEOPT UNPACKING pc=0x0000024971f788e2 sp=0x0000009ff5efeb70 mode 0
Event: 0.464 Thread 0x00000249604ea470 DEOPT PACKING pc=0x000002496ac33926 sp=0x0000009ff5eff600
Event: 0.464 Thread 0x00000249604ea470 DEOPT UNPACKING pc=0x0000024971f788e2 sp=0x0000009ff5efeb70 mode 0
Event: 0.469 Thread 0x00000249604ea470 DEOPT PACKING pc=0x000002496ac33926 sp=0x0000009ff5eff600
Event: 0.469 Thread 0x00000249604ea470 DEOPT UNPACKING pc=0x0000024971f788e2 sp=0x0000009ff5efeb70 mode 0

Classes loaded (20 events):
Event: 0.417 Loading class org/apache/commons/math3/util/FastMath$ExpIntTable
Event: 0.417 Loading class org/apache/commons/math3/util/FastMath$ExpIntTable done
Event: 0.418 Loading class org/apache/commons/math3/util/FastMath$ExpFracTable
Event: 0.418 Loading class org/apache/commons/math3/util/FastMath$ExpFracTable done
Event: 0.418 Loading class org/apache/commons/math3/special/Erf
Event: 0.418 Loading class org/apache/commons/math3/special/Erf done
Event: 0.418 Loading class org/apache/commons/math3/special/Gamma
Event: 0.418 Loading class org/apache/commons/math3/special/Gamma done
Event: 0.419 Loading class org/apache/commons/math3/exception/MaxCountExceededException
Event: 0.419 Loading class org/apache/commons/math3/exception/MaxCountExceededException done
Event: 0.419 Loading class org/apache/commons/math3/util/ContinuedFraction
Event: 0.419 Loading class org/apache/commons/math3/util/ContinuedFraction done
Event: 0.419 Loading class org/apache/commons/math3/special/Gamma$1
Event: 0.419 Loading class org/apache/commons/math3/special/Gamma$1 done
Event: 0.419 Loading class org/apache/commons/math3/exception/ConvergenceException
Event: 0.419 Loading class org/apache/commons/math3/exception/ConvergenceException done
Event: 0.419 Loading class org/apache/commons/math3/util/Precision
Event: 0.419 Loading class org/apache/commons/math3/util/Precision done
Event: 0.420 Loading class java/lang/NumberFormatException
Event: 0.420 Loading class java/lang/NumberFormatException done

Classes unloaded (0 events):
No events

Classes redefined (0 events):
No events

Internal exceptions (20 events):
Event: 0.190 Thread 0x00000249604ea470 Exception <a 'sun/nio/fs/WindowsException'{0x0000000624ba1e50}> (0x0000000624ba1e50) 
thrown [s\open\src\hotspot\share\prims\jni.cpp, line 520]
Event: 0.190 Thread 0x00000249604ea470 Exception <a 'sun/nio/fs/WindowsException'{0x0000000624ba2090}> (0x0000000624ba2090) 
thrown [s\open\src\hotspot\share\prims\jni.cpp, line 520]
Event: 0.191 Thread 0x00000249604ea470 Exception <a 'sun/nio/fs/WindowsException'{0x0000000624ba2a28}> (0x0000000624ba2a28) 
thrown [s\open\src\hotspot\share\prims\jni.cpp, line 520]
Event: 0.191 Thread 0x00000249604ea470 Exception <a 'sun/nio/fs/WindowsException'{0x0000000624ba2cf8}> (0x0000000624ba2cf8) 
thrown [s\open\src\hotspot\share\prims\jni.cpp, line 520]
Event: 0.191 Thread 0x00000249604ea470 Exception <a 'sun/nio/fs/WindowsException'{0x0000000624ba3610}> (0x0000000624ba3610) 
thrown [s\open\src\hotspot\share\prims\jni.cpp, line 520]
Event: 0.191 Thread 0x00000249604ea470 Exception <a 'sun/nio/fs/WindowsException'{0x0000000624ba3880}> (0x0000000624ba3880) 
thrown [s\open\src\hotspot\share\prims\jni.cpp, line 520]
Event: 0.191 Thread 0x00000249604ea470 Exception <a 'sun/nio/fs/WindowsException'{0x0000000624ba4258}> (0x0000000624ba4258) 
thrown [s\open\src\hotspot\share\prims\jni.cpp, line 520]
Event: 0.191 Thread 0x00000249604ea470 Exception <a 'sun/nio/fs/WindowsException'{0x0000000624ba4558}> (0x0000000624ba4558) 
thrown [s\open\src\hotspot\share\prims\jni.cpp, line 520]
Event: 0.191 Thread 0x00000249604ea470 Exception <a 'sun/nio/fs/WindowsException'{0x0000000624ba4e48}> (0x0000000624ba4e48) 
thrown [s\open\src\hotspot\share\prims\jni.cpp, line 520]
Event: 0.191 Thread 0x00000249604ea470 Exception <a 'sun/nio/fs/WindowsException'{0x0000000624ba50a0}> (0x0000000624ba50a0) 
thrown [s\open\src\hotspot\share\prims\jni.cpp, line 520]
Event: 0.191 Thread 0x00000249604ea470 Exception <a 'sun/nio/fs/WindowsException'{0x0000000624ba5bb0}> (0x0000000624ba5bb0) 
thrown [s\open\src\hotspot\share\prims\jni.cpp, line 520]
Event: 0.191 Thread 0x00000249604ea470 Exception <a 'sun/nio/fs/WindowsException'{0x0000000624ba5fa0}> (0x0000000624ba5fa0) 
thrown [s\open\src\hotspot\share\prims\jni.cpp, line 520]
Event: 0.191 Thread 0x00000249604ea470 Exception <a 'sun/nio/fs/WindowsException'{0x0000000624ba6870}> (0x0000000624ba6870) 
thrown [s\open\src\hotspot\share\prims\jni.cpp, line 520]
Event: 0.191 Thread 0x00000249604ea470 Exception <a 'sun/nio/fs/WindowsException'{0x0000000624ba6a90}> (0x0000000624ba6a90) 
thrown [s\open\src\hotspot\share\prims\jni.cpp, line 520]
Event: 0.191 Thread 0x00000249604ea470 Exception <a 'sun/nio/fs/WindowsException'{0x0000000624ba7378}> (0x0000000624ba7378) 
thrown [s\open\src\hotspot\share\prims\jni.cpp, line 520]
Event: 0.191 Thread 0x00000249604ea470 Exception <a 'sun/nio/fs/WindowsException'{0x0000000624ba75a8}> (0x0000000624ba75a8) 
thrown [s\open\src\hotspot\share\prims\jni.cpp, line 520]
Event: 0.286 Thread 0x00000249604ea470 Exception <a 'sun/nio/fs/WindowsException'{0x0000000624463f68}> (0x0000000624463f68) 
thrown [s\open\src\hotspot\share\prims\jni.cpp, line 520]
Event: 0.286 Thread 0x00000249604ea470 Exception <a 'sun/nio/fs/WindowsException'{0x0000000624464238}> (0x0000000624464238) 
thrown [s\open\src\hotspot\share\prims\jni.cpp, line 520]
Event: 0.289 Thread 0x00000249604ea470 Exception <a 'sun/nio/fs/WindowsException'{0x0000000624520738}> (0x0000000624520738) 
thrown [s\open\src\hotspot\share\prims\jni.cpp, line 520]
Event: 0.289 Thread 0x00000249604ea470 Exception <a 'sun/nio/fs/WindowsException'{0x0000000624520a08}> (0x0000000624520a08) 
thrown [s\open\src\hotspot\share\prims\jni.cpp, line 520]

ZGC Phase Switch (0 events):
No events

VM Operations (20 events):
Event: 9.518 Executing VM operation: ChangeSingleStep
Event: 9.518 Executing VM operation: ChangeSingleStep done
Event: 9.518 Executing VM operation: ChangeSingleStep
Event: 9.518 Executing VM operation: ChangeSingleStep done
Event: 9.520 Executing VM operation: get/set locals
Event: 9.520 Executing VM operation: get/set locals done
Event: 9.520 Executing VM operation: get/set locals
Event: 9.520 Executing VM operation: get/set locals done
Event: 9.520 Executing VM operation: get/set locals
Event: 9.520 Executing VM operation: get/set locals done
Event: 9.520 Executing VM operation: get/set locals
Event: 9.520 Executing VM operation: get/set locals done
Event: 9.520 Executing VM operation: get/set locals
Event: 9.521 Executing VM operation: get/set locals done
Event: 9.521 Executing VM operation: get/set locals
Event: 9.521 Executing VM operation: get/set locals done
Event: 11.067 Executing VM operation: ChangeSingleStep
Event: 11.067 Executing VM operation: ChangeSingleStep done
Event: 11.067 Executing VM operation: ChangeSingleStep
Event: 11.067 Executing VM operation: ChangeSingleStep done

Events (20 events):
Event: 0.027 Thread 0x000002494d032e00 Thread added: 0x000002494d032e00
Event: 0.030 Thread 0x000002494d08ecc0 Thread added: 0x000002494d08ecc0
Event: 0.047 Thread 0x000002494d1ae600 Thread added: 0x000002494d1ae600
Event: 0.051 Thread 0x000002494d1b15a0 Thread added: 0x000002494d1b15a0
Event: 0.051 Thread 0x000002494d1b1e80 Thread added: 0x000002494d1b1e80
Event: 0.053 Thread 0x000002494d1b38b0 Thread added: 0x000002494d1b38b0
Event: 0.057 Thread 0x000002494d234300 Thread added: 0x000002494d234300
Event: 0.057 Thread 0x000002494d238320 Thread added: 0x000002494d238320
Event: 0.057 Thread 0x000002494d238b50 Thread added: 0x000002494d238b50
Event: 0.073 Thread 0x000002494d2af070 Thread added: 0x000002494d2af070
Event: 0.427 Thread 0x000002494e794360 Thread added: 0x000002494e794360
Event: 0.427 Thread 0x000002494e794e30 Thread added: 0x000002494e794e30
Event: 0.430 Thread 0x000002494e792be0 Thread added: 0x000002494e792be0
Event: 2.663 Thread 0x000002494e792be0 Thread exited: 0x000002494e792be0
Event: 2.663 Thread 0x000002494e794e30 Thread exited: 0x000002494e794e30
Event: 7.674 Thread 0x000002494d1b1e80 Thread exited: 0x000002494d1b1e80
Event: 7.674 Thread 0x000002494d1b15a0 Thread exited: 0x000002494d1b15a0
Event: 7.674 Thread 0x000002494d08ecc0 Thread exited: 0x000002494d08ecc0
Event: 7.674 Thread 0x000002494e794360 Thread exited: 0x000002494e794360
Event: 7.674 Thread 0x000002494d1b38b0 Thread exited: 0x000002494d1b38b0


Dynamic libraries:
0x00007ff7c32c0000 - 0x00007ff7c32ce000 	C:\Users\drago\.jdks\openjdk-22\bin\java.exe
0x00007fff94ad0000 - 0x00007fff94ce7000 	C:\Windows\SYSTEM32\ntdll.dll
0x00007fff93bc0000 - 0x00007fff93c84000 	C:\Windows\System32\KERNEL32.DLL
0x00007fff921d0000 - 0x00007fff9257d000 	C:\Windows\System32\KERNELBASE.dll
0x00007fff926f0000 - 0x00007fff92801000 	C:\Windows\System32\ucrtbase.dll
0x00007fff86e70000 - 0x00007fff86e87000 	C:\Users\drago\.jdks\openjdk-22\bin\jli.dll
0x00007fff86e50000 - 0x00007fff86e6b000 	C:\Users\drago\.jdks\openjdk-22\bin\VCRUNTIME140.dll
0x00007fff93ea0000 - 0x00007fff9404e000 	C:\Windows\System32\USER32.dll
0x00007fff87130000 - 0x00007fff873c3000 	C:\Windows\WinSxS\amd64_microsoft.windows.common-controls_6595b64144ccf1df_6.0.22621.3672_none_2713b9d173822955\COMCTL32.dll
0x00007fff92580000 - 0x00007fff925a6000 	C:\Windows\System32\win32u.dll
0x00007fff93ab0000 - 0x00007fff93b57000 	C:\Windows\System32\msvcrt.dll
0x00007fff94720000 - 0x00007fff94749000 	C:\Windows\System32\GDI32.dll
0x00007fff91e00000 - 0x00007fff91f19000 	C:\Windows\System32\gdi32full.dll
0x00007fff92130000 - 0x00007fff921ca000 	C:\Windows\System32\msvcp_win.dll
0x00007fff92940000 - 0x00007fff92971000 	C:\Windows\System32\IMM32.DLL
0x00007fff8f010000 - 0x00007fff8f01c000 	C:\Users\drago\.jdks\openjdk-22\bin\vcruntime140_1.dll
0x00007fff86dc0000 - 0x00007fff86e4e000 	C:\Users\drago\.jdks\openjdk-22\bin\msvcp140.dll
0x00007ffef9200000 - 0x00007ffef9f48000 	C:\Users\drago\.jdks\openjdk-22\bin\server\jvm.dll
0x00007fff94750000 - 0x00007fff94802000 	C:\Windows\System32\ADVAPI32.dll
0x00007fff94870000 - 0x00007fff94919000 	C:\Windows\System32\sechost.dll
0x00007fff91f90000 - 0x00007fff91fb8000 	C:\Windows\System32\bcrypt.dll
0x00007fff93990000 - 0x00007fff93aa4000 	C:\Windows\System32\RPCRT4.dll
0x00007fff93d20000 - 0x00007fff93d91000 	C:\Windows\System32\WS2_32.dll
0x00007fff90fe0000 - 0x00007fff9102d000 	C:\Windows\SYSTEM32\POWRPROF.dll
0x00007fff8a900000 - 0x00007fff8a90a000 	C:\Windows\SYSTEM32\VERSION.dll
0x00007fff84700000 - 0x00007fff84734000 	C:\Windows\SYSTEM32\WINMM.dll
0x00007fff90fc0000 - 0x00007fff90fd3000 	C:\Windows\SYSTEM32\UMPDC.dll
0x00007fff90e60000 - 0x00007fff90e78000 	C:\Windows\SYSTEM32\kernel.appcore.dll
0x00007fff8ed60000 - 0x00007fff8ed6a000 	C:\Users\drago\.jdks\openjdk-22\bin\jimage.dll
0x00007fff88e30000 - 0x00007fff89062000 	C:\Windows\SYSTEM32\DBGHELP.DLL
0x00007fff92a00000 - 0x00007fff92d88000 	C:\Windows\System32\combase.dll
0x00007fff92860000 - 0x00007fff92937000 	C:\Windows\System32\OLEAUT32.dll
0x00007fff80000000 - 0x00007fff80032000 	C:\Windows\SYSTEM32\dbgcore.DLL
0x00007fff92670000 - 0x00007fff926eb000 	C:\Windows\System32\bcryptPrimitives.dll
0x00007fff85f10000 - 0x00007fff85f4c000 	C:\Users\drago\.jdks\openjdk-22\bin\jdwp.dll
0x00007fff86c10000 - 0x00007fff86c1f000 	C:\Users\drago\.jdks\openjdk-22\bin\instrument.dll
0x00007fff86da0000 - 0x00007fff86dbe000 	C:\Users\drago\.jdks\openjdk-22\bin\java.dll
0x00007fff92ed0000 - 0x00007fff9372f000 	C:\Windows\System32\SHELL32.dll
0x00007fff937e0000 - 0x00007fff93985000 	C:\Windows\System32\ole32.dll
0x00007fff86d60000 - 0x00007fff86d77000 	C:\Users\drago\.jdks\openjdk-22\bin\zip.dll
0x00007fff8fd00000 - 0x00007fff905fc000 	C:\Windows\SYSTEM32\windows.storage.dll
0x00007fff8fbc0000 - 0x00007fff8fcff000 	C:\Windows\SYSTEM32\wintypes.dll
0x00007fff92dd0000 - 0x00007fff92ec4000 	C:\Windows\System32\SHCORE.dll
0x00007fff93cc0000 - 0x00007fff93d1e000 	C:\Windows\System32\shlwapi.dll
0x00007fff91d30000 - 0x00007fff91d51000 	C:\Windows\SYSTEM32\profapi.dll
0x00007fff72f20000 - 0x00007fff72ff7000 	C:\Users\drago\.jdks\openjdk-22\bin\jsvml.dll
0x00007fff73dd0000 - 0x00007fff73ddc000 	C:\Users\drago\.jdks\openjdk-22\bin\dt_socket.dll
0x00007fff908a0000 - 0x00007fff908cd000 	C:\Windows\SYSTEM32\IPHLPAPI.DLL
0x00007fff91350000 - 0x00007fff913b9000 	C:\Windows\system32\mswsock.dll
0x00007fff8dbb0000 - 0x00007fff8dbc0000 	C:\Users\drago\.jdks\openjdk-22\bin\net.dll
0x00007fff86d80000 - 0x00007fff86d96000 	C:\Users\drago\.jdks\openjdk-22\bin\nio.dll
0x00007fff77560000 - 0x00007fff77570000 	C:\Users\drago\.jdks\openjdk-22\bin\verify.dll
0x00007fff63de0000 - 0x00007fff63e5b000 	C:\Users\drago\AppData\Local\Temp\lwjgl_drago\3.3.4+7\x64\lwjgl.dll
0x00007ffef4410000 - 0x00007ffef6c2f000 	C:\Program Files\NVIDIA GPU Computing Toolkit\CUDA\v12.0\bin\nvrtc64_120_0.dll
0x00007fff2ad20000 - 0x00007fff2b3ce000 	C:\Program Files\NVIDIA GPU Computing Toolkit\CUDA\v12.0\bin\nvrtc-builtins64_120.dll
0x00007fff5f570000 - 0x00007fff5f8fe000 	C:\Windows\SYSTEM32\nvcuda.dll
0x00007fff8f3f0000 - 0x00007fff8f429000 	C:\Windows\SYSTEM32\dxcore.dll
0x00007ffef87f0000 - 0x00007ffef91ff000 	C:\Windows\system32\DriverStore\FileRepository\nv_dispig.inf_amd64_3ebbea8954b2ad86\nvcuda64.dll
0x00007fff91a90000 - 0x00007fff91aa2000 	C:\Windows\SYSTEM32\msasn1.dll
0x00007fff8a8c0000 - 0x00007fff8a8f2000 	C:\Windows\SYSTEM32\cryptnet.dll
0x00007fff91fc0000 - 0x00007fff92127000 	C:\Windows\System32\CRYPT32.dll
0x00007fff89160000 - 0x00007fff892b8000 	C:\Windows\SYSTEM32\drvstore.dll
0x00007fff91ab0000 - 0x00007fff91adc000 	C:\Windows\SYSTEM32\devobj.dll
0x00007fff91ae0000 - 0x00007fff91b2e000 	C:\Windows\SYSTEM32\CFGMGR32.dll
0x00007fff916a0000 - 0x00007fff916e9000 	C:\Windows\SYSTEM32\wldp.dll
0x00007fff915d0000 - 0x00007fff915dc000 	C:\Windows\SYSTEM32\cryptbase.dll
0x00007fff83e50000 - 0x00007fff84514000 	C:\Windows\SYSTEM32\nvapi64.dll
0x00007fff940e0000 - 0x00007fff94554000 	C:\Windows\System32\SETUPAPI.dll

dbghelp: loaded successfully - version: 4.0.5 - missing functions: none
symbol engine: initialized successfully - sym options: 0x614 - pdb path: .;C:\Users\drago\.jdks\openjdk-22\bin;C:\Windows\SYSTEM32;C:\Windows\WinSxS\amd64_microsoft.windows.common-controls_6595b64144ccf1df_6.0.22621.3672_none_2713b9d173822955;C:\Users\drago\.jdks\openjdk-22\bin\server;C:\Users\drago\AppData\Local\Temp\lwjgl_drago\3.3.4+7\x64;C:\Program Files\NVIDIA GPU Computing Toolkit\CUDA\v12.0\bin;C:\Windows\system32\DriverStore\FileRepository\nv_dispig.inf_amd64_3ebbea8954b2ad86

VM Arguments:
jvm_args: -agentlib:jdwp=transport=dt_socket,address=127.0.0.1:3317,suspend=y,server=n -javaagent:C:\Users\drago\AppData\Local\JetBrains\IdeaIC2024.1\captureAgent\debugger-agent.jar -Dfile.encoding=UTF-8 -Dsun.stdout.encoding=UTF-8 -Dsun.stderr.encoding=UTF-8 
java_command: benchmark.BenchMarkingTest
java_class_path (initial): D:\Dev\jcuda-samples\target\classes;C:\Users\drago\.m2\repository\org\apache\commons\commons-math3\3.6.1\commons-math3-3.6.1.jar;C:\Users\drago\.m2\repository\org\jcuda\jcuda\12.0.0\jcuda-12.0.0.jar;C:\Users\drago\.m2\repository\org\jcuda\jcuda-natives\12.0.0\jcuda-natives-12.0.0-windows-x86_64.jar;C:\Users\drago\.m2\repository\org\jcuda\jcublas\12.0.0\jcublas-12.0.0.jar;C:\Users\drago\.m2\repository\org\jcuda\jcublas-natives\12.0.0\jcublas-natives-12.0.0-windows-x86_64.jar;C:\Users\drago\.m2\repository\org\jcuda\jcufft\12.0.0\jcufft-12.0.0.jar;C:\Users\drago\.m2\repository\org\jcuda\jcufft-natives\12.0.0\jcufft-natives-12.0.0-windows-x86_64.jar;C:\Users\drago\.m2\repository\org\jcuda\jcurand\12.0.0\jcurand-12.0.0.jar;C:\Users\drago\.m2\repository\org\jcuda\jcurand-natives\12.0.0\jcurand-natives-12.0.0-windows-x86_64.jar;C:\Users\drago\.m2\repository\org\jcuda\jcusparse\12.0.0\jcusparse-12.0.0.jar;C:\Users\drago\.m2\repository\org\jcuda\jcusparse-natives\12.0.0\jcusparse-natives-12.0.0-windows-x86_64.jar;C:\Users\drago\.m2\repository\org\jcuda\jcusolver\12.0.0\jcusolver-12.0.0.jar;C:\Users\drago\.m2\repository\org\jcuda\jcusolver-natives\12.0.0\jcusolver-natives-12.0.0-windows-x86_64.jar;C:\Users\drago\.m2\repository\org\jcuda\jcudnn\12.0.0\jcudnn-12.0.0.jar;C:\Users\drago\.m2\repository\org\jcuda\jcudnn-natives\12.0.0\jcudnn-natives-12.0.0-windows-x86_64.jar;C:\Users\drago\.m2\repository\org\jcuda\jcuda-vec\0.0.2\jcuda-vec-0.0.2.jar;C:\Users\drago\.m2\repository\de\javagl\matrixmarketreader\0.0.1-SNAPSHOT\matrixmarketreader-0.0.1-SNAPSHOT.jar;C:\Users\drago\.m2\repository\org\jcuda\jcuda-matrix-utils\0.0.1-SNAPSHOT\jcuda-matrix-utils-0.0.1-SNAPSHOT.jar;C:\Users\drago\.m2\repository\com\github\wendykierp\JTransforms\3.1\JTransforms-3.1-with-dependencies.jar;C:\Users\drago\.m2\repository\pl\edu\icm\JLargeArrays\1.5\JLargeArrays-1.5.jar;C:\Users\drago\.m2\repository\org\jogamp\gluegen\gluegen-rt-main\2.3.2\gluegen-rt-main-2.3.2.jar;C:\Users\drago\.m2\repository\org\jogamp\gluegen\gluegen-rt\2.3.2\gluegen-rt-2.3.2.jar;C:\Users\drago\.m2\repository\org\jogamp\gluegen\gluegen-rt\2.3.2\gluegen-rt-2.3.2-natives-android-aarch64.jar;C:\Users\drago\.m2\repository\org\jogamp\gluegen\gluegen-rt\2.3.2\gluegen-rt-2.3.2-natives-android-armv6.jar;C:\Users\drago\.m2\repository\org\jogamp\gluegen\gluegen-rt\2.3.2\gluegen-rt-2.3.2-natives-linux-amd64.jar;C:\Users\drago\.m2\repository\org\jogamp\gluegen\gluegen-rt\2.3.2\gluegen-rt-2.3.2-natives-linux-armv6.jar;C:\Users\drago\.m2\repository\org\jogamp\gluegen\gluegen-rt\2.3.2\gluegen-rt-2.3.2-natives-linux-armv6hf.jar;C:\Users\drago\.m2\repository\org\jogamp\gluegen\gluegen-rt\2.3.2\gluegen-rt-2.3.2-natives-linux-i586.jar;C:\Users\drago\.m2\repository\org\jogamp\gluegen\gluegen-rt\2.3.2\gluegen-rt-2.3.2-natives-macosx-universal.jar;C:\Users\drago\.m2\repository\org\jogamp\gluegen\gluegen-rt\2.3.2\gluegen-rt-2.3.2-natives-solaris-amd64.jar;C:\Users\drago\.m2\repository\org\jogamp\gluegen\gluegen-rt\2.3.2\gluegen-rt-2.3.2-natives-solaris-i586.jar;C:\Users\drago\.m2\repository\org\jogamp\gluegen\gluegen-rt\2.3.2\gluegen-rt-2.3.2-natives-windows-amd64.jar;C:\Users\drago\.m2\repository\org\jogamp\gluegen\gluegen-rt\2.3.2\gluegen-rt-2.3.2-natives-windows-i586.jar;C:\Users\drago\.m2\repository\org\jogamp\jogl\jogl-all-main\2.3.2\jogl-all-main-2.3.2.jar;C:\Users\drago\.m2\repository\org\jogamp\jogl\jogl-all\2.3.2\jogl-all-2.3.2.jar;C:\Users\drago\.m2\repository\org\jogamp\jogl\jogl-all\2.3.2\jogl-all-2.3.2-natives-android-aarch64.jar;C:\Users\drago\.m2\repository\org\jogamp\jogl\jogl-all\2.3.2\jogl-all-2.3.2-natives-android-armv6.jar;C:\Users\drago\.m2\repository\org\jogamp\jogl\jogl-all\2.3.2\jogl-all-2.3.2-natives-linux-amd64.jar;C:\Users\drago\.m2\repository\org\jogamp\jogl\jogl-all\2.3.2\jogl-all-2.3.2-natives-linux-armv6.jar;C:\Users\drago\.m2\repository\org\jogamp\jogl\jogl-all\2.3.2\jogl-all-2.3.2-natives-linux-armv6hf.jar;C:\Users\drago\.m2\repository\org\jogamp\jogl\jogl-all\2.3.2\jogl-all-2.3.2-natives-linux-i586.jar;C:\Users\drago\.m2\repository\org\jogamp\jogl\jogl-all\2.3.2\jogl-all-2.3.2-natives-macosx-universal.jar;C:\Users\drago\.m2\repository\org\jogamp\jogl\jogl-all\2.3.2\jogl-all-2.3.2-natives-solaris-amd64.jar;C:\Users\drago\.m2\repository\org\jogamp\jogl\jogl-all\2.3.2\jogl-all-2.3.2-natives-solaris-i586.jar;C:\Users\drago\.m2\repository\org\jogamp\jogl\jogl-all\2.3.2\jogl-all-2.3.2-natives-windows-amd64.jar;C:\Users\drago\.m2\repository\org\jogamp\jogl\jogl-all\2.3.2\jogl-all-2.3.2-natives-windows-i586.jar;C:\Users\drago\.m2\repository\org\lwjgl\lwjgl\3.3.4\lwjgl-3.3.4.jar;C:\Users\drago\.m2\repository\org\lwjgl\lwjgl-cuda\3.3.4\lwjgl-cuda-3.3.4.jar;C:\Users\drago\.m2\repository\org\lwjgl\lwjgl-opengl\3.3.4\lwjgl-opengl-3.3.4.jar;C:\Users\drago\.m2\repository\org\lwjgl\lwjgl\3.3.4\lwjgl-3.3.4-natives-windows.jar;C:\Users\drago\.m2\repository\org\lwjgl\lwjgl-opengl\3.3.4\lwjgl-opengl-3.3.4-natives-windows.jar;C:\Program Files\JetBrains\IntelliJ IDEA Community Edition 2024.1\lib\idea_rt.jar
Launcher Type: SUN_STANDARD

[Global flags]
     intx CICompilerCount                          = 12                                        {product} {ergonomic}
     uint ConcGCThreads                            = 3                                         {product} {ergonomic}
     uint G1ConcRefinementThreads                  = 13                                        {product} {ergonomic}
   size_t G1HeapRegionSize                         = 4194304                                   {product} {ergonomic}
   size_t InitialHeapSize                          = 532676608                                 {product} {ergonomic}
   size_t MarkStackSize                            = 4194304                                   {product} {ergonomic}
   size_t MaxHeapSize                              = 8497659904                                {product} {ergonomic}
   size_t MaxNewSize                               = 5096079360                                {product} {ergonomic}
   size_t MinHeapDeltaBytes                        = 4194304                                   {product} {ergonomic}
   size_t MinHeapSize                              = 8388608                                   {product} {ergonomic}
    uintx NonNMethodCodeHeapSize                   = 7602480                                {pd product} {ergonomic}
    uintx NonProfiledCodeHeapSize                  = 122027880                              {pd product} {ergonomic}
    uintx ProfiledCodeHeapSize                     = 122027880                              {pd product} {ergonomic}
    uintx ReservedCodeCacheSize                    = 251658240                              {pd product} {ergonomic}
     bool SegmentedCodeCache                       = true                                      {product} {ergonomic}
   size_t SoftMaxHeapSize                          = 8497659904                             {manageable} {ergonomic}
     bool UseCompressedOops                        = true                           {product lp64_product} {ergonomic}
     bool UseG1GC                                  = true                                      {product} {ergonomic}
     bool UseLargePagesIndividualAllocation        = false                                  {pd product} {ergonomic}

Logging:
Log output configuration:
 #0: stdout all=warning uptime,level,tags foldmultilines=false
 #1: stderr all=off uptime,level,tags foldmultilines=false

Environment Variables:
PATH=C:\Program Files\NVIDIA GPU Computing Toolkit\CUDA\v12.0\bin;C:\Program Files\NVIDIA GPU Computing Toolkit\CUDA\v12.0\libnvvp;C:\Program Files\Zulu\zulu-21\bin\;C:\Windows\system32;C:\Windows;C:\Windows\System32\Wbem;C:\Windows\System32\WindowsPowerShell\v1.0\;C:\Windows\System32\OpenSSH\;C:\Program Files (x86)\NVIDIA Corporation\PhysX\Common;C:\Program Files\NVIDIA Corporation\NVIDIA NvDLISR;C:\Program Files\Git\cmd;C:\Program Files\nodejs\;C:\Program Files\dotnet\;C:\Users\Temp Admin\AppData\Roaming\npm;C:\Program Files\NVIDIA Corporation\Nsight Compute 2022.4.0\;C:\Users\drago\.cargo\bin;C:\Users\drago\AppData\Local\Microsoft\WindowsApps;C:\Users\drago\AppData\Roaming\npm;C:\Users\drago\AppData\Local\Programs\Microsoft VS Code\bin;C:\Program Files\Graphviz\bin;C:\Program Files\Microsoft Visual Studio\2022\Community\VC\Tools\MSVC\14.39.33519\bin\Hostx64\x64;
USERNAME=drago
OS=Windows_NT
PROCESSOR_IDENTIFIER=AMD64 Family 25 Model 97 Stepping 2, AuthenticAMD
TMP=C:\Users\drago\AppData\Local\Temp
TEMP=C:\Users\drago\AppData\Local\Temp




Periodic native trim disabled

---------------  S Y S T E M  ---------------

OS:
 Windows 11 , 64 bit Build 22621 (10.0.22621.3672)
OS uptime: 0 days 10:36 hours
Hyper-V role detected

CPU: total 16 (initial active 16) (16 cores per cpu, 2 threads per core) family 25 model 97 stepping 2 microcode 0x0, cx8, cmov, fxsr, ht, mmx, 3dnowpref, sse, sse2, sse3, ssse3, sse4a, sse4.1, sse4.2, popcnt, lzcnt, tsc, tscinvbit, avx, avx2, aes, erms, clmul, bmi1, bmi2, adx, avx512f, avx512dq, avx512cd, avx512bw, avx512vl, sha, fma, vzeroupper, avx512_vpopcntdq, avx512_vpclmulqdq, avx512_vaes, avx512_vnni, clflush, clflushopt, avx512_vbmi2, avx512_vbmi, hv, rdtscp, rdpid, fsrm, gfni, avx512_bitalg, f16c, cet_ss, avx512_ifma
Processor Information for all 16 processors :
  Max Mhz: 4201, Current Mhz: 4201, Mhz Limit: 4201

Memory: 4k page, system-wide physical 32406M (20283M free)
TotalPageFile size 34454M (AvailPageFile size 20878M)
current process WorkingSet (physical memory assigned to process): 136M, peak: 221M
current process commit charge ("private bytes"): 634M, peak: 973M

vm_info: OpenJDK 64-Bit Server VM (22+36-2370) for windows-amd64 JRE (22+36-2370), built on 2024-02-15T22:15:19Z by "mach5one" with MS VC++ 17.6 (VS2022)

END.
